2020-11-14 21:27:31,512:INFO:PyCaret Supervised Module
2020-11-14 21:27:31,512:INFO:ML Usecase: classification
2020-11-14 21:27:31,512:INFO:version 2.2.0
2020-11-14 21:27:31,512:INFO:Initializing setup()
2020-11-14 21:27:31,512:INFO:setup(target=loan_status, ml_usecase=classification, available_plots={'parameter': 'Hyperparameters', 'auc': 'AUC', 'confusion_matrix': 'Confusion Matrix', 'threshold': 'Threshold', 'pr': 'Precision Recall', 'error': 'Prediction Error', 'class_report': 'Class Report', 'rfe': 'Feature Selection', 'learning': 'Learning Curve', 'manifold': 'Manifold Learning', 'calibration': 'Calibration Curve', 'vc': 'Validation Curve', 'dimension': 'Dimensions', 'feature': 'Feature Importance', 'feature_all': 'Feature Importance (All)', 'boundary': 'Decision Boundary', 'lift': 'Lift Chart', 'gain': 'Gain Chart', 'tree': 'Decision Tree'}, train_size=0.7, test_data=None, preprocess=True, imputation_type=simple, iterative_imputation_iters=5, categorical_features=None, categorical_imputation=constant, categorical_iterative_imputer=lightgbm, ordinal_features=None, high_cardinality_features=None, high_cardinality_method=frequency, numeric_features=None, numeric_imputation=mean, numeric_iterative_imputer=lightgbm, date_features=None, ignore_features=None, normalize=False, normalize_method=zscore, transformation=False, transformation_method=yeo-johnson, handle_unknown_categorical=True, unknown_categorical_method=least_frequent, pca=False, pca_method=linear, pca_components=None, ignore_low_variance=False, combine_rare_levels=False, rare_level_threshold=0.1, bin_numeric_features=None, remove_outliers=False, outliers_threshold=0.05, remove_multicollinearity=False, multicollinearity_threshold=0.9, remove_perfect_collinearity=True, create_clusters=False, cluster_iter=20, polynomial_features=False, polynomial_degree=2, trigonometry_features=False, polynomial_threshold=0.1, group_features=None, group_names=None, feature_selection=False, feature_selection_threshold=0.8, feature_selection_method=classic, feature_interaction=False, feature_ratio=False, interaction_threshold=0.01, fix_imbalance=False, fix_imbalance_method=None, transform_target=False, transform_target_method=box-cox, data_split_shuffle=True, data_split_stratify=False, fold_strategy=stratifiedkfold, fold=10, fold_shuffle=False, fold_groups=None, n_jobs=-1, use_gpu=False, custom_pipeline=None, html=True, session_id=1234, log_experiment=False, experiment_name=None, log_plots=False, log_profile=False, log_data=False, silent=False, verbose=True, profile=False, display=None)
2020-11-14 21:27:31,512:INFO:Checking environment
2020-11-14 21:27:31,512:INFO:python_version: 3.8.3
2020-11-14 21:27:31,512:INFO:python_build: ('default', 'Jul  2 2020 17:30:36')
2020-11-14 21:27:31,512:INFO:machine: AMD64
2020-11-14 21:27:31,512:INFO:platform: Windows-10-10.0.18362-SP0
2020-11-14 21:27:31,512:INFO:Memory: svmem(total=17056563200, available=11794898944, percent=30.8, used=5261664256, free=11794898944)
2020-11-14 21:27:31,512:INFO:Physical Core: 2
2020-11-14 21:27:31,512:INFO:Logical Core: 4
2020-11-14 21:27:31,512:INFO:Checking libraries
2020-11-14 21:27:31,512:INFO:pd==1.1.2
2020-11-14 21:27:31,512:INFO:numpy==1.19.2
2020-11-14 21:27:31,512:INFO:sklearn==0.23.2
2020-11-14 21:27:32,345:INFO:xgboost==1.1.1
2020-11-14 21:27:32,345:INFO:lightgbm==2.3.1
2020-11-14 21:27:32,530:INFO:catboost==0.24
2020-11-14 21:27:34,160:INFO:mlflow==1.10.0
2020-11-14 21:27:34,160:INFO:Checking Exceptions
2020-11-14 21:27:34,160:INFO:Declaring global variables
2020-11-14 21:27:34,160:INFO:USI: 4124
2020-11-14 21:27:34,161:INFO:pycaret_globals: {'n_jobs_param', 'fix_imbalance_param', '_ml_usecase', 'html_param', '_all_metrics', 'gpu_param', 'imputation_classifier', 'log_plots_param', 'transform_target_method_param', '_available_plots', 'logging_param', 'y_test', 'X_test', '_all_models', 'y', 'fold_groups_param', 'imputation_regressor', 'target_param', 'master_model_container', 'pycaret_globals', 'data_before_preprocess', 'X_train', 'fold_shuffle_param', 'fold_generator', 'create_model_container', 'X', '_internal_pipeline', 'iterative_imputation_iters_param', 'fix_imbalance_method_param', 'experiment__', 'display_container', '_gpu_n_jobs_param', 'y_train', 'seed', 'prep_pipe', 'exp_name_log', '_all_models_internal', 'USI', 'stratify_param', 'fold_param', 'transform_target_param'}
2020-11-14 21:27:34,161:INFO:Preparing display monitor
2020-11-14 21:27:34,161:INFO:Preparing display monitor
2020-11-14 21:27:34,177:INFO:Importing libraries
2020-11-14 21:27:34,177:INFO:Copying data for preprocessing
2020-11-14 21:27:34,189:INFO:Declaring preprocessing parameters
2020-11-14 21:27:34,191:INFO:Creating preprocessing pipeline
2020-11-14 21:27:34,198:INFO:Preprocessing pipeline created successfully
2020-11-14 21:27:34,199:ERROR:(Process Exit): setup has been interupted with user command 'quit'. setup must rerun.
2020-11-14 21:27:34,199:INFO:Creating global containers
2020-11-14 21:27:34,202:INFO:Internal pipeline: Pipeline(memory=None, steps=[('empty_step', 'passthrough')], verbose=False)
2020-11-14 21:30:35,938:INFO:PyCaret Supervised Module
2020-11-14 21:30:35,938:INFO:ML Usecase: classification
2020-11-14 21:30:35,938:INFO:version 2.2.0
2020-11-14 21:30:35,938:INFO:Initializing setup()
2020-11-14 21:30:35,938:INFO:setup(target=loan_status, ml_usecase=classification, available_plots={'parameter': 'Hyperparameters', 'auc': 'AUC', 'confusion_matrix': 'Confusion Matrix', 'threshold': 'Threshold', 'pr': 'Precision Recall', 'error': 'Prediction Error', 'class_report': 'Class Report', 'rfe': 'Feature Selection', 'learning': 'Learning Curve', 'manifold': 'Manifold Learning', 'calibration': 'Calibration Curve', 'vc': 'Validation Curve', 'dimension': 'Dimensions', 'feature': 'Feature Importance', 'feature_all': 'Feature Importance (All)', 'boundary': 'Decision Boundary', 'lift': 'Lift Chart', 'gain': 'Gain Chart', 'tree': 'Decision Tree'}, train_size=0.8, test_data=None, preprocess=True, imputation_type=simple, iterative_imputation_iters=5, categorical_features=None, categorical_imputation=constant, categorical_iterative_imputer=lightgbm, ordinal_features=None, high_cardinality_features=None, high_cardinality_method=frequency, numeric_features=None, numeric_imputation=mean, numeric_iterative_imputer=lightgbm, date_features=None, ignore_features=None, normalize=False, normalize_method=zscore, transformation=False, transformation_method=yeo-johnson, handle_unknown_categorical=True, unknown_categorical_method=least_frequent, pca=False, pca_method=linear, pca_components=None, ignore_low_variance=False, combine_rare_levels=False, rare_level_threshold=0.1, bin_numeric_features=None, remove_outliers=False, outliers_threshold=0.05, remove_multicollinearity=False, multicollinearity_threshold=0.9, remove_perfect_collinearity=True, create_clusters=False, cluster_iter=20, polynomial_features=False, polynomial_degree=2, trigonometry_features=False, polynomial_threshold=0.1, group_features=None, group_names=None, feature_selection=False, feature_selection_threshold=0.8, feature_selection_method=classic, feature_interaction=False, feature_ratio=False, interaction_threshold=0.01, fix_imbalance=False, fix_imbalance_method=None, transform_target=False, transform_target_method=box-cox, data_split_shuffle=True, data_split_stratify=False, fold_strategy=stratifiedkfold, fold=10, fold_shuffle=False, fold_groups=None, n_jobs=-1, use_gpu=False, custom_pipeline=None, html=True, session_id=1234, log_experiment=False, experiment_name=None, log_plots=False, log_profile=False, log_data=False, silent=False, verbose=True, profile=False, display=None)
2020-11-14 21:30:35,938:INFO:Checking environment
2020-11-14 21:30:35,938:INFO:python_version: 3.8.3
2020-11-14 21:30:35,938:INFO:python_build: ('default', 'Jul  2 2020 17:30:36')
2020-11-14 21:30:35,938:INFO:machine: AMD64
2020-11-14 21:30:35,938:INFO:platform: Windows-10-10.0.18362-SP0
2020-11-14 21:30:35,938:INFO:Memory: svmem(total=17056563200, available=11629621248, percent=31.8, used=5426941952, free=11629621248)
2020-11-14 21:30:35,938:INFO:Physical Core: 2
2020-11-14 21:30:35,938:INFO:Logical Core: 4
2020-11-14 21:30:35,938:INFO:Checking libraries
2020-11-14 21:30:35,938:INFO:pd==1.1.2
2020-11-14 21:30:35,938:INFO:numpy==1.19.2
2020-11-14 21:30:35,938:INFO:sklearn==0.23.2
2020-11-14 21:30:35,938:INFO:xgboost==1.1.1
2020-11-14 21:30:35,938:INFO:lightgbm==2.3.1
2020-11-14 21:30:35,938:INFO:catboost==0.24
2020-11-14 21:30:35,938:INFO:mlflow==1.10.0
2020-11-14 21:30:35,938:INFO:Checking Exceptions
2020-11-14 21:30:35,938:INFO:Declaring global variables
2020-11-14 21:30:35,938:INFO:USI: 8a63
2020-11-14 21:30:35,938:INFO:pycaret_globals: {'n_jobs_param', 'fix_imbalance_param', '_ml_usecase', 'html_param', '_all_metrics', 'gpu_param', 'imputation_classifier', 'log_plots_param', 'transform_target_method_param', '_available_plots', 'logging_param', 'y_test', 'X_test', '_all_models', 'y', 'fold_groups_param', 'imputation_regressor', 'target_param', 'master_model_container', 'pycaret_globals', 'data_before_preprocess', 'X_train', 'fold_shuffle_param', 'fold_generator', 'create_model_container', 'X', '_internal_pipeline', 'iterative_imputation_iters_param', 'fix_imbalance_method_param', 'experiment__', 'display_container', '_gpu_n_jobs_param', 'y_train', 'seed', 'prep_pipe', 'exp_name_log', '_all_models_internal', 'USI', 'stratify_param', 'fold_param', 'transform_target_param'}
2020-11-14 21:30:35,938:INFO:Preparing display monitor
2020-11-14 21:30:35,938:INFO:Preparing display monitor
2020-11-14 21:30:35,969:INFO:Importing libraries
2020-11-14 21:30:35,969:INFO:Copying data for preprocessing
2020-11-14 21:30:35,985:INFO:Declaring preprocessing parameters
2020-11-14 21:30:35,985:INFO:Creating preprocessing pipeline
2020-11-14 21:30:35,985:INFO:Preprocessing pipeline created successfully
2020-11-14 21:30:35,985:ERROR:(Process Exit): setup has been interupted with user command 'quit'. setup must rerun.
2020-11-14 21:30:35,985:INFO:Creating global containers
2020-11-14 21:30:35,985:INFO:Internal pipeline: Pipeline(memory=None, steps=[('empty_step', 'passthrough')], verbose=False)
2020-11-14 21:31:33,813:INFO:PyCaret Supervised Module
2020-11-14 21:31:33,813:INFO:ML Usecase: classification
2020-11-14 21:31:33,813:INFO:version 2.2.0
2020-11-14 21:31:33,813:INFO:Initializing setup()
2020-11-14 21:31:33,813:INFO:setup(target=loan_status, ml_usecase=classification, available_plots={'parameter': 'Hyperparameters', 'auc': 'AUC', 'confusion_matrix': 'Confusion Matrix', 'threshold': 'Threshold', 'pr': 'Precision Recall', 'error': 'Prediction Error', 'class_report': 'Class Report', 'rfe': 'Feature Selection', 'learning': 'Learning Curve', 'manifold': 'Manifold Learning', 'calibration': 'Calibration Curve', 'vc': 'Validation Curve', 'dimension': 'Dimensions', 'feature': 'Feature Importance', 'feature_all': 'Feature Importance (All)', 'boundary': 'Decision Boundary', 'lift': 'Lift Chart', 'gain': 'Gain Chart', 'tree': 'Decision Tree'}, train_size=0.8, test_data=None, preprocess=True, imputation_type=simple, iterative_imputation_iters=5, categorical_features=['Gender', 'weekend', 'Bechalor', 'High School or Below', 'college'], categorical_imputation=constant, categorical_iterative_imputer=lightgbm, ordinal_features=None, high_cardinality_features=None, high_cardinality_method=frequency, numeric_features=None, numeric_imputation=mean, numeric_iterative_imputer=lightgbm, date_features=None, ignore_features=None, normalize=False, normalize_method=zscore, transformation=False, transformation_method=yeo-johnson, handle_unknown_categorical=True, unknown_categorical_method=least_frequent, pca=False, pca_method=linear, pca_components=None, ignore_low_variance=False, combine_rare_levels=False, rare_level_threshold=0.1, bin_numeric_features=None, remove_outliers=False, outliers_threshold=0.05, remove_multicollinearity=False, multicollinearity_threshold=0.9, remove_perfect_collinearity=True, create_clusters=False, cluster_iter=20, polynomial_features=False, polynomial_degree=2, trigonometry_features=False, polynomial_threshold=0.1, group_features=None, group_names=None, feature_selection=False, feature_selection_threshold=0.8, feature_selection_method=classic, feature_interaction=False, feature_ratio=False, interaction_threshold=0.01, fix_imbalance=False, fix_imbalance_method=None, transform_target=False, transform_target_method=box-cox, data_split_shuffle=True, data_split_stratify=False, fold_strategy=stratifiedkfold, fold=10, fold_shuffle=False, fold_groups=None, n_jobs=-1, use_gpu=False, custom_pipeline=None, html=True, session_id=1234, log_experiment=False, experiment_name=None, log_plots=False, log_profile=False, log_data=False, silent=False, verbose=True, profile=False, display=None)
2020-11-14 21:31:33,813:INFO:Checking environment
2020-11-14 21:31:33,813:INFO:python_version: 3.8.3
2020-11-14 21:31:33,813:INFO:python_build: ('default', 'Jul  2 2020 17:30:36')
2020-11-14 21:31:33,813:INFO:machine: AMD64
2020-11-14 21:31:33,813:INFO:platform: Windows-10-10.0.18362-SP0
2020-11-14 21:31:33,813:INFO:Memory: svmem(total=17056563200, available=11506372608, percent=32.5, used=5550190592, free=11506372608)
2020-11-14 21:31:33,813:INFO:Physical Core: 2
2020-11-14 21:31:33,813:INFO:Logical Core: 4
2020-11-14 21:31:33,813:INFO:Checking libraries
2020-11-14 21:31:33,813:INFO:pd==1.1.2
2020-11-14 21:31:33,813:INFO:numpy==1.19.2
2020-11-14 21:31:33,813:INFO:sklearn==0.23.2
2020-11-14 21:31:33,813:INFO:xgboost==1.1.1
2020-11-14 21:31:33,813:INFO:lightgbm==2.3.1
2020-11-14 21:31:33,813:INFO:catboost==0.24
2020-11-14 21:31:33,813:INFO:mlflow==1.10.0
2020-11-14 21:31:33,813:INFO:Checking Exceptions
2020-11-14 21:31:33,813:INFO:Declaring global variables
2020-11-14 21:31:33,813:INFO:USI: 194b
2020-11-14 21:31:33,813:INFO:pycaret_globals: {'n_jobs_param', 'fix_imbalance_param', '_ml_usecase', 'html_param', '_all_metrics', 'gpu_param', 'imputation_classifier', 'log_plots_param', 'transform_target_method_param', '_available_plots', 'logging_param', 'y_test', 'X_test', '_all_models', 'y', 'fold_groups_param', 'imputation_regressor', 'target_param', 'master_model_container', 'pycaret_globals', 'data_before_preprocess', 'X_train', 'fold_shuffle_param', 'fold_generator', 'create_model_container', 'X', '_internal_pipeline', 'iterative_imputation_iters_param', 'fix_imbalance_method_param', 'experiment__', 'display_container', '_gpu_n_jobs_param', 'y_train', 'seed', 'prep_pipe', 'exp_name_log', '_all_models_internal', 'USI', 'stratify_param', 'fold_param', 'transform_target_param'}
2020-11-14 21:31:33,813:INFO:Preparing display monitor
2020-11-14 21:31:33,813:INFO:Preparing display monitor
2020-11-14 21:31:33,844:INFO:Importing libraries
2020-11-14 21:31:33,844:INFO:Copying data for preprocessing
2020-11-14 21:31:33,850:INFO:Declaring preprocessing parameters
2020-11-14 21:31:33,850:INFO:Creating preprocessing pipeline
2020-11-14 21:31:33,866:INFO:Preprocessing pipeline created successfully
2020-11-14 21:31:33,866:ERROR:(Process Exit): setup has been interupted with user command 'quit'. setup must rerun.
2020-11-14 21:31:33,866:INFO:Creating global containers
2020-11-14 21:31:33,866:INFO:Internal pipeline: Pipeline(memory=None, steps=[('empty_step', 'passthrough')], verbose=False)
2020-11-14 21:33:32,874:INFO:PyCaret Supervised Module
2020-11-14 21:33:32,874:INFO:ML Usecase: classification
2020-11-14 21:33:32,874:INFO:version 2.2.0
2020-11-14 21:33:32,874:INFO:Initializing setup()
2020-11-14 21:33:32,874:INFO:setup(target=loan_status, ml_usecase=classification, available_plots={'parameter': 'Hyperparameters', 'auc': 'AUC', 'confusion_matrix': 'Confusion Matrix', 'threshold': 'Threshold', 'pr': 'Precision Recall', 'error': 'Prediction Error', 'class_report': 'Class Report', 'rfe': 'Feature Selection', 'learning': 'Learning Curve', 'manifold': 'Manifold Learning', 'calibration': 'Calibration Curve', 'vc': 'Validation Curve', 'dimension': 'Dimensions', 'feature': 'Feature Importance', 'feature_all': 'Feature Importance (All)', 'boundary': 'Decision Boundary', 'lift': 'Lift Chart', 'gain': 'Gain Chart', 'tree': 'Decision Tree'}, train_size=0.8, test_data=None, preprocess=True, imputation_type=simple, iterative_imputation_iters=5, categorical_features=['Gender', 'weekend', 'Bechalor', 'High School or Below', 'college'], categorical_imputation=constant, categorical_iterative_imputer=lightgbm, ordinal_features=None, high_cardinality_features=None, high_cardinality_method=frequency, numeric_features=['Principal', 'terms', 'age'], numeric_imputation=mean, numeric_iterative_imputer=lightgbm, date_features=None, ignore_features=None, normalize=False, normalize_method=zscore, transformation=False, transformation_method=yeo-johnson, handle_unknown_categorical=True, unknown_categorical_method=least_frequent, pca=False, pca_method=linear, pca_components=None, ignore_low_variance=False, combine_rare_levels=False, rare_level_threshold=0.1, bin_numeric_features=None, remove_outliers=False, outliers_threshold=0.05, remove_multicollinearity=False, multicollinearity_threshold=0.9, remove_perfect_collinearity=True, create_clusters=False, cluster_iter=20, polynomial_features=False, polynomial_degree=2, trigonometry_features=False, polynomial_threshold=0.1, group_features=None, group_names=None, feature_selection=False, feature_selection_threshold=0.8, feature_selection_method=classic, feature_interaction=False, feature_ratio=False, interaction_threshold=0.01, fix_imbalance=False, fix_imbalance_method=None, transform_target=False, transform_target_method=box-cox, data_split_shuffle=True, data_split_stratify=False, fold_strategy=stratifiedkfold, fold=10, fold_shuffle=False, fold_groups=None, n_jobs=-1, use_gpu=False, custom_pipeline=None, html=True, session_id=1234, log_experiment=False, experiment_name=None, log_plots=False, log_profile=False, log_data=False, silent=False, verbose=True, profile=False, display=None)
2020-11-14 21:33:32,874:INFO:Checking environment
2020-11-14 21:33:32,874:INFO:python_version: 3.8.3
2020-11-14 21:33:32,874:INFO:python_build: ('default', 'Jul  2 2020 17:30:36')
2020-11-14 21:33:32,874:INFO:machine: AMD64
2020-11-14 21:33:32,874:INFO:platform: Windows-10-10.0.18362-SP0
2020-11-14 21:33:32,874:INFO:Memory: svmem(total=17056563200, available=11573121024, percent=32.1, used=5483442176, free=11573121024)
2020-11-14 21:33:32,874:INFO:Physical Core: 2
2020-11-14 21:33:32,874:INFO:Logical Core: 4
2020-11-14 21:33:32,874:INFO:Checking libraries
2020-11-14 21:33:32,874:INFO:pd==1.1.2
2020-11-14 21:33:32,874:INFO:numpy==1.19.2
2020-11-14 21:33:32,874:INFO:sklearn==0.23.2
2020-11-14 21:33:32,874:INFO:xgboost==1.1.1
2020-11-14 21:33:32,874:INFO:lightgbm==2.3.1
2020-11-14 21:33:32,874:INFO:catboost==0.24
2020-11-14 21:33:32,874:INFO:mlflow==1.10.0
2020-11-14 21:33:32,874:INFO:Checking Exceptions
2020-11-14 21:33:32,874:INFO:Declaring global variables
2020-11-14 21:33:32,874:INFO:USI: eb6f
2020-11-14 21:33:32,874:INFO:pycaret_globals: {'n_jobs_param', 'fix_imbalance_param', '_ml_usecase', 'html_param', '_all_metrics', 'gpu_param', 'imputation_classifier', 'log_plots_param', 'transform_target_method_param', '_available_plots', 'logging_param', 'y_test', 'X_test', '_all_models', 'y', 'fold_groups_param', 'imputation_regressor', 'target_param', 'master_model_container', 'pycaret_globals', 'data_before_preprocess', 'X_train', 'fold_shuffle_param', 'fold_generator', 'create_model_container', 'X', '_internal_pipeline', 'iterative_imputation_iters_param', 'fix_imbalance_method_param', 'experiment__', 'display_container', '_gpu_n_jobs_param', 'y_train', 'seed', 'prep_pipe', 'exp_name_log', '_all_models_internal', 'USI', 'stratify_param', 'fold_param', 'transform_target_param'}
2020-11-14 21:33:32,874:INFO:Preparing display monitor
2020-11-14 21:33:32,874:INFO:Preparing display monitor
2020-11-14 21:33:32,896:INFO:Importing libraries
2020-11-14 21:33:32,896:INFO:Copying data for preprocessing
2020-11-14 21:33:32,912:INFO:Declaring preprocessing parameters
2020-11-14 21:33:32,912:INFO:Creating preprocessing pipeline
2020-11-14 21:33:32,927:INFO:Preprocessing pipeline created successfully
2020-11-14 21:33:32,927:ERROR:(Process Exit): setup has been interupted with user command 'quit'. setup must rerun.
2020-11-14 21:33:32,927:INFO:Creating global containers
2020-11-14 21:33:32,927:INFO:Internal pipeline: Pipeline(memory=None, steps=[('empty_step', 'passthrough')], verbose=False)
2020-11-14 21:33:38,271:INFO:Creating grid variables
2020-11-14 21:33:38,287:INFO:create_model_container: 0
2020-11-14 21:33:38,287:INFO:master_model_container: 0
2020-11-14 21:33:38,287:INFO:display_container: 0
2020-11-14 21:33:38,309:INFO:Pipeline(memory=None,
         steps=[('dtypes',
                 DataTypes_Auto_infer(categorical_features=['Gender', 'weekend',
                                                            'Bechalor',
                                                            'High School or '
                                                            'Below',
                                                            'college'],
                                      display_types=True, features_todrop=[],
                                      id_columns=[],
                                      ml_usecase='classification',
                                      numerical_features=['Principal', 'terms',
                                                          'age'],
                                      target='loan_status', time_features=[])),
                ('imputer',
                 Simple_Imputer(categorical_s...
                ('scaling', 'passthrough'), ('P_transform', 'passthrough'),
                ('binn', 'passthrough'), ('rem_outliers', 'passthrough'),
                ('cluster_all', 'passthrough'),
                ('dummy', Dummify(target='loan_status')),
                ('fix_perfect', Remove_100(target='loan_status')),
                ('clean_names', Clean_Colum_Names()),
                ('feature_select', 'passthrough'), ('fix_multi', 'passthrough'),
                ('dfs', 'passthrough'), ('pca', 'passthrough')],
         verbose=False)
2020-11-14 21:33:38,309:INFO:setup() succesfully completed......................................
2020-11-14 21:34:12,726:INFO:Initializing compare_models()
2020-11-14 21:34:12,726:INFO:compare_models(include=None, fold=None, round=4, cross_validation=True, sort=Accuracy, n_select=1, budget_time=None, turbo=True, errors=ignore, fit_kwargs=None, groups=None, verbose=True, display=None, exclude=None)
2020-11-14 21:34:12,726:INFO:Checking exceptions
2020-11-14 21:34:12,726:INFO:Preparing display monitor
2020-11-14 21:34:12,726:INFO:Preparing display monitor
2020-11-14 21:34:12,758:INFO:Initializing Logistic Regression
2020-11-14 21:34:12,758:INFO:Total runtime is 0.0 minutes
2020-11-14 21:34:12,780:INFO:SubProcess create_model() called ==================================
2020-11-14 21:34:12,780:INFO:Initializing create_model()
2020-11-14 21:34:12,780:INFO:create_model(estimator=lr, fold=StratifiedKFold(n_splits=10, random_state=1234, shuffle=False), round=4, cross_validation=True, predict=True, fit_kwargs={}, groups=None, refit=False, verbose=False, system=False, metrics=None, display=<pycaret.internal.Display.Display object at 0x0000015D25F59430>, kwargs={})
2020-11-14 21:34:12,780:INFO:Checking exceptions
2020-11-14 21:34:12,780:INFO:Importing libraries
2020-11-14 21:34:12,780:INFO:Copying training dataset
2020-11-14 21:34:12,780:INFO:Defining folds
2020-11-14 21:34:12,780:INFO:Declaring metric variables
2020-11-14 21:34:12,795:INFO:Importing untrained model
2020-11-14 21:34:12,795:INFO:Logistic Regression Imported succesfully
2020-11-14 21:34:12,827:INFO:Starting cross validation
2020-11-14 21:34:12,827:INFO:Cross validating with StratifiedKFold(n_splits=10, random_state=1234, shuffle=False), n_jobs=-1
2020-11-14 21:34:18,892:INFO:Calculating mean and std
2020-11-14 21:34:18,892:INFO:Creating metrics dataframe
2020-11-14 21:34:18,892:INFO:Uploading results into container
2020-11-14 21:34:18,892:INFO:Uploading model into container now
2020-11-14 21:34:18,892:INFO:create_model_container: 1
2020-11-14 21:34:18,892:INFO:master_model_container: 1
2020-11-14 21:34:18,892:INFO:display_container: 1
2020-11-14 21:34:18,900:INFO:LogisticRegression(C=1.0, class_weight=None, dual=False, fit_intercept=True,
                   intercept_scaling=1, l1_ratio=None, max_iter=1000,
                   multi_class='auto', n_jobs=None, penalty='l2',
                   random_state=1234, solver='lbfgs', tol=0.0001, verbose=0,
                   warm_start=False)
2020-11-14 21:34:18,900:INFO:create_model() succesfully completed......................................
2020-11-14 21:34:19,093:INFO:SubProcess create_model() end ==================================
2020-11-14 21:34:19,093:INFO:Creating metrics dataframe
2020-11-14 21:34:19,125:INFO:Initializing K Neighbors Classifier
2020-11-14 21:34:19,125:INFO:Total runtime is 0.10611344575881958 minutes
2020-11-14 21:34:19,131:INFO:SubProcess create_model() called ==================================
2020-11-14 21:34:19,131:INFO:Initializing create_model()
2020-11-14 21:34:19,131:INFO:create_model(estimator=knn, fold=StratifiedKFold(n_splits=10, random_state=1234, shuffle=False), round=4, cross_validation=True, predict=True, fit_kwargs={}, groups=None, refit=False, verbose=False, system=False, metrics=None, display=<pycaret.internal.Display.Display object at 0x0000015D25F59430>, kwargs={})
2020-11-14 21:34:19,131:INFO:Checking exceptions
2020-11-14 21:34:19,131:INFO:Importing libraries
2020-11-14 21:34:19,131:INFO:Copying training dataset
2020-11-14 21:34:19,131:INFO:Defining folds
2020-11-14 21:34:19,131:INFO:Declaring metric variables
2020-11-14 21:34:19,147:INFO:Importing untrained model
2020-11-14 21:34:19,162:INFO:K Neighbors Classifier Imported succesfully
2020-11-14 21:34:19,194:INFO:Starting cross validation
2020-11-14 21:34:19,194:INFO:Cross validating with StratifiedKFold(n_splits=10, random_state=1234, shuffle=False), n_jobs=-1
2020-11-14 21:34:19,424:INFO:Calculating mean and std
2020-11-14 21:34:19,424:INFO:Creating metrics dataframe
2020-11-14 21:34:19,432:INFO:Uploading results into container
2020-11-14 21:34:19,432:INFO:Uploading model into container now
2020-11-14 21:34:19,432:INFO:create_model_container: 2
2020-11-14 21:34:19,432:INFO:master_model_container: 2
2020-11-14 21:34:19,432:INFO:display_container: 1
2020-11-14 21:34:19,432:INFO:KNeighborsClassifier(algorithm='auto', leaf_size=30, metric='minkowski',
                     metric_params=None, n_jobs=-1, n_neighbors=5, p=2,
                     weights='uniform')
2020-11-14 21:34:19,432:INFO:create_model() succesfully completed......................................
2020-11-14 21:34:19,620:INFO:SubProcess create_model() end ==================================
2020-11-14 21:34:19,620:INFO:Creating metrics dataframe
2020-11-14 21:34:19,674:INFO:Initializing Naive Bayes
2020-11-14 21:34:19,674:INFO:Total runtime is 0.11526959339777629 minutes
2020-11-14 21:34:19,690:INFO:SubProcess create_model() called ==================================
2020-11-14 21:34:19,690:INFO:Initializing create_model()
2020-11-14 21:34:19,690:INFO:create_model(estimator=nb, fold=StratifiedKFold(n_splits=10, random_state=1234, shuffle=False), round=4, cross_validation=True, predict=True, fit_kwargs={}, groups=None, refit=False, verbose=False, system=False, metrics=None, display=<pycaret.internal.Display.Display object at 0x0000015D25F59430>, kwargs={})
2020-11-14 21:34:19,690:INFO:Checking exceptions
2020-11-14 21:34:19,690:INFO:Importing libraries
2020-11-14 21:34:19,690:INFO:Copying training dataset
2020-11-14 21:34:19,690:INFO:Defining folds
2020-11-14 21:34:19,690:INFO:Declaring metric variables
2020-11-14 21:34:19,705:INFO:Importing untrained model
2020-11-14 21:34:19,721:INFO:Naive Bayes Imported succesfully
2020-11-14 21:34:19,774:INFO:Starting cross validation
2020-11-14 21:34:19,774:INFO:Cross validating with StratifiedKFold(n_splits=10, random_state=1234, shuffle=False), n_jobs=-1
2020-11-14 21:34:19,890:INFO:Calculating mean and std
2020-11-14 21:34:19,890:INFO:Creating metrics dataframe
2020-11-14 21:34:19,890:INFO:Uploading results into container
2020-11-14 21:34:19,890:INFO:Uploading model into container now
2020-11-14 21:34:19,890:INFO:create_model_container: 3
2020-11-14 21:34:19,890:INFO:master_model_container: 3
2020-11-14 21:34:19,890:INFO:display_container: 1
2020-11-14 21:34:19,890:INFO:GaussianNB(priors=None, var_smoothing=1e-09)
2020-11-14 21:34:19,890:INFO:create_model() succesfully completed......................................
2020-11-14 21:34:20,118:INFO:SubProcess create_model() end ==================================
2020-11-14 21:34:20,118:INFO:Creating metrics dataframe
2020-11-14 21:34:20,146:INFO:Initializing Decision Tree Classifier
2020-11-14 21:34:20,146:INFO:Total runtime is 0.1231354554494222 minutes
2020-11-14 21:34:20,158:INFO:SubProcess create_model() called ==================================
2020-11-14 21:34:20,158:INFO:Initializing create_model()
2020-11-14 21:34:20,159:INFO:create_model(estimator=dt, fold=StratifiedKFold(n_splits=10, random_state=1234, shuffle=False), round=4, cross_validation=True, predict=True, fit_kwargs={}, groups=None, refit=False, verbose=False, system=False, metrics=None, display=<pycaret.internal.Display.Display object at 0x0000015D25F59430>, kwargs={})
2020-11-14 21:34:20,159:INFO:Checking exceptions
2020-11-14 21:34:20,159:INFO:Importing libraries
2020-11-14 21:34:20,159:INFO:Copying training dataset
2020-11-14 21:34:20,161:INFO:Defining folds
2020-11-14 21:34:20,161:INFO:Declaring metric variables
2020-11-14 21:34:20,177:INFO:Importing untrained model
2020-11-14 21:34:20,195:INFO:Decision Tree Classifier Imported succesfully
2020-11-14 21:34:20,222:INFO:Starting cross validation
2020-11-14 21:34:20,222:INFO:Cross validating with StratifiedKFold(n_splits=10, random_state=1234, shuffle=False), n_jobs=-1
2020-11-14 21:34:20,339:INFO:Calculating mean and std
2020-11-14 21:34:20,339:INFO:Creating metrics dataframe
2020-11-14 21:34:20,345:INFO:Uploading results into container
2020-11-14 21:34:20,345:INFO:Uploading model into container now
2020-11-14 21:34:20,345:INFO:create_model_container: 4
2020-11-14 21:34:20,345:INFO:master_model_container: 4
2020-11-14 21:34:20,345:INFO:display_container: 1
2020-11-14 21:34:20,345:INFO:DecisionTreeClassifier(ccp_alpha=0.0, class_weight=None, criterion='gini',
                       max_depth=None, max_features=None, max_leaf_nodes=None,
                       min_impurity_decrease=0.0, min_impurity_split=None,
                       min_samples_leaf=1, min_samples_split=2,
                       min_weight_fraction_leaf=0.0, presort='deprecated',
                       random_state=1234, splitter='best')
2020-11-14 21:34:20,345:INFO:create_model() succesfully completed......................................
2020-11-14 21:34:20,561:INFO:SubProcess create_model() end ==================================
2020-11-14 21:34:20,561:INFO:Creating metrics dataframe
2020-11-14 21:34:20,577:INFO:Initializing SVM - Linear Kernel
2020-11-14 21:34:20,577:INFO:Total runtime is 0.13032015959421794 minutes
2020-11-14 21:34:20,593:INFO:SubProcess create_model() called ==================================
2020-11-14 21:34:20,593:INFO:Initializing create_model()
2020-11-14 21:34:20,593:INFO:create_model(estimator=svm, fold=StratifiedKFold(n_splits=10, random_state=1234, shuffle=False), round=4, cross_validation=True, predict=True, fit_kwargs={}, groups=None, refit=False, verbose=False, system=False, metrics=None, display=<pycaret.internal.Display.Display object at 0x0000015D25F59430>, kwargs={})
2020-11-14 21:34:20,593:INFO:Checking exceptions
2020-11-14 21:34:20,593:INFO:Importing libraries
2020-11-14 21:34:20,593:INFO:Copying training dataset
2020-11-14 21:34:20,593:INFO:Defining folds
2020-11-14 21:34:20,593:INFO:Declaring metric variables
2020-11-14 21:34:20,624:INFO:Importing untrained model
2020-11-14 21:34:20,646:INFO:SVM - Linear Kernel Imported succesfully
2020-11-14 21:34:20,687:INFO:Starting cross validation
2020-11-14 21:34:20,687:INFO:Cross validating with StratifiedKFold(n_splits=10, random_state=1234, shuffle=False), n_jobs=-1
2020-11-14 21:34:20,897:INFO:Calculating mean and std
2020-11-14 21:34:20,899:INFO:Creating metrics dataframe
2020-11-14 21:34:20,907:INFO:Uploading results into container
2020-11-14 21:34:20,907:INFO:Uploading model into container now
2020-11-14 21:34:20,907:INFO:create_model_container: 5
2020-11-14 21:34:20,907:INFO:master_model_container: 5
2020-11-14 21:34:20,907:INFO:display_container: 1
2020-11-14 21:34:20,909:INFO:SGDClassifier(alpha=0.0001, average=False, class_weight=None,
              early_stopping=False, epsilon=0.1, eta0=0.001, fit_intercept=True,
              l1_ratio=0.15, learning_rate='optimal', loss='hinge',
              max_iter=1000, n_iter_no_change=5, n_jobs=-1, penalty='l2',
              power_t=0.5, random_state=1234, shuffle=True, tol=0.001,
              validation_fraction=0.1, verbose=0, warm_start=False)
2020-11-14 21:34:20,909:INFO:create_model() succesfully completed......................................
2020-11-14 21:34:21,119:INFO:SubProcess create_model() end ==================================
2020-11-14 21:34:21,119:INFO:Creating metrics dataframe
2020-11-14 21:34:21,166:INFO:Initializing Ridge Classifier
2020-11-14 21:34:21,166:INFO:Total runtime is 0.14013083775838217 minutes
2020-11-14 21:34:21,181:INFO:SubProcess create_model() called ==================================
2020-11-14 21:34:21,181:INFO:Initializing create_model()
2020-11-14 21:34:21,181:INFO:create_model(estimator=ridge, fold=StratifiedKFold(n_splits=10, random_state=1234, shuffle=False), round=4, cross_validation=True, predict=True, fit_kwargs={}, groups=None, refit=False, verbose=False, system=False, metrics=None, display=<pycaret.internal.Display.Display object at 0x0000015D25F59430>, kwargs={})
2020-11-14 21:34:21,181:INFO:Checking exceptions
2020-11-14 21:34:21,181:INFO:Importing libraries
2020-11-14 21:34:21,181:INFO:Copying training dataset
2020-11-14 21:34:21,181:INFO:Defining folds
2020-11-14 21:34:21,181:INFO:Declaring metric variables
2020-11-14 21:34:21,188:INFO:Importing untrained model
2020-11-14 21:34:21,219:INFO:Ridge Classifier Imported succesfully
2020-11-14 21:34:21,250:INFO:Starting cross validation
2020-11-14 21:34:21,250:INFO:Cross validating with StratifiedKFold(n_splits=10, random_state=1234, shuffle=False), n_jobs=-1
2020-11-14 21:34:21,388:INFO:Calculating mean and std
2020-11-14 21:34:21,388:INFO:Creating metrics dataframe
2020-11-14 21:34:21,388:INFO:Uploading results into container
2020-11-14 21:34:21,388:INFO:Uploading model into container now
2020-11-14 21:34:21,388:INFO:create_model_container: 6
2020-11-14 21:34:21,388:INFO:master_model_container: 6
2020-11-14 21:34:21,388:INFO:display_container: 1
2020-11-14 21:34:21,388:INFO:RidgeClassifier(alpha=1.0, class_weight=None, copy_X=True, fit_intercept=True,
                max_iter=None, normalize=False, random_state=1234,
                solver='auto', tol=0.001)
2020-11-14 21:34:21,388:INFO:create_model() succesfully completed......................................
2020-11-14 21:34:21,582:INFO:SubProcess create_model() end ==================================
2020-11-14 21:34:21,582:INFO:Creating metrics dataframe
2020-11-14 21:34:21,604:INFO:Initializing Random Forest Classifier
2020-11-14 21:34:21,604:INFO:Total runtime is 0.14744412501653037 minutes
2020-11-14 21:34:21,620:INFO:SubProcess create_model() called ==================================
2020-11-14 21:34:21,620:INFO:Initializing create_model()
2020-11-14 21:34:21,620:INFO:create_model(estimator=rf, fold=StratifiedKFold(n_splits=10, random_state=1234, shuffle=False), round=4, cross_validation=True, predict=True, fit_kwargs={}, groups=None, refit=False, verbose=False, system=False, metrics=None, display=<pycaret.internal.Display.Display object at 0x0000015D25F59430>, kwargs={})
2020-11-14 21:34:21,620:INFO:Checking exceptions
2020-11-14 21:34:21,620:INFO:Importing libraries
2020-11-14 21:34:21,620:INFO:Copying training dataset
2020-11-14 21:34:21,620:INFO:Defining folds
2020-11-14 21:34:21,620:INFO:Declaring metric variables
2020-11-14 21:34:21,636:INFO:Importing untrained model
2020-11-14 21:34:21,667:INFO:Random Forest Classifier Imported succesfully
2020-11-14 21:34:21,689:INFO:Starting cross validation
2020-11-14 21:34:21,689:INFO:Cross validating with StratifiedKFold(n_splits=10, random_state=1234, shuffle=False), n_jobs=-1
2020-11-14 21:34:23,177:INFO:Calculating mean and std
2020-11-14 21:34:23,177:INFO:Creating metrics dataframe
2020-11-14 21:34:23,177:INFO:Uploading results into container
2020-11-14 21:34:23,177:INFO:Uploading model into container now
2020-11-14 21:34:23,177:INFO:create_model_container: 7
2020-11-14 21:34:23,177:INFO:master_model_container: 7
2020-11-14 21:34:23,177:INFO:display_container: 1
2020-11-14 21:34:23,177:INFO:RandomForestClassifier(bootstrap=True, ccp_alpha=0.0, class_weight=None,
                       criterion='gini', max_depth=None, max_features='auto',
                       max_leaf_nodes=None, max_samples=None,
                       min_impurity_decrease=0.0, min_impurity_split=None,
                       min_samples_leaf=1, min_samples_split=2,
                       min_weight_fraction_leaf=0.0, n_estimators=100,
                       n_jobs=-1, oob_score=False, random_state=1234, verbose=0,
                       warm_start=False)
2020-11-14 21:34:23,177:INFO:create_model() succesfully completed......................................
2020-11-14 21:34:23,378:INFO:SubProcess create_model() end ==================================
2020-11-14 21:34:23,378:INFO:Creating metrics dataframe
2020-11-14 21:34:23,409:INFO:Initializing Quadratic Discriminant Analysis
2020-11-14 21:34:23,409:INFO:Total runtime is 0.1775213996569316 minutes
2020-11-14 21:34:23,425:INFO:SubProcess create_model() called ==================================
2020-11-14 21:34:23,425:INFO:Initializing create_model()
2020-11-14 21:34:23,425:INFO:create_model(estimator=qda, fold=StratifiedKFold(n_splits=10, random_state=1234, shuffle=False), round=4, cross_validation=True, predict=True, fit_kwargs={}, groups=None, refit=False, verbose=False, system=False, metrics=None, display=<pycaret.internal.Display.Display object at 0x0000015D25F59430>, kwargs={})
2020-11-14 21:34:23,425:INFO:Checking exceptions
2020-11-14 21:34:23,425:INFO:Importing libraries
2020-11-14 21:34:23,425:INFO:Copying training dataset
2020-11-14 21:34:23,425:INFO:Defining folds
2020-11-14 21:34:23,425:INFO:Declaring metric variables
2020-11-14 21:34:23,440:INFO:Importing untrained model
2020-11-14 21:34:23,462:INFO:Quadratic Discriminant Analysis Imported succesfully
2020-11-14 21:34:23,509:INFO:Starting cross validation
2020-11-14 21:34:23,509:INFO:Cross validating with StratifiedKFold(n_splits=10, random_state=1234, shuffle=False), n_jobs=-1
2020-11-14 21:34:23,641:INFO:Calculating mean and std
2020-11-14 21:34:23,641:INFO:Creating metrics dataframe
2020-11-14 21:34:23,656:INFO:Uploading results into container
2020-11-14 21:34:23,656:INFO:Uploading model into container now
2020-11-14 21:34:23,663:INFO:create_model_container: 8
2020-11-14 21:34:23,663:INFO:master_model_container: 8
2020-11-14 21:34:23,663:INFO:display_container: 1
2020-11-14 21:34:23,663:INFO:QuadraticDiscriminantAnalysis(priors=None, reg_param=0.0,
                              store_covariance=False, tol=0.0001)
2020-11-14 21:34:23,663:INFO:create_model() succesfully completed......................................
2020-11-14 21:34:23,863:INFO:SubProcess create_model() end ==================================
2020-11-14 21:34:23,863:INFO:Creating metrics dataframe
2020-11-14 21:34:23,895:INFO:Initializing Ada Boost Classifier
2020-11-14 21:34:23,895:INFO:Total runtime is 0.18561498324076336 minutes
2020-11-14 21:34:23,910:INFO:SubProcess create_model() called ==================================
2020-11-14 21:34:23,910:INFO:Initializing create_model()
2020-11-14 21:34:23,910:INFO:create_model(estimator=ada, fold=StratifiedKFold(n_splits=10, random_state=1234, shuffle=False), round=4, cross_validation=True, predict=True, fit_kwargs={}, groups=None, refit=False, verbose=False, system=False, metrics=None, display=<pycaret.internal.Display.Display object at 0x0000015D25F59430>, kwargs={})
2020-11-14 21:34:23,910:INFO:Checking exceptions
2020-11-14 21:34:23,910:INFO:Importing libraries
2020-11-14 21:34:23,910:INFO:Copying training dataset
2020-11-14 21:34:23,910:INFO:Defining folds
2020-11-14 21:34:23,910:INFO:Declaring metric variables
2020-11-14 21:34:23,926:INFO:Importing untrained model
2020-11-14 21:34:23,941:INFO:Ada Boost Classifier Imported succesfully
2020-11-14 21:34:23,964:INFO:Starting cross validation
2020-11-14 21:34:23,964:INFO:Cross validating with StratifiedKFold(n_splits=10, random_state=1234, shuffle=False), n_jobs=-1
2020-11-14 21:34:24,486:INFO:Calculating mean and std
2020-11-14 21:34:24,486:INFO:Creating metrics dataframe
2020-11-14 21:34:24,496:INFO:Uploading results into container
2020-11-14 21:34:24,496:INFO:Uploading model into container now
2020-11-14 21:34:24,496:INFO:create_model_container: 9
2020-11-14 21:34:24,496:INFO:master_model_container: 9
2020-11-14 21:34:24,496:INFO:display_container: 1
2020-11-14 21:34:24,496:INFO:AdaBoostClassifier(algorithm='SAMME.R', base_estimator=None, learning_rate=1.0,
                   n_estimators=50, random_state=1234)
2020-11-14 21:34:24,496:INFO:create_model() succesfully completed......................................
2020-11-14 21:34:24,675:INFO:SubProcess create_model() end ==================================
2020-11-14 21:34:24,675:INFO:Creating metrics dataframe
2020-11-14 21:34:24,697:INFO:Initializing Gradient Boosting Classifier
2020-11-14 21:34:24,697:INFO:Total runtime is 0.1989831328392029 minutes
2020-11-14 21:34:24,712:INFO:SubProcess create_model() called ==================================
2020-11-14 21:34:24,712:INFO:Initializing create_model()
2020-11-14 21:34:24,712:INFO:create_model(estimator=gbc, fold=StratifiedKFold(n_splits=10, random_state=1234, shuffle=False), round=4, cross_validation=True, predict=True, fit_kwargs={}, groups=None, refit=False, verbose=False, system=False, metrics=None, display=<pycaret.internal.Display.Display object at 0x0000015D25F59430>, kwargs={})
2020-11-14 21:34:24,712:INFO:Checking exceptions
2020-11-14 21:34:24,712:INFO:Importing libraries
2020-11-14 21:34:24,712:INFO:Copying training dataset
2020-11-14 21:34:24,712:INFO:Defining folds
2020-11-14 21:34:24,712:INFO:Declaring metric variables
2020-11-14 21:34:24,728:INFO:Importing untrained model
2020-11-14 21:34:24,728:INFO:Gradient Boosting Classifier Imported succesfully
2020-11-14 21:34:24,759:INFO:Starting cross validation
2020-11-14 21:34:24,775:INFO:Cross validating with StratifiedKFold(n_splits=10, random_state=1234, shuffle=False), n_jobs=-1
2020-11-14 21:34:25,158:INFO:Calculating mean and std
2020-11-14 21:34:25,159:INFO:Creating metrics dataframe
2020-11-14 21:34:25,165:INFO:Uploading results into container
2020-11-14 21:34:25,165:INFO:Uploading model into container now
2020-11-14 21:34:25,165:INFO:create_model_container: 10
2020-11-14 21:34:25,165:INFO:master_model_container: 10
2020-11-14 21:34:25,165:INFO:display_container: 1
2020-11-14 21:34:25,166:INFO:GradientBoostingClassifier(ccp_alpha=0.0, criterion='friedman_mse', init=None,
                           learning_rate=0.1, loss='deviance', max_depth=3,
                           max_features=None, max_leaf_nodes=None,
                           min_impurity_decrease=0.0, min_impurity_split=None,
                           min_samples_leaf=1, min_samples_split=2,
                           min_weight_fraction_leaf=0.0, n_estimators=100,
                           n_iter_no_change=None, presort='deprecated',
                           random_state=1234, subsample=1.0, tol=0.0001,
                           validation_fraction=0.1, verbose=0,
                           warm_start=False)
2020-11-14 21:34:25,166:INFO:create_model() succesfully completed......................................
2020-11-14 21:34:25,333:INFO:SubProcess create_model() end ==================================
2020-11-14 21:34:25,333:INFO:Creating metrics dataframe
2020-11-14 21:34:25,362:INFO:Initializing Linear Discriminant Analysis
2020-11-14 21:34:25,362:INFO:Total runtime is 0.21007910966873172 minutes
2020-11-14 21:34:25,378:INFO:SubProcess create_model() called ==================================
2020-11-14 21:34:25,378:INFO:Initializing create_model()
2020-11-14 21:34:25,378:INFO:create_model(estimator=lda, fold=StratifiedKFold(n_splits=10, random_state=1234, shuffle=False), round=4, cross_validation=True, predict=True, fit_kwargs={}, groups=None, refit=False, verbose=False, system=False, metrics=None, display=<pycaret.internal.Display.Display object at 0x0000015D25F59430>, kwargs={})
2020-11-14 21:34:25,378:INFO:Checking exceptions
2020-11-14 21:34:25,378:INFO:Importing libraries
2020-11-14 21:34:25,378:INFO:Copying training dataset
2020-11-14 21:34:25,378:INFO:Defining folds
2020-11-14 21:34:25,378:INFO:Declaring metric variables
2020-11-14 21:34:25,394:INFO:Importing untrained model
2020-11-14 21:34:25,409:INFO:Linear Discriminant Analysis Imported succesfully
2020-11-14 21:34:25,425:INFO:Starting cross validation
2020-11-14 21:34:25,425:INFO:Cross validating with StratifiedKFold(n_splits=10, random_state=1234, shuffle=False), n_jobs=-1
2020-11-14 21:34:25,547:INFO:Calculating mean and std
2020-11-14 21:34:25,547:INFO:Creating metrics dataframe
2020-11-14 21:34:25,547:INFO:Uploading results into container
2020-11-14 21:34:25,547:INFO:Uploading model into container now
2020-11-14 21:34:25,547:INFO:create_model_container: 11
2020-11-14 21:34:25,547:INFO:master_model_container: 11
2020-11-14 21:34:25,547:INFO:display_container: 1
2020-11-14 21:34:25,547:INFO:LinearDiscriminantAnalysis(n_components=None, priors=None, shrinkage=None,
                           solver='svd', store_covariance=False, tol=0.0001)
2020-11-14 21:34:25,547:INFO:create_model() succesfully completed......................................
2020-11-14 21:34:25,741:INFO:SubProcess create_model() end ==================================
2020-11-14 21:34:25,741:INFO:Creating metrics dataframe
2020-11-14 21:34:25,763:INFO:Initializing Extra Trees Classifier
2020-11-14 21:34:25,763:INFO:Total runtime is 0.21676143407821657 minutes
2020-11-14 21:34:25,779:INFO:SubProcess create_model() called ==================================
2020-11-14 21:34:25,779:INFO:Initializing create_model()
2020-11-14 21:34:25,779:INFO:create_model(estimator=et, fold=StratifiedKFold(n_splits=10, random_state=1234, shuffle=False), round=4, cross_validation=True, predict=True, fit_kwargs={}, groups=None, refit=False, verbose=False, system=False, metrics=None, display=<pycaret.internal.Display.Display object at 0x0000015D25F59430>, kwargs={})
2020-11-14 21:34:25,779:INFO:Checking exceptions
2020-11-14 21:34:25,779:INFO:Importing libraries
2020-11-14 21:34:25,779:INFO:Copying training dataset
2020-11-14 21:34:25,779:INFO:Defining folds
2020-11-14 21:34:25,779:INFO:Declaring metric variables
2020-11-14 21:34:25,795:INFO:Importing untrained model
2020-11-14 21:34:25,810:INFO:Extra Trees Classifier Imported succesfully
2020-11-14 21:34:25,826:INFO:Starting cross validation
2020-11-14 21:34:25,826:INFO:Cross validating with StratifiedKFold(n_splits=10, random_state=1234, shuffle=False), n_jobs=-1
2020-11-14 21:34:27,154:INFO:Calculating mean and std
2020-11-14 21:34:27,154:INFO:Creating metrics dataframe
2020-11-14 21:34:27,154:INFO:Uploading results into container
2020-11-14 21:34:27,154:INFO:Uploading model into container now
2020-11-14 21:34:27,154:INFO:create_model_container: 12
2020-11-14 21:34:27,154:INFO:master_model_container: 12
2020-11-14 21:34:27,170:INFO:display_container: 1
2020-11-14 21:34:27,170:INFO:ExtraTreesClassifier(bootstrap=False, ccp_alpha=0.0, class_weight=None,
                     criterion='gini', max_depth=None, max_features='auto',
                     max_leaf_nodes=None, max_samples=None,
                     min_impurity_decrease=0.0, min_impurity_split=None,
                     min_samples_leaf=1, min_samples_split=2,
                     min_weight_fraction_leaf=0.0, n_estimators=100, n_jobs=-1,
                     oob_score=False, random_state=1234, verbose=0,
                     warm_start=False)
2020-11-14 21:34:27,170:INFO:create_model() succesfully completed......................................
2020-11-14 21:34:27,355:INFO:SubProcess create_model() end ==================================
2020-11-14 21:34:27,355:INFO:Creating metrics dataframe
2020-11-14 21:34:27,386:INFO:Initializing Extreme Gradient Boosting
2020-11-14 21:34:27,386:INFO:Total runtime is 0.24380677541097007 minutes
2020-11-14 21:34:27,402:INFO:SubProcess create_model() called ==================================
2020-11-14 21:34:27,402:INFO:Initializing create_model()
2020-11-14 21:34:27,402:INFO:create_model(estimator=xgboost, fold=StratifiedKFold(n_splits=10, random_state=1234, shuffle=False), round=4, cross_validation=True, predict=True, fit_kwargs={}, groups=None, refit=False, verbose=False, system=False, metrics=None, display=<pycaret.internal.Display.Display object at 0x0000015D25F59430>, kwargs={})
2020-11-14 21:34:27,402:INFO:Checking exceptions
2020-11-14 21:34:27,402:INFO:Importing libraries
2020-11-14 21:34:27,402:INFO:Copying training dataset
2020-11-14 21:34:27,402:INFO:Defining folds
2020-11-14 21:34:27,402:INFO:Declaring metric variables
2020-11-14 21:34:27,417:INFO:Importing untrained model
2020-11-14 21:34:27,449:INFO:Extreme Gradient Boosting Imported succesfully
2020-11-14 21:34:27,486:INFO:Starting cross validation
2020-11-14 21:34:27,486:INFO:Cross validating with StratifiedKFold(n_splits=10, random_state=1234, shuffle=False), n_jobs=-1
2020-11-14 21:34:27,486:WARNING:create_model() for xgboost raised an exception or returned all 0.0, trying without fit_kwargs:
2020-11-14 21:34:27,518:WARNING:Traceback (most recent call last):
  File "C:\ProgramData\Anaconda3\lib\site-packages\joblib\parallel.py", line 808, in dispatch_one_batch
    tasks = self._ready_batches.get(block=False)
  File "C:\ProgramData\Anaconda3\lib\queue.py", line 167, in get
    raise Empty
_queue.Empty

During handling of the above exception, another exception occurred:

Traceback (most recent call last):
  File "C:\ProgramData\Anaconda3\lib\site-packages\pycaret\internal\tabular.py", line 2129, in compare_models
    model, model_fit_time = create_model_supervised(
  File "C:\ProgramData\Anaconda3\lib\site-packages\pycaret\internal\tabular.py", line 3058, in create_model_supervised
    scores = cross_validate(
  File "C:\ProgramData\Anaconda3\lib\site-packages\sklearn\utils\validation.py", line 72, in inner_f
    return f(**kwargs)
  File "C:\ProgramData\Anaconda3\lib\site-packages\sklearn\model_selection\_validation.py", line 242, in cross_validate
    scores = parallel(
  File "C:\ProgramData\Anaconda3\lib\site-packages\joblib\parallel.py", line 1029, in __call__
    if self.dispatch_one_batch(iterator):
  File "C:\ProgramData\Anaconda3\lib\site-packages\joblib\parallel.py", line 819, in dispatch_one_batch
    islice = list(itertools.islice(iterator, big_batch_size))
  File "C:\ProgramData\Anaconda3\lib\site-packages\sklearn\model_selection\_validation.py", line 244, in <genexpr>
    clone(estimator), X, y, scorers, train, test, verbose, None,
  File "C:\ProgramData\Anaconda3\lib\site-packages\sklearn\utils\validation.py", line 72, in inner_f
    return f(**kwargs)
  File "C:\ProgramData\Anaconda3\lib\site-packages\sklearn\base.py", line 88, in clone
    new_object = klass(**new_object_params)
  File "C:\ProgramData\Anaconda3\lib\site-packages\pycaret\internal\pipeline.py", line 24, in __init__
    self._carry_over_final_estimator_fit_vars()
  File "C:\ProgramData\Anaconda3\lib\site-packages\pycaret\internal\pipeline.py", line 57, in _carry_over_final_estimator_fit_vars
    for k, v in get_all_object_vars_and_properties(
  File "C:\ProgramData\Anaconda3\lib\site-packages\pycaret\internal\utils.py", line 555, in get_all_object_vars_and_properties
    return {
  File "C:\ProgramData\Anaconda3\lib\site-packages\pycaret\internal\utils.py", line 558, in <dictcomp>
    if k[:2] != "__" and type(getattr(object, k, "")).__name__ != "method"
  File "C:\ProgramData\Anaconda3\lib\site-packages\xgboost\sklearn.py", line 687, in feature_importances_
    b = self.get_booster()
  File "C:\ProgramData\Anaconda3\lib\site-packages\xgboost\sklearn.py", line 261, in get_booster
    raise XGBoostError('need to call fit or load_model beforehand')
xgboost.core.XGBoostError: need to call fit or load_model beforehand

2020-11-14 21:34:27,518:INFO:Initializing create_model()
2020-11-14 21:34:27,518:INFO:create_model(estimator=xgboost, fold=StratifiedKFold(n_splits=10, random_state=1234, shuffle=False), round=4, cross_validation=True, predict=True, fit_kwargs=None, groups=None, refit=False, verbose=False, system=False, metrics=None, display=<pycaret.internal.Display.Display object at 0x0000015D25F59430>, kwargs={})
2020-11-14 21:34:27,518:INFO:Checking exceptions
2020-11-14 21:34:27,518:INFO:Importing libraries
2020-11-14 21:34:27,518:INFO:Copying training dataset
2020-11-14 21:34:27,518:INFO:Defining folds
2020-11-14 21:34:27,518:INFO:Declaring metric variables
2020-11-14 21:34:27,533:INFO:Importing untrained model
2020-11-14 21:34:27,555:INFO:Extreme Gradient Boosting Imported succesfully
2020-11-14 21:34:27,571:INFO:Starting cross validation
2020-11-14 21:34:27,571:INFO:Cross validating with StratifiedKFold(n_splits=10, random_state=1234, shuffle=False), n_jobs=-1
2020-11-14 21:34:27,587:ERROR:create_model() for xgboost raised an exception:
2020-11-14 21:34:27,587:ERROR:Traceback (most recent call last):
  File "C:\ProgramData\Anaconda3\lib\site-packages\joblib\parallel.py", line 808, in dispatch_one_batch
    tasks = self._ready_batches.get(block=False)
  File "C:\ProgramData\Anaconda3\lib\queue.py", line 167, in get
    raise Empty
_queue.Empty

During handling of the above exception, another exception occurred:

Traceback (most recent call last):
  File "C:\ProgramData\Anaconda3\lib\site-packages\pycaret\internal\tabular.py", line 2129, in compare_models
    model, model_fit_time = create_model_supervised(
  File "C:\ProgramData\Anaconda3\lib\site-packages\pycaret\internal\tabular.py", line 3058, in create_model_supervised
    scores = cross_validate(
  File "C:\ProgramData\Anaconda3\lib\site-packages\sklearn\utils\validation.py", line 72, in inner_f
    return f(**kwargs)
  File "C:\ProgramData\Anaconda3\lib\site-packages\sklearn\model_selection\_validation.py", line 242, in cross_validate
    scores = parallel(
  File "C:\ProgramData\Anaconda3\lib\site-packages\joblib\parallel.py", line 1029, in __call__
    if self.dispatch_one_batch(iterator):
  File "C:\ProgramData\Anaconda3\lib\site-packages\joblib\parallel.py", line 819, in dispatch_one_batch
    islice = list(itertools.islice(iterator, big_batch_size))
  File "C:\ProgramData\Anaconda3\lib\site-packages\sklearn\model_selection\_validation.py", line 244, in <genexpr>
    clone(estimator), X, y, scorers, train, test, verbose, None,
  File "C:\ProgramData\Anaconda3\lib\site-packages\sklearn\utils\validation.py", line 72, in inner_f
    return f(**kwargs)
  File "C:\ProgramData\Anaconda3\lib\site-packages\sklearn\base.py", line 88, in clone
    new_object = klass(**new_object_params)
  File "C:\ProgramData\Anaconda3\lib\site-packages\pycaret\internal\pipeline.py", line 24, in __init__
    self._carry_over_final_estimator_fit_vars()
  File "C:\ProgramData\Anaconda3\lib\site-packages\pycaret\internal\pipeline.py", line 57, in _carry_over_final_estimator_fit_vars
    for k, v in get_all_object_vars_and_properties(
  File "C:\ProgramData\Anaconda3\lib\site-packages\pycaret\internal\utils.py", line 555, in get_all_object_vars_and_properties
    return {
  File "C:\ProgramData\Anaconda3\lib\site-packages\pycaret\internal\utils.py", line 558, in <dictcomp>
    if k[:2] != "__" and type(getattr(object, k, "")).__name__ != "method"
  File "C:\ProgramData\Anaconda3\lib\site-packages\xgboost\sklearn.py", line 687, in feature_importances_
    b = self.get_booster()
  File "C:\ProgramData\Anaconda3\lib\site-packages\xgboost\sklearn.py", line 261, in get_booster
    raise XGBoostError('need to call fit or load_model beforehand')
xgboost.core.XGBoostError: need to call fit or load_model beforehand

During handling of the above exception, another exception occurred:

Traceback (most recent call last):
  File "C:\ProgramData\Anaconda3\lib\site-packages\joblib\parallel.py", line 808, in dispatch_one_batch
    tasks = self._ready_batches.get(block=False)
  File "C:\ProgramData\Anaconda3\lib\queue.py", line 167, in get
    raise Empty
_queue.Empty

During handling of the above exception, another exception occurred:

Traceback (most recent call last):
  File "C:\ProgramData\Anaconda3\lib\site-packages\pycaret\internal\tabular.py", line 2149, in compare_models
    model, model_fit_time = create_model_supervised(
  File "C:\ProgramData\Anaconda3\lib\site-packages\pycaret\internal\tabular.py", line 3058, in create_model_supervised
    scores = cross_validate(
  File "C:\ProgramData\Anaconda3\lib\site-packages\sklearn\utils\validation.py", line 72, in inner_f
    return f(**kwargs)
  File "C:\ProgramData\Anaconda3\lib\site-packages\sklearn\model_selection\_validation.py", line 242, in cross_validate
    scores = parallel(
  File "C:\ProgramData\Anaconda3\lib\site-packages\joblib\parallel.py", line 1029, in __call__
    if self.dispatch_one_batch(iterator):
  File "C:\ProgramData\Anaconda3\lib\site-packages\joblib\parallel.py", line 819, in dispatch_one_batch
    islice = list(itertools.islice(iterator, big_batch_size))
  File "C:\ProgramData\Anaconda3\lib\site-packages\sklearn\model_selection\_validation.py", line 244, in <genexpr>
    clone(estimator), X, y, scorers, train, test, verbose, None,
  File "C:\ProgramData\Anaconda3\lib\site-packages\sklearn\utils\validation.py", line 72, in inner_f
    return f(**kwargs)
  File "C:\ProgramData\Anaconda3\lib\site-packages\sklearn\base.py", line 88, in clone
    new_object = klass(**new_object_params)
  File "C:\ProgramData\Anaconda3\lib\site-packages\pycaret\internal\pipeline.py", line 24, in __init__
    self._carry_over_final_estimator_fit_vars()
  File "C:\ProgramData\Anaconda3\lib\site-packages\pycaret\internal\pipeline.py", line 57, in _carry_over_final_estimator_fit_vars
    for k, v in get_all_object_vars_and_properties(
  File "C:\ProgramData\Anaconda3\lib\site-packages\pycaret\internal\utils.py", line 555, in get_all_object_vars_and_properties
    return {
  File "C:\ProgramData\Anaconda3\lib\site-packages\pycaret\internal\utils.py", line 558, in <dictcomp>
    if k[:2] != "__" and type(getattr(object, k, "")).__name__ != "method"
  File "C:\ProgramData\Anaconda3\lib\site-packages\xgboost\sklearn.py", line 687, in feature_importances_
    b = self.get_booster()
  File "C:\ProgramData\Anaconda3\lib\site-packages\xgboost\sklearn.py", line 261, in get_booster
    raise XGBoostError('need to call fit or load_model beforehand')
xgboost.core.XGBoostError: need to call fit or load_model beforehand

2020-11-14 21:34:27,587:INFO:Initializing Light Gradient Boosting Machine
2020-11-14 21:34:27,587:INFO:Total runtime is 0.24714833895365398 minutes
2020-11-14 21:34:27,587:INFO:SubProcess create_model() called ==================================
2020-11-14 21:34:27,587:INFO:Initializing create_model()
2020-11-14 21:34:27,587:INFO:create_model(estimator=lightgbm, fold=StratifiedKFold(n_splits=10, random_state=1234, shuffle=False), round=4, cross_validation=True, predict=True, fit_kwargs={}, groups=None, refit=False, verbose=False, system=False, metrics=None, display=<pycaret.internal.Display.Display object at 0x0000015D25F59430>, kwargs={})
2020-11-14 21:34:27,587:INFO:Checking exceptions
2020-11-14 21:34:27,602:INFO:Importing libraries
2020-11-14 21:34:27,602:INFO:Copying training dataset
2020-11-14 21:34:27,602:INFO:Defining folds
2020-11-14 21:34:27,602:INFO:Declaring metric variables
2020-11-14 21:34:27,618:INFO:Importing untrained model
2020-11-14 21:34:27,633:INFO:Light Gradient Boosting Machine Imported succesfully
2020-11-14 21:34:27,656:INFO:Starting cross validation
2020-11-14 21:34:27,656:INFO:Cross validating with StratifiedKFold(n_splits=10, random_state=1234, shuffle=False), n_jobs=-1
2020-11-14 21:34:27,947:INFO:Calculating mean and std
2020-11-14 21:34:27,947:INFO:Creating metrics dataframe
2020-11-14 21:34:27,957:INFO:Uploading results into container
2020-11-14 21:34:27,957:INFO:Uploading model into container now
2020-11-14 21:34:27,957:INFO:create_model_container: 13
2020-11-14 21:34:27,957:INFO:master_model_container: 13
2020-11-14 21:34:27,957:INFO:display_container: 1
2020-11-14 21:34:27,957:INFO:LGBMClassifier(boosting_type='gbdt', class_weight=None, colsample_bytree=1.0,
               importance_type='split', learning_rate=0.1, max_depth=-1,
               min_child_samples=20, min_child_weight=0.001, min_split_gain=0.0,
               n_estimators=100, n_jobs=-1, num_leaves=31, objective=None,
               random_state=1234, reg_alpha=0.0, reg_lambda=0.0, silent=True,
               subsample=1.0, subsample_for_bin=200000, subsample_freq=0)
2020-11-14 21:34:27,957:INFO:create_model() succesfully completed......................................
2020-11-14 21:34:28,173:INFO:SubProcess create_model() end ==================================
2020-11-14 21:34:28,173:INFO:Creating metrics dataframe
2020-11-14 21:34:28,204:INFO:Initializing CatBoost Classifier
2020-11-14 21:34:28,204:INFO:Total runtime is 0.2574380159378052 minutes
2020-11-14 21:34:28,220:INFO:SubProcess create_model() called ==================================
2020-11-14 21:34:28,220:INFO:Initializing create_model()
2020-11-14 21:34:28,220:INFO:create_model(estimator=catboost, fold=StratifiedKFold(n_splits=10, random_state=1234, shuffle=False), round=4, cross_validation=True, predict=True, fit_kwargs={}, groups=None, refit=False, verbose=False, system=False, metrics=None, display=<pycaret.internal.Display.Display object at 0x0000015D25F59430>, kwargs={})
2020-11-14 21:34:28,220:INFO:Checking exceptions
2020-11-14 21:34:28,220:INFO:Importing libraries
2020-11-14 21:34:28,220:INFO:Copying training dataset
2020-11-14 21:34:28,220:INFO:Defining folds
2020-11-14 21:34:28,220:INFO:Declaring metric variables
2020-11-14 21:34:28,235:INFO:Importing untrained model
2020-11-14 21:34:28,257:INFO:CatBoost Classifier Imported succesfully
2020-11-14 21:34:28,289:INFO:Starting cross validation
2020-11-14 21:34:28,289:INFO:Cross validating with StratifiedKFold(n_splits=10, random_state=1234, shuffle=False), n_jobs=-1
2020-11-14 21:34:34,104:INFO:Calculating mean and std
2020-11-14 21:34:34,104:INFO:Creating metrics dataframe
2020-11-14 21:34:34,104:INFO:Uploading results into container
2020-11-14 21:34:34,104:INFO:Uploading model into container now
2020-11-14 21:34:34,104:INFO:create_model_container: 14
2020-11-14 21:34:34,104:INFO:master_model_container: 14
2020-11-14 21:34:34,104:INFO:display_container: 1
2020-11-14 21:34:34,104:INFO:<catboost.core.CatBoostClassifier object at 0x0000015D25F90F70>
2020-11-14 21:34:34,104:INFO:create_model() succesfully completed......................................
2020-11-14 21:34:34,320:WARNING:create_model() for <catboost.core.CatBoostClassifier object at 0x0000015D25F90F70> raised an exception or returned all 0.0, trying without fit_kwargs:
2020-11-14 21:34:34,320:WARNING:Traceback (most recent call last):
  File "C:\ProgramData\Anaconda3\lib\site-packages\pycaret\internal\tabular.py", line 2142, in compare_models
    assert np.sum(model_results.iloc[0]) != 0.0
AssertionError

2020-11-14 21:34:34,327:INFO:Initializing create_model()
2020-11-14 21:34:34,327:INFO:create_model(estimator=<catboost.core.CatBoostClassifier object at 0x0000015D25F90F70>, fold=StratifiedKFold(n_splits=10, random_state=1234, shuffle=False), round=4, cross_validation=True, predict=True, fit_kwargs=None, groups=None, refit=False, verbose=False, system=False, metrics=None, display=<pycaret.internal.Display.Display object at 0x0000015D25F59430>, kwargs={})
2020-11-14 21:34:34,327:INFO:Checking exceptions
2020-11-14 21:34:34,327:INFO:Importing libraries
2020-11-14 21:34:34,327:INFO:Copying training dataset
2020-11-14 21:34:34,327:INFO:Defining folds
2020-11-14 21:34:34,327:INFO:Declaring metric variables
2020-11-14 21:34:34,327:INFO:Importing untrained model
2020-11-14 21:34:34,327:INFO:Declaring custom model
2020-11-14 21:34:34,374:INFO:CatBoost Classifier Imported succesfully
2020-11-14 21:34:34,405:INFO:Starting cross validation
2020-11-14 21:34:34,405:INFO:Cross validating with StratifiedKFold(n_splits=10, random_state=1234, shuffle=False), n_jobs=-1
2020-11-14 21:34:42,480:INFO:Calculating mean and std
2020-11-14 21:34:42,480:INFO:Creating metrics dataframe
2020-11-14 21:34:42,487:INFO:Uploading results into container
2020-11-14 21:34:42,487:INFO:Uploading model into container now
2020-11-14 21:34:42,487:INFO:create_model_container: 15
2020-11-14 21:34:42,487:INFO:master_model_container: 15
2020-11-14 21:34:42,487:INFO:display_container: 1
2020-11-14 21:34:42,487:INFO:<catboost.core.CatBoostClassifier object at 0x0000015D25F54E20>
2020-11-14 21:34:42,487:INFO:create_model() succesfully completed......................................
2020-11-14 21:34:42,665:INFO:SubProcess create_model() end ==================================
2020-11-14 21:34:42,665:INFO:Creating metrics dataframe
2020-11-14 21:34:42,734:INFO:Initializing create_model()
2020-11-14 21:34:42,734:INFO:create_model(estimator=LogisticRegression(C=1.0, class_weight=None, dual=False, fit_intercept=True,
                   intercept_scaling=1, l1_ratio=None, max_iter=1000,
                   multi_class='auto', n_jobs=None, penalty='l2',
                   random_state=1234, solver='lbfgs', tol=0.0001, verbose=0,
                   warm_start=False), fold=StratifiedKFold(n_splits=10, random_state=1234, shuffle=False), round=4, cross_validation=False, predict=False, fit_kwargs={}, groups=None, refit=True, verbose=False, system=False, metrics=None, display=None, kwargs={})
2020-11-14 21:34:42,734:INFO:Checking exceptions
2020-11-14 21:34:42,734:INFO:Importing libraries
2020-11-14 21:34:42,734:INFO:Copying training dataset
2020-11-14 21:34:42,734:INFO:Defining folds
2020-11-14 21:34:42,734:INFO:Declaring metric variables
2020-11-14 21:34:42,734:INFO:Importing untrained model
2020-11-14 21:34:42,734:INFO:Declaring custom model
2020-11-14 21:34:42,734:INFO:Logistic Regression Imported succesfully
2020-11-14 21:34:42,734:INFO:Cross validation set to False
2020-11-14 21:34:42,734:INFO:Fitting Model
2020-11-14 21:34:42,787:INFO:LogisticRegression(C=1.0, class_weight=None, dual=False, fit_intercept=True,
                   intercept_scaling=1, l1_ratio=None, max_iter=1000,
                   multi_class='auto', n_jobs=None, penalty='l2',
                   random_state=1234, solver='lbfgs', tol=0.0001, verbose=0,
                   warm_start=False)
2020-11-14 21:34:42,787:INFO:create_models() succesfully completed......................................
2020-11-14 21:34:43,050:INFO:create_model_container: 15
2020-11-14 21:34:43,050:INFO:master_model_container: 15
2020-11-14 21:34:43,050:INFO:display_container: 1
2020-11-14 21:34:43,050:INFO:LogisticRegression(C=1.0, class_weight=None, dual=False, fit_intercept=True,
                   intercept_scaling=1, l1_ratio=None, max_iter=1000,
                   multi_class='auto', n_jobs=None, penalty='l2',
                   random_state=1234, solver='lbfgs', tol=0.0001, verbose=0,
                   warm_start=False)
2020-11-14 21:34:43,050:INFO:compare_models() succesfully completed......................................
2020-11-15 15:46:21,401:INFO:PyCaret Supervised Module
2020-11-15 15:46:21,401:INFO:ML Usecase: classification
2020-11-15 15:46:21,401:INFO:version 2.2.0
2020-11-15 15:46:21,401:INFO:Initializing setup()
2020-11-15 15:46:21,401:INFO:setup(target=loan_status, ml_usecase=classification, available_plots={'parameter': 'Hyperparameters', 'auc': 'AUC', 'confusion_matrix': 'Confusion Matrix', 'threshold': 'Threshold', 'pr': 'Precision Recall', 'error': 'Prediction Error', 'class_report': 'Class Report', 'rfe': 'Feature Selection', 'learning': 'Learning Curve', 'manifold': 'Manifold Learning', 'calibration': 'Calibration Curve', 'vc': 'Validation Curve', 'dimension': 'Dimensions', 'feature': 'Feature Importance', 'feature_all': 'Feature Importance (All)', 'boundary': 'Decision Boundary', 'lift': 'Lift Chart', 'gain': 'Gain Chart', 'tree': 'Decision Tree'}, train_size=0.8, test_data=None, preprocess=True, imputation_type=simple, iterative_imputation_iters=5, categorical_features=['Gender', 'weekend', 'Bechalor', 'High School or Below', 'college'], categorical_imputation=constant, categorical_iterative_imputer=lightgbm, ordinal_features=None, high_cardinality_features=None, high_cardinality_method=frequency, numeric_features=['Principal', 'terms', 'age'], numeric_imputation=mean, numeric_iterative_imputer=lightgbm, date_features=None, ignore_features=None, normalize=False, normalize_method=zscore, transformation=False, transformation_method=yeo-johnson, handle_unknown_categorical=True, unknown_categorical_method=least_frequent, pca=False, pca_method=linear, pca_components=None, ignore_low_variance=False, combine_rare_levels=False, rare_level_threshold=0.1, bin_numeric_features=None, remove_outliers=False, outliers_threshold=0.05, remove_multicollinearity=False, multicollinearity_threshold=0.9, remove_perfect_collinearity=True, create_clusters=False, cluster_iter=20, polynomial_features=False, polynomial_degree=2, trigonometry_features=False, polynomial_threshold=0.1, group_features=None, group_names=None, feature_selection=False, feature_selection_threshold=0.8, feature_selection_method=classic, feature_interaction=False, feature_ratio=False, interaction_threshold=0.01, fix_imbalance=False, fix_imbalance_method=None, transform_target=False, transform_target_method=box-cox, data_split_shuffle=True, data_split_stratify=False, fold_strategy=stratifiedkfold, fold=10, fold_shuffle=False, fold_groups=None, n_jobs=-1, use_gpu=False, custom_pipeline=None, html=True, session_id=1234, log_experiment=False, experiment_name=None, log_plots=False, log_profile=False, log_data=False, silent=False, verbose=True, profile=False, display=None)
2020-11-15 15:46:21,401:INFO:Checking environment
2020-11-15 15:46:21,401:INFO:python_version: 3.8.3
2020-11-15 15:46:21,401:INFO:python_build: ('default', 'Jul  2 2020 17:30:36')
2020-11-15 15:46:21,401:INFO:machine: AMD64
2020-11-15 15:46:21,401:INFO:platform: Windows-10-10.0.18362-SP0
2020-11-15 15:46:21,401:INFO:Memory: svmem(total=17056563200, available=12485029888, percent=26.8, used=4571533312, free=12485029888)
2020-11-15 15:46:21,401:INFO:Physical Core: 2
2020-11-15 15:46:21,401:INFO:Logical Core: 4
2020-11-15 15:46:21,401:INFO:Checking libraries
2020-11-15 15:46:21,401:INFO:pd==1.1.3
2020-11-15 15:46:21,401:INFO:numpy==1.19.2
2020-11-15 15:46:21,401:INFO:sklearn==0.23.2
2020-11-15 15:46:22,403:INFO:xgboost==1.1.1
2020-11-15 15:46:22,403:INFO:lightgbm==2.3.1
2020-11-15 15:46:22,619:INFO:catboost==0.24
2020-11-15 15:46:24,345:INFO:mlflow==1.10.0
2020-11-15 15:46:24,361:INFO:Checking Exceptions
2020-11-15 15:46:24,361:INFO:Declaring global variables
2020-11-15 15:46:24,361:INFO:USI: d8d9
2020-11-15 15:46:24,361:INFO:pycaret_globals: {'master_model_container', 'y_train', 'pycaret_globals', 'log_plots_param', 'transform_target_param', '_all_models', 'fix_imbalance_param', 'fold_generator', '_gpu_n_jobs_param', 'target_param', 'fold_shuffle_param', 'USI', 'transform_target_method_param', 'prep_pipe', 'fix_imbalance_method_param', 'experiment__', 'imputation_classifier', 'html_param', 'y_test', 'data_before_preprocess', 'n_jobs_param', '_internal_pipeline', 'fold_param', 'y', 'create_model_container', 'fold_groups_param', 'X', 'exp_name_log', 'iterative_imputation_iters_param', '_all_metrics', 'X_test', 'display_container', '_ml_usecase', 'X_train', 'stratify_param', '_available_plots', 'seed', '_all_models_internal', 'gpu_param', 'logging_param', 'imputation_regressor'}
2020-11-15 15:46:24,361:INFO:Preparing display monitor
2020-11-15 15:46:24,361:INFO:Preparing display monitor
2020-11-15 15:46:24,377:INFO:Importing libraries
2020-11-15 15:46:24,377:INFO:Copying data for preprocessing
2020-11-15 15:46:24,392:INFO:Declaring preprocessing parameters
2020-11-15 15:46:24,392:INFO:Creating preprocessing pipeline
2020-11-15 15:46:24,392:INFO:Preprocessing pipeline created successfully
2020-11-15 15:46:24,392:ERROR:(Process Exit): setup has been interupted with user command 'quit'. setup must rerun.
2020-11-15 15:46:24,392:INFO:Creating global containers
2020-11-15 15:46:24,408:INFO:Internal pipeline: Pipeline(memory=None, steps=[('empty_step', 'passthrough')], verbose=False)
2020-11-15 15:46:31,892:INFO:Creating grid variables
2020-11-15 15:46:31,907:INFO:create_model_container: 0
2020-11-15 15:46:31,907:INFO:master_model_container: 0
2020-11-15 15:46:31,907:INFO:display_container: 0
2020-11-15 15:46:31,923:INFO:Pipeline(memory=None,
         steps=[('dtypes',
                 DataTypes_Auto_infer(categorical_features=['Gender', 'weekend',
                                                            'Bechalor',
                                                            'High School or '
                                                            'Below',
                                                            'college'],
                                      display_types=True, features_todrop=[],
                                      id_columns=[],
                                      ml_usecase='classification',
                                      numerical_features=['Principal', 'terms',
                                                          'age'],
                                      target='loan_status', time_features=[])),
                ('imputer',
                 Simple_Imputer(categorical_s...
                ('scaling', 'passthrough'), ('P_transform', 'passthrough'),
                ('binn', 'passthrough'), ('rem_outliers', 'passthrough'),
                ('cluster_all', 'passthrough'),
                ('dummy', Dummify(target='loan_status')),
                ('fix_perfect', Remove_100(target='loan_status')),
                ('clean_names', Clean_Colum_Names()),
                ('feature_select', 'passthrough'), ('fix_multi', 'passthrough'),
                ('dfs', 'passthrough'), ('pca', 'passthrough')],
         verbose=False)
2020-11-15 15:46:31,923:INFO:setup() succesfully completed......................................
2020-11-15 15:46:38,954:INFO:Initializing compare_models()
2020-11-15 15:46:38,954:INFO:compare_models(include=None, fold=None, round=4, cross_validation=True, sort=Accuracy, n_select=1, budget_time=None, turbo=True, errors=ignore, fit_kwargs=None, groups=None, verbose=True, display=None, exclude=None)
2020-11-15 15:46:38,954:INFO:Checking exceptions
2020-11-15 15:46:38,954:INFO:Preparing display monitor
2020-11-15 15:46:38,954:INFO:Preparing display monitor
2020-11-15 15:46:39,007:INFO:Initializing Logistic Regression
2020-11-15 15:46:39,007:INFO:Total runtime is 0.0 minutes
2020-11-15 15:46:39,023:INFO:SubProcess create_model() called ==================================
2020-11-15 15:46:39,023:INFO:Initializing create_model()
2020-11-15 15:46:39,023:INFO:create_model(estimator=lr, fold=StratifiedKFold(n_splits=10, random_state=1234, shuffle=False), round=4, cross_validation=True, predict=True, fit_kwargs={}, groups=None, refit=False, verbose=False, system=False, metrics=None, display=<pycaret.internal.Display.Display object at 0x000001646FF86F40>, kwargs={})
2020-11-15 15:46:39,023:INFO:Checking exceptions
2020-11-15 15:46:39,023:INFO:Importing libraries
2020-11-15 15:46:39,023:INFO:Copying training dataset
2020-11-15 15:46:39,023:INFO:Defining folds
2020-11-15 15:46:39,023:INFO:Declaring metric variables
2020-11-15 15:46:39,023:INFO:Importing untrained model
2020-11-15 15:46:39,038:INFO:Logistic Regression Imported succesfully
2020-11-15 15:46:39,070:INFO:Starting cross validation
2020-11-15 15:46:39,070:INFO:Cross validating with StratifiedKFold(n_splits=10, random_state=1234, shuffle=False), n_jobs=-1
2020-11-15 15:46:45,416:INFO:Calculating mean and std
2020-11-15 15:46:45,416:INFO:Creating metrics dataframe
2020-11-15 15:46:45,427:INFO:Uploading results into container
2020-11-15 15:46:45,428:INFO:Uploading model into container now
2020-11-15 15:46:45,428:INFO:create_model_container: 1
2020-11-15 15:46:45,428:INFO:master_model_container: 1
2020-11-15 15:46:45,428:INFO:display_container: 1
2020-11-15 15:46:45,429:INFO:LogisticRegression(C=1.0, class_weight=None, dual=False, fit_intercept=True,
                   intercept_scaling=1, l1_ratio=None, max_iter=1000,
                   multi_class='auto', n_jobs=None, penalty='l2',
                   random_state=1234, solver='lbfgs', tol=0.0001, verbose=0,
                   warm_start=False)
2020-11-15 15:46:45,429:INFO:create_model() succesfully completed......................................
2020-11-15 15:46:45,550:INFO:SubProcess create_model() end ==================================
2020-11-15 15:46:45,550:INFO:Creating metrics dataframe
2020-11-15 15:46:45,571:INFO:Initializing K Neighbors Classifier
2020-11-15 15:46:45,571:INFO:Total runtime is 0.10939613978068034 minutes
2020-11-15 15:46:45,588:INFO:SubProcess create_model() called ==================================
2020-11-15 15:46:45,589:INFO:Initializing create_model()
2020-11-15 15:46:45,589:INFO:create_model(estimator=knn, fold=StratifiedKFold(n_splits=10, random_state=1234, shuffle=False), round=4, cross_validation=True, predict=True, fit_kwargs={}, groups=None, refit=False, verbose=False, system=False, metrics=None, display=<pycaret.internal.Display.Display object at 0x000001646FF86F40>, kwargs={})
2020-11-15 15:46:45,589:INFO:Checking exceptions
2020-11-15 15:46:45,589:INFO:Importing libraries
2020-11-15 15:46:45,589:INFO:Copying training dataset
2020-11-15 15:46:45,591:INFO:Defining folds
2020-11-15 15:46:45,592:INFO:Declaring metric variables
2020-11-15 15:46:45,610:INFO:Importing untrained model
2020-11-15 15:46:45,623:INFO:K Neighbors Classifier Imported succesfully
2020-11-15 15:46:45,667:INFO:Starting cross validation
2020-11-15 15:46:45,668:INFO:Cross validating with StratifiedKFold(n_splits=10, random_state=1234, shuffle=False), n_jobs=-1
2020-11-15 15:46:45,889:INFO:Calculating mean and std
2020-11-15 15:46:45,889:INFO:Creating metrics dataframe
2020-11-15 15:46:45,897:INFO:Uploading results into container
2020-11-15 15:46:45,897:INFO:Uploading model into container now
2020-11-15 15:46:45,897:INFO:create_model_container: 2
2020-11-15 15:46:45,897:INFO:master_model_container: 2
2020-11-15 15:46:45,897:INFO:display_container: 1
2020-11-15 15:46:45,897:INFO:KNeighborsClassifier(algorithm='auto', leaf_size=30, metric='minkowski',
                     metric_params=None, n_jobs=-1, n_neighbors=5, p=2,
                     weights='uniform')
2020-11-15 15:46:45,897:INFO:create_model() succesfully completed......................................
2020-11-15 15:46:46,031:INFO:SubProcess create_model() end ==================================
2020-11-15 15:46:46,031:INFO:Creating metrics dataframe
2020-11-15 15:46:46,037:INFO:Initializing Naive Bayes
2020-11-15 15:46:46,037:INFO:Total runtime is 0.11716807683308919 minutes
2020-11-15 15:46:46,053:INFO:SubProcess create_model() called ==================================
2020-11-15 15:46:46,053:INFO:Initializing create_model()
2020-11-15 15:46:46,053:INFO:create_model(estimator=nb, fold=StratifiedKFold(n_splits=10, random_state=1234, shuffle=False), round=4, cross_validation=True, predict=True, fit_kwargs={}, groups=None, refit=False, verbose=False, system=False, metrics=None, display=<pycaret.internal.Display.Display object at 0x000001646FF86F40>, kwargs={})
2020-11-15 15:46:46,053:INFO:Checking exceptions
2020-11-15 15:46:46,053:INFO:Importing libraries
2020-11-15 15:46:46,053:INFO:Copying training dataset
2020-11-15 15:46:46,053:INFO:Defining folds
2020-11-15 15:46:46,053:INFO:Declaring metric variables
2020-11-15 15:46:46,068:INFO:Importing untrained model
2020-11-15 15:46:46,084:INFO:Naive Bayes Imported succesfully
2020-11-15 15:46:46,115:INFO:Starting cross validation
2020-11-15 15:46:46,115:INFO:Cross validating with StratifiedKFold(n_splits=10, random_state=1234, shuffle=False), n_jobs=-1
2020-11-15 15:46:46,216:INFO:Calculating mean and std
2020-11-15 15:46:46,216:INFO:Creating metrics dataframe
2020-11-15 15:46:46,231:INFO:Uploading results into container
2020-11-15 15:46:46,231:INFO:Uploading model into container now
2020-11-15 15:46:46,231:INFO:create_model_container: 3
2020-11-15 15:46:46,231:INFO:master_model_container: 3
2020-11-15 15:46:46,231:INFO:display_container: 1
2020-11-15 15:46:46,231:INFO:GaussianNB(priors=None, var_smoothing=1e-09)
2020-11-15 15:46:46,231:INFO:create_model() succesfully completed......................................
2020-11-15 15:46:46,354:INFO:SubProcess create_model() end ==================================
2020-11-15 15:46:46,354:INFO:Creating metrics dataframe
2020-11-15 15:46:46,385:INFO:Initializing Decision Tree Classifier
2020-11-15 15:46:46,385:INFO:Total runtime is 0.12296175161997477 minutes
2020-11-15 15:46:46,400:INFO:SubProcess create_model() called ==================================
2020-11-15 15:46:46,400:INFO:Initializing create_model()
2020-11-15 15:46:46,400:INFO:create_model(estimator=dt, fold=StratifiedKFold(n_splits=10, random_state=1234, shuffle=False), round=4, cross_validation=True, predict=True, fit_kwargs={}, groups=None, refit=False, verbose=False, system=False, metrics=None, display=<pycaret.internal.Display.Display object at 0x000001646FF86F40>, kwargs={})
2020-11-15 15:46:46,400:INFO:Checking exceptions
2020-11-15 15:46:46,400:INFO:Importing libraries
2020-11-15 15:46:46,400:INFO:Copying training dataset
2020-11-15 15:46:46,400:INFO:Defining folds
2020-11-15 15:46:46,400:INFO:Declaring metric variables
2020-11-15 15:46:46,416:INFO:Importing untrained model
2020-11-15 15:46:46,438:INFO:Decision Tree Classifier Imported succesfully
2020-11-15 15:46:46,469:INFO:Starting cross validation
2020-11-15 15:46:46,469:INFO:Cross validating with StratifiedKFold(n_splits=10, random_state=1234, shuffle=False), n_jobs=-1
2020-11-15 15:46:46,570:INFO:Calculating mean and std
2020-11-15 15:46:46,570:INFO:Creating metrics dataframe
2020-11-15 15:46:46,570:INFO:Uploading results into container
2020-11-15 15:46:46,570:INFO:Uploading model into container now
2020-11-15 15:46:46,570:INFO:create_model_container: 4
2020-11-15 15:46:46,570:INFO:master_model_container: 4
2020-11-15 15:46:46,570:INFO:display_container: 1
2020-11-15 15:46:46,570:INFO:DecisionTreeClassifier(ccp_alpha=0.0, class_weight=None, criterion='gini',
                       max_depth=None, max_features=None, max_leaf_nodes=None,
                       min_impurity_decrease=0.0, min_impurity_split=None,
                       min_samples_leaf=1, min_samples_split=2,
                       min_weight_fraction_leaf=0.0, presort='deprecated',
                       random_state=1234, splitter='best')
2020-11-15 15:46:46,570:INFO:create_model() succesfully completed......................................
2020-11-15 15:46:46,686:INFO:SubProcess create_model() end ==================================
2020-11-15 15:46:46,686:INFO:Creating metrics dataframe
2020-11-15 15:46:46,717:INFO:Initializing SVM - Linear Kernel
2020-11-15 15:46:46,717:INFO:Total runtime is 0.12849462827046712 minutes
2020-11-15 15:46:46,717:INFO:SubProcess create_model() called ==================================
2020-11-15 15:46:46,717:INFO:Initializing create_model()
2020-11-15 15:46:46,717:INFO:create_model(estimator=svm, fold=StratifiedKFold(n_splits=10, random_state=1234, shuffle=False), round=4, cross_validation=True, predict=True, fit_kwargs={}, groups=None, refit=False, verbose=False, system=False, metrics=None, display=<pycaret.internal.Display.Display object at 0x000001646FF86F40>, kwargs={})
2020-11-15 15:46:46,717:INFO:Checking exceptions
2020-11-15 15:46:46,717:INFO:Importing libraries
2020-11-15 15:46:46,717:INFO:Copying training dataset
2020-11-15 15:46:46,717:INFO:Defining folds
2020-11-15 15:46:46,717:INFO:Declaring metric variables
2020-11-15 15:46:46,755:INFO:Importing untrained model
2020-11-15 15:46:46,755:INFO:SVM - Linear Kernel Imported succesfully
2020-11-15 15:46:46,786:INFO:Starting cross validation
2020-11-15 15:46:46,786:INFO:Cross validating with StratifiedKFold(n_splits=10, random_state=1234, shuffle=False), n_jobs=-1
2020-11-15 15:46:46,986:INFO:Calculating mean and std
2020-11-15 15:46:46,986:INFO:Creating metrics dataframe
2020-11-15 15:46:46,986:INFO:Uploading results into container
2020-11-15 15:46:46,986:INFO:Uploading model into container now
2020-11-15 15:46:46,986:INFO:create_model_container: 5
2020-11-15 15:46:46,986:INFO:master_model_container: 5
2020-11-15 15:46:46,986:INFO:display_container: 1
2020-11-15 15:46:46,986:INFO:SGDClassifier(alpha=0.0001, average=False, class_weight=None,
              early_stopping=False, epsilon=0.1, eta0=0.001, fit_intercept=True,
              l1_ratio=0.15, learning_rate='optimal', loss='hinge',
              max_iter=1000, n_iter_no_change=5, n_jobs=-1, penalty='l2',
              power_t=0.5, random_state=1234, shuffle=True, tol=0.001,
              validation_fraction=0.1, verbose=0, warm_start=False)
2020-11-15 15:46:46,986:INFO:create_model() succesfully completed......................................
2020-11-15 15:46:47,103:INFO:SubProcess create_model() end ==================================
2020-11-15 15:46:47,103:INFO:Creating metrics dataframe
2020-11-15 15:46:47,134:INFO:Initializing Ridge Classifier
2020-11-15 15:46:47,134:INFO:Total runtime is 0.13544968366622925 minutes
2020-11-15 15:46:47,140:INFO:SubProcess create_model() called ==================================
2020-11-15 15:46:47,140:INFO:Initializing create_model()
2020-11-15 15:46:47,140:INFO:create_model(estimator=ridge, fold=StratifiedKFold(n_splits=10, random_state=1234, shuffle=False), round=4, cross_validation=True, predict=True, fit_kwargs={}, groups=None, refit=False, verbose=False, system=False, metrics=None, display=<pycaret.internal.Display.Display object at 0x000001646FF86F40>, kwargs={})
2020-11-15 15:46:47,140:INFO:Checking exceptions
2020-11-15 15:46:47,140:INFO:Importing libraries
2020-11-15 15:46:47,140:INFO:Copying training dataset
2020-11-15 15:46:47,140:INFO:Defining folds
2020-11-15 15:46:47,140:INFO:Declaring metric variables
2020-11-15 15:46:47,155:INFO:Importing untrained model
2020-11-15 15:46:47,171:INFO:Ridge Classifier Imported succesfully
2020-11-15 15:46:47,218:INFO:Starting cross validation
2020-11-15 15:46:47,218:INFO:Cross validating with StratifiedKFold(n_splits=10, random_state=1234, shuffle=False), n_jobs=-1
2020-11-15 15:46:47,356:INFO:Calculating mean and std
2020-11-15 15:46:47,356:INFO:Creating metrics dataframe
2020-11-15 15:46:47,371:INFO:Uploading results into container
2020-11-15 15:46:47,371:INFO:Uploading model into container now
2020-11-15 15:46:47,371:INFO:create_model_container: 6
2020-11-15 15:46:47,371:INFO:master_model_container: 6
2020-11-15 15:46:47,371:INFO:display_container: 1
2020-11-15 15:46:47,371:INFO:RidgeClassifier(alpha=1.0, class_weight=None, copy_X=True, fit_intercept=True,
                max_iter=None, normalize=False, random_state=1234,
                solver='auto', tol=0.001)
2020-11-15 15:46:47,371:INFO:create_model() succesfully completed......................................
2020-11-15 15:46:47,487:INFO:SubProcess create_model() end ==================================
2020-11-15 15:46:47,487:INFO:Creating metrics dataframe
2020-11-15 15:46:47,518:INFO:Initializing Random Forest Classifier
2020-11-15 15:46:47,518:INFO:Total runtime is 0.14185583194096885 minutes
2020-11-15 15:46:47,534:INFO:SubProcess create_model() called ==================================
2020-11-15 15:46:47,534:INFO:Initializing create_model()
2020-11-15 15:46:47,534:INFO:create_model(estimator=rf, fold=StratifiedKFold(n_splits=10, random_state=1234, shuffle=False), round=4, cross_validation=True, predict=True, fit_kwargs={}, groups=None, refit=False, verbose=False, system=False, metrics=None, display=<pycaret.internal.Display.Display object at 0x000001646FF86F40>, kwargs={})
2020-11-15 15:46:47,534:INFO:Checking exceptions
2020-11-15 15:46:47,534:INFO:Importing libraries
2020-11-15 15:46:47,534:INFO:Copying training dataset
2020-11-15 15:46:47,534:INFO:Defining folds
2020-11-15 15:46:47,541:INFO:Declaring metric variables
2020-11-15 15:46:47,556:INFO:Importing untrained model
2020-11-15 15:46:47,556:INFO:Random Forest Classifier Imported succesfully
2020-11-15 15:46:47,603:INFO:Starting cross validation
2020-11-15 15:46:47,603:INFO:Cross validating with StratifiedKFold(n_splits=10, random_state=1234, shuffle=False), n_jobs=-1
2020-11-15 15:46:49,271:INFO:Calculating mean and std
2020-11-15 15:46:49,271:INFO:Creating metrics dataframe
2020-11-15 15:46:49,271:INFO:Uploading results into container
2020-11-15 15:46:49,271:INFO:Uploading model into container now
2020-11-15 15:46:49,271:INFO:create_model_container: 7
2020-11-15 15:46:49,271:INFO:master_model_container: 7
2020-11-15 15:46:49,271:INFO:display_container: 1
2020-11-15 15:46:49,271:INFO:RandomForestClassifier(bootstrap=True, ccp_alpha=0.0, class_weight=None,
                       criterion='gini', max_depth=None, max_features='auto',
                       max_leaf_nodes=None, max_samples=None,
                       min_impurity_decrease=0.0, min_impurity_split=None,
                       min_samples_leaf=1, min_samples_split=2,
                       min_weight_fraction_leaf=0.0, n_estimators=100,
                       n_jobs=-1, oob_score=False, random_state=1234, verbose=0,
                       warm_start=False)
2020-11-15 15:46:49,271:INFO:create_model() succesfully completed......................................
2020-11-15 15:46:49,387:INFO:SubProcess create_model() end ==================================
2020-11-15 15:46:49,387:INFO:Creating metrics dataframe
2020-11-15 15:46:49,418:INFO:Initializing Quadratic Discriminant Analysis
2020-11-15 15:46:49,418:INFO:Total runtime is 0.17352246840794883 minutes
2020-11-15 15:46:49,418:INFO:SubProcess create_model() called ==================================
2020-11-15 15:46:49,418:INFO:Initializing create_model()
2020-11-15 15:46:49,418:INFO:create_model(estimator=qda, fold=StratifiedKFold(n_splits=10, random_state=1234, shuffle=False), round=4, cross_validation=True, predict=True, fit_kwargs={}, groups=None, refit=False, verbose=False, system=False, metrics=None, display=<pycaret.internal.Display.Display object at 0x000001646FF86F40>, kwargs={})
2020-11-15 15:46:49,418:INFO:Checking exceptions
2020-11-15 15:46:49,418:INFO:Importing libraries
2020-11-15 15:46:49,418:INFO:Copying training dataset
2020-11-15 15:46:49,434:INFO:Defining folds
2020-11-15 15:46:49,434:INFO:Declaring metric variables
2020-11-15 15:46:49,441:INFO:Importing untrained model
2020-11-15 15:46:49,472:INFO:Quadratic Discriminant Analysis Imported succesfully
2020-11-15 15:46:49,503:INFO:Starting cross validation
2020-11-15 15:46:49,503:INFO:Cross validating with StratifiedKFold(n_splits=10, random_state=1234, shuffle=False), n_jobs=-1
2020-11-15 15:46:49,619:INFO:Calculating mean and std
2020-11-15 15:46:49,619:INFO:Creating metrics dataframe
2020-11-15 15:46:49,635:INFO:Uploading results into container
2020-11-15 15:46:49,635:INFO:Uploading model into container now
2020-11-15 15:46:49,635:INFO:create_model_container: 8
2020-11-15 15:46:49,635:INFO:master_model_container: 8
2020-11-15 15:46:49,635:INFO:display_container: 1
2020-11-15 15:46:49,635:INFO:QuadraticDiscriminantAnalysis(priors=None, reg_param=0.0,
                              store_covariance=False, tol=0.0001)
2020-11-15 15:46:49,635:INFO:create_model() succesfully completed......................................
2020-11-15 15:46:49,757:INFO:SubProcess create_model() end ==================================
2020-11-15 15:46:49,757:INFO:Creating metrics dataframe
2020-11-15 15:46:49,773:INFO:Initializing Ada Boost Classifier
2020-11-15 15:46:49,773:INFO:Total runtime is 0.17942490180333456 minutes
2020-11-15 15:46:49,788:INFO:SubProcess create_model() called ==================================
2020-11-15 15:46:49,788:INFO:Initializing create_model()
2020-11-15 15:46:49,788:INFO:create_model(estimator=ada, fold=StratifiedKFold(n_splits=10, random_state=1234, shuffle=False), round=4, cross_validation=True, predict=True, fit_kwargs={}, groups=None, refit=False, verbose=False, system=False, metrics=None, display=<pycaret.internal.Display.Display object at 0x000001646FF86F40>, kwargs={})
2020-11-15 15:46:49,788:INFO:Checking exceptions
2020-11-15 15:46:49,788:INFO:Importing libraries
2020-11-15 15:46:49,788:INFO:Copying training dataset
2020-11-15 15:46:49,788:INFO:Defining folds
2020-11-15 15:46:49,788:INFO:Declaring metric variables
2020-11-15 15:46:49,804:INFO:Importing untrained model
2020-11-15 15:46:49,835:INFO:Ada Boost Classifier Imported succesfully
2020-11-15 15:46:49,857:INFO:Starting cross validation
2020-11-15 15:46:49,857:INFO:Cross validating with StratifiedKFold(n_splits=10, random_state=1234, shuffle=False), n_jobs=-1
2020-11-15 15:46:50,435:INFO:Calculating mean and std
2020-11-15 15:46:50,437:INFO:Creating metrics dataframe
2020-11-15 15:46:50,444:INFO:Uploading results into container
2020-11-15 15:46:50,445:INFO:Uploading model into container now
2020-11-15 15:46:50,445:INFO:create_model_container: 9
2020-11-15 15:46:50,445:INFO:master_model_container: 9
2020-11-15 15:46:50,445:INFO:display_container: 1
2020-11-15 15:46:50,446:INFO:AdaBoostClassifier(algorithm='SAMME.R', base_estimator=None, learning_rate=1.0,
                   n_estimators=50, random_state=1234)
2020-11-15 15:46:50,446:INFO:create_model() succesfully completed......................................
2020-11-15 15:46:50,556:INFO:SubProcess create_model() end ==================================
2020-11-15 15:46:50,556:INFO:Creating metrics dataframe
2020-11-15 15:46:50,580:INFO:Initializing Gradient Boosting Classifier
2020-11-15 15:46:50,580:INFO:Total runtime is 0.19288576443990071 minutes
2020-11-15 15:46:50,594:INFO:SubProcess create_model() called ==================================
2020-11-15 15:46:50,595:INFO:Initializing create_model()
2020-11-15 15:46:50,595:INFO:create_model(estimator=gbc, fold=StratifiedKFold(n_splits=10, random_state=1234, shuffle=False), round=4, cross_validation=True, predict=True, fit_kwargs={}, groups=None, refit=False, verbose=False, system=False, metrics=None, display=<pycaret.internal.Display.Display object at 0x000001646FF86F40>, kwargs={})
2020-11-15 15:46:50,595:INFO:Checking exceptions
2020-11-15 15:46:50,595:INFO:Importing libraries
2020-11-15 15:46:50,595:INFO:Copying training dataset
2020-11-15 15:46:50,597:INFO:Defining folds
2020-11-15 15:46:50,597:INFO:Declaring metric variables
2020-11-15 15:46:50,617:INFO:Importing untrained model
2020-11-15 15:46:50,633:INFO:Gradient Boosting Classifier Imported succesfully
2020-11-15 15:46:50,668:INFO:Starting cross validation
2020-11-15 15:46:50,669:INFO:Cross validating with StratifiedKFold(n_splits=10, random_state=1234, shuffle=False), n_jobs=-1
2020-11-15 15:46:51,120:INFO:Calculating mean and std
2020-11-15 15:46:51,120:INFO:Creating metrics dataframe
2020-11-15 15:46:51,120:INFO:Uploading results into container
2020-11-15 15:46:51,120:INFO:Uploading model into container now
2020-11-15 15:46:51,120:INFO:create_model_container: 10
2020-11-15 15:46:51,120:INFO:master_model_container: 10
2020-11-15 15:46:51,120:INFO:display_container: 1
2020-11-15 15:46:51,130:INFO:GradientBoostingClassifier(ccp_alpha=0.0, criterion='friedman_mse', init=None,
                           learning_rate=0.1, loss='deviance', max_depth=3,
                           max_features=None, max_leaf_nodes=None,
                           min_impurity_decrease=0.0, min_impurity_split=None,
                           min_samples_leaf=1, min_samples_split=2,
                           min_weight_fraction_leaf=0.0, n_estimators=100,
                           n_iter_no_change=None, presort='deprecated',
                           random_state=1234, subsample=1.0, tol=0.0001,
                           validation_fraction=0.1, verbose=0,
                           warm_start=False)
2020-11-15 15:46:51,130:INFO:create_model() succesfully completed......................................
2020-11-15 15:46:51,230:INFO:SubProcess create_model() end ==================================
2020-11-15 15:46:51,230:INFO:Creating metrics dataframe
2020-11-15 15:46:51,261:INFO:Initializing Linear Discriminant Analysis
2020-11-15 15:46:51,261:INFO:Total runtime is 0.20423245032628376 minutes
2020-11-15 15:46:51,261:INFO:SubProcess create_model() called ==================================
2020-11-15 15:46:51,261:INFO:Initializing create_model()
2020-11-15 15:46:51,261:INFO:create_model(estimator=lda, fold=StratifiedKFold(n_splits=10, random_state=1234, shuffle=False), round=4, cross_validation=True, predict=True, fit_kwargs={}, groups=None, refit=False, verbose=False, system=False, metrics=None, display=<pycaret.internal.Display.Display object at 0x000001646FF86F40>, kwargs={})
2020-11-15 15:46:51,261:INFO:Checking exceptions
2020-11-15 15:46:51,277:INFO:Importing libraries
2020-11-15 15:46:51,277:INFO:Copying training dataset
2020-11-15 15:46:51,277:INFO:Defining folds
2020-11-15 15:46:51,277:INFO:Declaring metric variables
2020-11-15 15:46:51,292:INFO:Importing untrained model
2020-11-15 15:46:51,308:INFO:Linear Discriminant Analysis Imported succesfully
2020-11-15 15:46:51,330:INFO:Starting cross validation
2020-11-15 15:46:51,346:INFO:Cross validating with StratifiedKFold(n_splits=10, random_state=1234, shuffle=False), n_jobs=-1
2020-11-15 15:46:51,430:INFO:Calculating mean and std
2020-11-15 15:46:51,430:INFO:Creating metrics dataframe
2020-11-15 15:46:51,446:INFO:Uploading results into container
2020-11-15 15:46:51,446:INFO:Uploading model into container now
2020-11-15 15:46:51,446:INFO:create_model_container: 11
2020-11-15 15:46:51,446:INFO:master_model_container: 11
2020-11-15 15:46:51,446:INFO:display_container: 1
2020-11-15 15:46:51,446:INFO:LinearDiscriminantAnalysis(n_components=None, priors=None, shrinkage=None,
                           solver='svd', store_covariance=False, tol=0.0001)
2020-11-15 15:46:51,446:INFO:create_model() succesfully completed......................................
2020-11-15 15:46:51,577:INFO:SubProcess create_model() end ==================================
2020-11-15 15:46:51,577:INFO:Creating metrics dataframe
2020-11-15 15:46:51,593:INFO:Initializing Extra Trees Classifier
2020-11-15 15:46:51,593:INFO:Total runtime is 0.20976539452870685 minutes
2020-11-15 15:46:51,609:INFO:SubProcess create_model() called ==================================
2020-11-15 15:46:51,609:INFO:Initializing create_model()
2020-11-15 15:46:51,609:INFO:create_model(estimator=et, fold=StratifiedKFold(n_splits=10, random_state=1234, shuffle=False), round=4, cross_validation=True, predict=True, fit_kwargs={}, groups=None, refit=False, verbose=False, system=False, metrics=None, display=<pycaret.internal.Display.Display object at 0x000001646FF86F40>, kwargs={})
2020-11-15 15:46:51,609:INFO:Checking exceptions
2020-11-15 15:46:51,609:INFO:Importing libraries
2020-11-15 15:46:51,609:INFO:Copying training dataset
2020-11-15 15:46:51,609:INFO:Defining folds
2020-11-15 15:46:51,609:INFO:Declaring metric variables
2020-11-15 15:46:51,631:INFO:Importing untrained model
2020-11-15 15:46:51,646:INFO:Extra Trees Classifier Imported succesfully
2020-11-15 15:46:51,678:INFO:Starting cross validation
2020-11-15 15:46:51,678:INFO:Cross validating with StratifiedKFold(n_splits=10, random_state=1234, shuffle=False), n_jobs=-1
2020-11-15 15:46:52,915:INFO:Calculating mean and std
2020-11-15 15:46:52,915:INFO:Creating metrics dataframe
2020-11-15 15:46:52,931:INFO:Uploading results into container
2020-11-15 15:46:52,931:INFO:Uploading model into container now
2020-11-15 15:46:52,931:INFO:create_model_container: 12
2020-11-15 15:46:52,931:INFO:master_model_container: 12
2020-11-15 15:46:52,931:INFO:display_container: 1
2020-11-15 15:46:52,931:INFO:ExtraTreesClassifier(bootstrap=False, ccp_alpha=0.0, class_weight=None,
                     criterion='gini', max_depth=None, max_features='auto',
                     max_leaf_nodes=None, max_samples=None,
                     min_impurity_decrease=0.0, min_impurity_split=None,
                     min_samples_leaf=1, min_samples_split=2,
                     min_weight_fraction_leaf=0.0, n_estimators=100, n_jobs=-1,
                     oob_score=False, random_state=1234, verbose=0,
                     warm_start=False)
2020-11-15 15:46:52,931:INFO:create_model() succesfully completed......................................
2020-11-15 15:46:53,038:INFO:SubProcess create_model() end ==================================
2020-11-15 15:46:53,038:INFO:Creating metrics dataframe
2020-11-15 15:46:53,069:INFO:Initializing Extreme Gradient Boosting
2020-11-15 15:46:53,069:INFO:Total runtime is 0.234366242090861 minutes
2020-11-15 15:46:53,085:INFO:SubProcess create_model() called ==================================
2020-11-15 15:46:53,085:INFO:Initializing create_model()
2020-11-15 15:46:53,085:INFO:create_model(estimator=xgboost, fold=StratifiedKFold(n_splits=10, random_state=1234, shuffle=False), round=4, cross_validation=True, predict=True, fit_kwargs={}, groups=None, refit=False, verbose=False, system=False, metrics=None, display=<pycaret.internal.Display.Display object at 0x000001646FF86F40>, kwargs={})
2020-11-15 15:46:53,085:INFO:Checking exceptions
2020-11-15 15:46:53,085:INFO:Importing libraries
2020-11-15 15:46:53,085:INFO:Copying training dataset
2020-11-15 15:46:53,085:INFO:Defining folds
2020-11-15 15:46:53,085:INFO:Declaring metric variables
2020-11-15 15:46:53,100:INFO:Importing untrained model
2020-11-15 15:46:53,116:INFO:Extreme Gradient Boosting Imported succesfully
2020-11-15 15:46:53,154:INFO:Starting cross validation
2020-11-15 15:46:53,154:INFO:Cross validating with StratifiedKFold(n_splits=10, random_state=1234, shuffle=False), n_jobs=-1
2020-11-15 15:46:53,154:WARNING:create_model() for xgboost raised an exception or returned all 0.0, trying without fit_kwargs:
2020-11-15 15:46:53,185:WARNING:Traceback (most recent call last):
  File "C:\ProgramData\Anaconda3\lib\site-packages\joblib\parallel.py", line 827, in dispatch_one_batch
    tasks = self._ready_batches.get(block=False)
  File "C:\ProgramData\Anaconda3\lib\queue.py", line 167, in get
    raise Empty
_queue.Empty

During handling of the above exception, another exception occurred:

Traceback (most recent call last):
  File "C:\ProgramData\Anaconda3\lib\site-packages\pycaret\internal\tabular.py", line 2129, in compare_models
    model, model_fit_time = create_model_supervised(
  File "C:\ProgramData\Anaconda3\lib\site-packages\pycaret\internal\tabular.py", line 3058, in create_model_supervised
    scores = cross_validate(
  File "C:\ProgramData\Anaconda3\lib\site-packages\sklearn\utils\validation.py", line 72, in inner_f
    return f(**kwargs)
  File "C:\ProgramData\Anaconda3\lib\site-packages\sklearn\model_selection\_validation.py", line 242, in cross_validate
    scores = parallel(
  File "C:\ProgramData\Anaconda3\lib\site-packages\joblib\parallel.py", line 1048, in __call__
    if self.dispatch_one_batch(iterator):
  File "C:\ProgramData\Anaconda3\lib\site-packages\joblib\parallel.py", line 838, in dispatch_one_batch
    islice = list(itertools.islice(iterator, big_batch_size))
  File "C:\ProgramData\Anaconda3\lib\site-packages\sklearn\model_selection\_validation.py", line 244, in <genexpr>
    clone(estimator), X, y, scorers, train, test, verbose, None,
  File "C:\ProgramData\Anaconda3\lib\site-packages\sklearn\utils\validation.py", line 72, in inner_f
    return f(**kwargs)
  File "C:\ProgramData\Anaconda3\lib\site-packages\sklearn\base.py", line 88, in clone
    new_object = klass(**new_object_params)
  File "C:\ProgramData\Anaconda3\lib\site-packages\pycaret\internal\pipeline.py", line 24, in __init__
    self._carry_over_final_estimator_fit_vars()
  File "C:\ProgramData\Anaconda3\lib\site-packages\pycaret\internal\pipeline.py", line 57, in _carry_over_final_estimator_fit_vars
    for k, v in get_all_object_vars_and_properties(
  File "C:\ProgramData\Anaconda3\lib\site-packages\pycaret\internal\utils.py", line 555, in get_all_object_vars_and_properties
    return {
  File "C:\ProgramData\Anaconda3\lib\site-packages\pycaret\internal\utils.py", line 558, in <dictcomp>
    if k[:2] != "__" and type(getattr(object, k, "")).__name__ != "method"
  File "C:\ProgramData\Anaconda3\lib\site-packages\xgboost\sklearn.py", line 687, in feature_importances_
    b = self.get_booster()
  File "C:\ProgramData\Anaconda3\lib\site-packages\xgboost\sklearn.py", line 261, in get_booster
    raise XGBoostError('need to call fit or load_model beforehand')
xgboost.core.XGBoostError: need to call fit or load_model beforehand

2020-11-15 15:46:53,185:INFO:Initializing create_model()
2020-11-15 15:46:53,185:INFO:create_model(estimator=xgboost, fold=StratifiedKFold(n_splits=10, random_state=1234, shuffle=False), round=4, cross_validation=True, predict=True, fit_kwargs=None, groups=None, refit=False, verbose=False, system=False, metrics=None, display=<pycaret.internal.Display.Display object at 0x000001646FF86F40>, kwargs={})
2020-11-15 15:46:53,185:INFO:Checking exceptions
2020-11-15 15:46:53,185:INFO:Importing libraries
2020-11-15 15:46:53,185:INFO:Copying training dataset
2020-11-15 15:46:53,185:INFO:Defining folds
2020-11-15 15:46:53,185:INFO:Declaring metric variables
2020-11-15 15:46:53,185:INFO:Importing untrained model
2020-11-15 15:46:53,201:INFO:Extreme Gradient Boosting Imported succesfully
2020-11-15 15:46:53,238:INFO:Starting cross validation
2020-11-15 15:46:53,238:INFO:Cross validating with StratifiedKFold(n_splits=10, random_state=1234, shuffle=False), n_jobs=-1
2020-11-15 15:46:53,254:ERROR:create_model() for xgboost raised an exception:
2020-11-15 15:46:53,254:ERROR:Traceback (most recent call last):
  File "C:\ProgramData\Anaconda3\lib\site-packages\joblib\parallel.py", line 827, in dispatch_one_batch
    tasks = self._ready_batches.get(block=False)
  File "C:\ProgramData\Anaconda3\lib\queue.py", line 167, in get
    raise Empty
_queue.Empty

During handling of the above exception, another exception occurred:

Traceback (most recent call last):
  File "C:\ProgramData\Anaconda3\lib\site-packages\pycaret\internal\tabular.py", line 2129, in compare_models
    model, model_fit_time = create_model_supervised(
  File "C:\ProgramData\Anaconda3\lib\site-packages\pycaret\internal\tabular.py", line 3058, in create_model_supervised
    scores = cross_validate(
  File "C:\ProgramData\Anaconda3\lib\site-packages\sklearn\utils\validation.py", line 72, in inner_f
    return f(**kwargs)
  File "C:\ProgramData\Anaconda3\lib\site-packages\sklearn\model_selection\_validation.py", line 242, in cross_validate
    scores = parallel(
  File "C:\ProgramData\Anaconda3\lib\site-packages\joblib\parallel.py", line 1048, in __call__
    if self.dispatch_one_batch(iterator):
  File "C:\ProgramData\Anaconda3\lib\site-packages\joblib\parallel.py", line 838, in dispatch_one_batch
    islice = list(itertools.islice(iterator, big_batch_size))
  File "C:\ProgramData\Anaconda3\lib\site-packages\sklearn\model_selection\_validation.py", line 244, in <genexpr>
    clone(estimator), X, y, scorers, train, test, verbose, None,
  File "C:\ProgramData\Anaconda3\lib\site-packages\sklearn\utils\validation.py", line 72, in inner_f
    return f(**kwargs)
  File "C:\ProgramData\Anaconda3\lib\site-packages\sklearn\base.py", line 88, in clone
    new_object = klass(**new_object_params)
  File "C:\ProgramData\Anaconda3\lib\site-packages\pycaret\internal\pipeline.py", line 24, in __init__
    self._carry_over_final_estimator_fit_vars()
  File "C:\ProgramData\Anaconda3\lib\site-packages\pycaret\internal\pipeline.py", line 57, in _carry_over_final_estimator_fit_vars
    for k, v in get_all_object_vars_and_properties(
  File "C:\ProgramData\Anaconda3\lib\site-packages\pycaret\internal\utils.py", line 555, in get_all_object_vars_and_properties
    return {
  File "C:\ProgramData\Anaconda3\lib\site-packages\pycaret\internal\utils.py", line 558, in <dictcomp>
    if k[:2] != "__" and type(getattr(object, k, "")).__name__ != "method"
  File "C:\ProgramData\Anaconda3\lib\site-packages\xgboost\sklearn.py", line 687, in feature_importances_
    b = self.get_booster()
  File "C:\ProgramData\Anaconda3\lib\site-packages\xgboost\sklearn.py", line 261, in get_booster
    raise XGBoostError('need to call fit or load_model beforehand')
xgboost.core.XGBoostError: need to call fit or load_model beforehand

During handling of the above exception, another exception occurred:

Traceback (most recent call last):
  File "C:\ProgramData\Anaconda3\lib\site-packages\joblib\parallel.py", line 827, in dispatch_one_batch
    tasks = self._ready_batches.get(block=False)
  File "C:\ProgramData\Anaconda3\lib\queue.py", line 167, in get
    raise Empty
_queue.Empty

During handling of the above exception, another exception occurred:

Traceback (most recent call last):
  File "C:\ProgramData\Anaconda3\lib\site-packages\pycaret\internal\tabular.py", line 2149, in compare_models
    model, model_fit_time = create_model_supervised(
  File "C:\ProgramData\Anaconda3\lib\site-packages\pycaret\internal\tabular.py", line 3058, in create_model_supervised
    scores = cross_validate(
  File "C:\ProgramData\Anaconda3\lib\site-packages\sklearn\utils\validation.py", line 72, in inner_f
    return f(**kwargs)
  File "C:\ProgramData\Anaconda3\lib\site-packages\sklearn\model_selection\_validation.py", line 242, in cross_validate
    scores = parallel(
  File "C:\ProgramData\Anaconda3\lib\site-packages\joblib\parallel.py", line 1048, in __call__
    if self.dispatch_one_batch(iterator):
  File "C:\ProgramData\Anaconda3\lib\site-packages\joblib\parallel.py", line 838, in dispatch_one_batch
    islice = list(itertools.islice(iterator, big_batch_size))
  File "C:\ProgramData\Anaconda3\lib\site-packages\sklearn\model_selection\_validation.py", line 244, in <genexpr>
    clone(estimator), X, y, scorers, train, test, verbose, None,
  File "C:\ProgramData\Anaconda3\lib\site-packages\sklearn\utils\validation.py", line 72, in inner_f
    return f(**kwargs)
  File "C:\ProgramData\Anaconda3\lib\site-packages\sklearn\base.py", line 88, in clone
    new_object = klass(**new_object_params)
  File "C:\ProgramData\Anaconda3\lib\site-packages\pycaret\internal\pipeline.py", line 24, in __init__
    self._carry_over_final_estimator_fit_vars()
  File "C:\ProgramData\Anaconda3\lib\site-packages\pycaret\internal\pipeline.py", line 57, in _carry_over_final_estimator_fit_vars
    for k, v in get_all_object_vars_and_properties(
  File "C:\ProgramData\Anaconda3\lib\site-packages\pycaret\internal\utils.py", line 555, in get_all_object_vars_and_properties
    return {
  File "C:\ProgramData\Anaconda3\lib\site-packages\pycaret\internal\utils.py", line 558, in <dictcomp>
    if k[:2] != "__" and type(getattr(object, k, "")).__name__ != "method"
  File "C:\ProgramData\Anaconda3\lib\site-packages\xgboost\sklearn.py", line 687, in feature_importances_
    b = self.get_booster()
  File "C:\ProgramData\Anaconda3\lib\site-packages\xgboost\sklearn.py", line 261, in get_booster
    raise XGBoostError('need to call fit or load_model beforehand')
xgboost.core.XGBoostError: need to call fit or load_model beforehand

2020-11-15 15:46:53,254:INFO:Initializing Light Gradient Boosting Machine
2020-11-15 15:46:53,254:INFO:Total runtime is 0.23744728565216064 minutes
2020-11-15 15:46:53,254:INFO:SubProcess create_model() called ==================================
2020-11-15 15:46:53,254:INFO:Initializing create_model()
2020-11-15 15:46:53,254:INFO:create_model(estimator=lightgbm, fold=StratifiedKFold(n_splits=10, random_state=1234, shuffle=False), round=4, cross_validation=True, predict=True, fit_kwargs={}, groups=None, refit=False, verbose=False, system=False, metrics=None, display=<pycaret.internal.Display.Display object at 0x000001646FF86F40>, kwargs={})
2020-11-15 15:46:53,270:INFO:Checking exceptions
2020-11-15 15:46:53,270:INFO:Importing libraries
2020-11-15 15:46:53,270:INFO:Copying training dataset
2020-11-15 15:46:53,270:INFO:Defining folds
2020-11-15 15:46:53,270:INFO:Declaring metric variables
2020-11-15 15:46:53,270:INFO:Importing untrained model
2020-11-15 15:46:53,285:INFO:Light Gradient Boosting Machine Imported succesfully
2020-11-15 15:46:53,339:INFO:Starting cross validation
2020-11-15 15:46:53,339:INFO:Cross validating with StratifiedKFold(n_splits=10, random_state=1234, shuffle=False), n_jobs=-1
2020-11-15 15:46:53,590:INFO:Calculating mean and std
2020-11-15 15:46:53,590:INFO:Creating metrics dataframe
2020-11-15 15:46:53,590:INFO:Uploading results into container
2020-11-15 15:46:53,590:INFO:Uploading model into container now
2020-11-15 15:46:53,590:INFO:create_model_container: 13
2020-11-15 15:46:53,590:INFO:master_model_container: 13
2020-11-15 15:46:53,590:INFO:display_container: 1
2020-11-15 15:46:53,590:INFO:LGBMClassifier(boosting_type='gbdt', class_weight=None, colsample_bytree=1.0,
               importance_type='split', learning_rate=0.1, max_depth=-1,
               min_child_samples=20, min_child_weight=0.001, min_split_gain=0.0,
               n_estimators=100, n_jobs=-1, num_leaves=31, objective=None,
               random_state=1234, reg_alpha=0.0, reg_lambda=0.0, silent=True,
               subsample=1.0, subsample_for_bin=200000, subsample_freq=0)
2020-11-15 15:46:53,590:INFO:create_model() succesfully completed......................................
2020-11-15 15:46:53,732:INFO:SubProcess create_model() end ==================================
2020-11-15 15:46:53,732:INFO:Creating metrics dataframe
2020-11-15 15:46:53,794:INFO:Initializing CatBoost Classifier
2020-11-15 15:46:53,794:INFO:Total runtime is 0.24644977649052938 minutes
2020-11-15 15:46:53,801:INFO:SubProcess create_model() called ==================================
2020-11-15 15:46:53,801:INFO:Initializing create_model()
2020-11-15 15:46:53,801:INFO:create_model(estimator=catboost, fold=StratifiedKFold(n_splits=10, random_state=1234, shuffle=False), round=4, cross_validation=True, predict=True, fit_kwargs={}, groups=None, refit=False, verbose=False, system=False, metrics=None, display=<pycaret.internal.Display.Display object at 0x000001646FF86F40>, kwargs={})
2020-11-15 15:46:53,801:INFO:Checking exceptions
2020-11-15 15:46:53,801:INFO:Importing libraries
2020-11-15 15:46:53,801:INFO:Copying training dataset
2020-11-15 15:46:53,801:INFO:Defining folds
2020-11-15 15:46:53,801:INFO:Declaring metric variables
2020-11-15 15:46:53,816:INFO:Importing untrained model
2020-11-15 15:46:53,832:INFO:CatBoost Classifier Imported succesfully
2020-11-15 15:46:53,879:INFO:Starting cross validation
2020-11-15 15:46:53,879:INFO:Cross validating with StratifiedKFold(n_splits=10, random_state=1234, shuffle=False), n_jobs=-1
2020-11-15 15:47:02,065:INFO:Calculating mean and std
2020-11-15 15:47:02,065:INFO:Creating metrics dataframe
2020-11-15 15:47:02,080:INFO:Uploading results into container
2020-11-15 15:47:02,080:INFO:Uploading model into container now
2020-11-15 15:47:02,080:INFO:create_model_container: 14
2020-11-15 15:47:02,080:INFO:master_model_container: 14
2020-11-15 15:47:02,080:INFO:display_container: 1
2020-11-15 15:47:02,080:INFO:<catboost.core.CatBoostClassifier object at 0x0000016476AE2E80>
2020-11-15 15:47:02,080:INFO:create_model() succesfully completed......................................
2020-11-15 15:47:02,180:INFO:SubProcess create_model() end ==================================
2020-11-15 15:47:02,180:INFO:Creating metrics dataframe
2020-11-15 15:47:02,249:INFO:Initializing create_model()
2020-11-15 15:47:02,249:INFO:create_model(estimator=LogisticRegression(C=1.0, class_weight=None, dual=False, fit_intercept=True,
                   intercept_scaling=1, l1_ratio=None, max_iter=1000,
                   multi_class='auto', n_jobs=None, penalty='l2',
                   random_state=1234, solver='lbfgs', tol=0.0001, verbose=0,
                   warm_start=False), fold=StratifiedKFold(n_splits=10, random_state=1234, shuffle=False), round=4, cross_validation=False, predict=False, fit_kwargs={}, groups=None, refit=True, verbose=False, system=False, metrics=None, display=None, kwargs={})
2020-11-15 15:47:02,249:INFO:Checking exceptions
2020-11-15 15:47:02,249:INFO:Importing libraries
2020-11-15 15:47:02,249:INFO:Copying training dataset
2020-11-15 15:47:02,249:INFO:Defining folds
2020-11-15 15:47:02,249:INFO:Declaring metric variables
2020-11-15 15:47:02,249:INFO:Importing untrained model
2020-11-15 15:47:02,249:INFO:Declaring custom model
2020-11-15 15:47:02,249:INFO:Logistic Regression Imported succesfully
2020-11-15 15:47:02,249:INFO:Cross validation set to False
2020-11-15 15:47:02,249:INFO:Fitting Model
2020-11-15 15:47:02,281:INFO:LogisticRegression(C=1.0, class_weight=None, dual=False, fit_intercept=True,
                   intercept_scaling=1, l1_ratio=None, max_iter=1000,
                   multi_class='auto', n_jobs=None, penalty='l2',
                   random_state=1234, solver='lbfgs', tol=0.0001, verbose=0,
                   warm_start=False)
2020-11-15 15:47:02,281:INFO:create_models() succesfully completed......................................
2020-11-15 15:47:02,497:INFO:create_model_container: 14
2020-11-15 15:47:02,497:INFO:master_model_container: 14
2020-11-15 15:47:02,497:INFO:display_container: 1
2020-11-15 15:47:02,497:INFO:LogisticRegression(C=1.0, class_weight=None, dual=False, fit_intercept=True,
                   intercept_scaling=1, l1_ratio=None, max_iter=1000,
                   multi_class='auto', n_jobs=None, penalty='l2',
                   random_state=1234, solver='lbfgs', tol=0.0001, verbose=0,
                   warm_start=False)
2020-11-15 15:47:02,497:INFO:compare_models() succesfully completed......................................
2020-11-15 15:48:53,642:INFO:Initializing create_model()
2020-11-15 15:48:53,642:INFO:create_model(estimator=lr, fold=None, round=4, cross_validation=True, predict=True, fit_kwargs=None, groups=None, refit=True, verbose=True, system=True, metrics=None, display=None, kwargs={})
2020-11-15 15:48:53,642:INFO:Checking exceptions
2020-11-15 15:48:53,642:INFO:Preparing display monitor
2020-11-15 15:48:53,674:INFO:Importing libraries
2020-11-15 15:48:53,674:INFO:Copying training dataset
2020-11-15 15:48:53,674:INFO:Defining folds
2020-11-15 15:48:53,674:INFO:Declaring metric variables
2020-11-15 15:48:53,689:INFO:Importing untrained model
2020-11-15 15:48:53,705:INFO:Logistic Regression Imported succesfully
2020-11-15 15:48:53,727:INFO:Starting cross validation
2020-11-15 15:48:53,727:INFO:Cross validating with StratifiedKFold(n_splits=10, random_state=1234, shuffle=False), n_jobs=-1
2020-11-15 15:48:53,990:INFO:Calculating mean and std
2020-11-15 15:48:53,990:INFO:Creating metrics dataframe
2020-11-15 15:48:54,008:INFO:Finalizing model
2020-11-15 15:48:54,039:INFO:Uploading results into container
2020-11-15 15:48:54,039:INFO:Uploading model into container now
2020-11-15 15:48:54,071:INFO:create_model_container: 15
2020-11-15 15:48:54,071:INFO:master_model_container: 15
2020-11-15 15:48:54,071:INFO:display_container: 2
2020-11-15 15:48:54,071:INFO:LogisticRegression(C=1.0, class_weight=None, dual=False, fit_intercept=True,
                   intercept_scaling=1, l1_ratio=None, max_iter=1000,
                   multi_class='auto', n_jobs=None, penalty='l2',
                   random_state=1234, solver='lbfgs', tol=0.0001, verbose=0,
                   warm_start=False)
2020-11-15 15:48:54,071:INFO:create_model() succesfully completed......................................
2020-11-15 15:49:36,669:INFO:Initializing tune_model()
2020-11-15 15:49:36,669:INFO:tune_model(estimator=LogisticRegression(C=1.0, class_weight=None, dual=False, fit_intercept=True,
                   intercept_scaling=1, l1_ratio=None, max_iter=1000,
                   multi_class='auto', n_jobs=None, penalty='l2',
                   random_state=1234, solver='lbfgs', tol=0.0001, verbose=0,
                   warm_start=False), fold=None, round=4, n_iter=10, custom_grid=None, optimize=Accuracy, custom_scorer=None, search_library=scikit-learn, search_algorithm=None, early_stopping=False, early_stopping_max_iters=10, choose_better=False, fit_kwargs=None, groups=None, return_tuner=False, verbose=True, tuner_verbose=True, display=None, kwargs={})
2020-11-15 15:49:36,669:INFO:Checking exceptions
2020-11-15 15:49:36,669:INFO:Preparing display monitor
2020-11-15 15:49:36,700:INFO:Copying training dataset
2020-11-15 15:49:36,700:INFO:Checking base model
2020-11-15 15:49:36,700:INFO:Base model : Logistic Regression
2020-11-15 15:49:36,716:INFO:Declaring metric variables
2020-11-15 15:49:36,738:INFO:Defining Hyperparameters
2020-11-15 15:49:36,870:INFO:Tuning with n_jobs=-1
2020-11-15 15:49:36,870:INFO:Initializing RandomizedSearchCV
2020-11-15 15:49:38,257:INFO:best_params: {'actual_estimator__penalty': 'l2', 'actual_estimator__class_weight': {}, 'actual_estimator__C': 5.926}
2020-11-15 15:49:38,260:INFO:Random search completed
2020-11-15 15:49:38,260:INFO:SubProcess create_model() called ==================================
2020-11-15 15:49:38,260:INFO:Initializing create_model()
2020-11-15 15:49:38,260:INFO:create_model(estimator=LogisticRegression(C=1.0, class_weight=None, dual=False, fit_intercept=True,
                   intercept_scaling=1, l1_ratio=None, max_iter=1000,
                   multi_class='auto', n_jobs=None, penalty='l2',
                   random_state=1234, solver='lbfgs', tol=0.0001, verbose=0,
                   warm_start=False), fold=StratifiedKFold(n_splits=10, random_state=1234, shuffle=False), round=4, cross_validation=True, predict=True, fit_kwargs={}, groups=None, refit=True, verbose=True, system=False, metrics=None, display=<pycaret.internal.Display.Display object at 0x0000016476A8B640>, kwargs={'penalty': 'l2', 'class_weight': {}, 'C': 5.926})
2020-11-15 15:49:38,260:INFO:Checking exceptions
2020-11-15 15:49:38,260:INFO:Importing libraries
2020-11-15 15:49:38,260:INFO:Copying training dataset
2020-11-15 15:49:38,260:INFO:Defining folds
2020-11-15 15:49:38,260:INFO:Declaring metric variables
2020-11-15 15:49:38,268:INFO:Importing untrained model
2020-11-15 15:49:38,268:INFO:Declaring custom model
2020-11-15 15:49:38,278:INFO:Logistic Regression Imported succesfully
2020-11-15 15:49:38,324:INFO:Starting cross validation
2020-11-15 15:49:38,324:INFO:Cross validating with StratifiedKFold(n_splits=10, random_state=1234, shuffle=False), n_jobs=-1
2020-11-15 15:49:38,581:INFO:Calculating mean and std
2020-11-15 15:49:38,589:INFO:Creating metrics dataframe
2020-11-15 15:49:38,599:INFO:Finalizing model
2020-11-15 15:49:38,646:INFO:Uploading results into container
2020-11-15 15:49:38,646:INFO:Uploading model into container now
2020-11-15 15:49:38,646:INFO:create_model_container: 16
2020-11-15 15:49:38,646:INFO:master_model_container: 16
2020-11-15 15:49:38,646:INFO:display_container: 3
2020-11-15 15:49:38,646:INFO:LogisticRegression(C=5.926, class_weight={}, dual=False, fit_intercept=True,
                   intercept_scaling=1, l1_ratio=None, max_iter=1000,
                   multi_class='auto', n_jobs=None, penalty='l2',
                   random_state=1234, solver='lbfgs', tol=0.0001, verbose=0,
                   warm_start=False)
2020-11-15 15:49:38,646:INFO:create_model() succesfully completed......................................
2020-11-15 15:49:38,777:INFO:SubProcess create_model() end ==================================
2020-11-15 15:49:38,793:INFO:create_model_container: 16
2020-11-15 15:49:38,793:INFO:master_model_container: 16
2020-11-15 15:49:38,793:INFO:display_container: 3
2020-11-15 15:49:38,793:INFO:LogisticRegression(C=5.926, class_weight={}, dual=False, fit_intercept=True,
                   intercept_scaling=1, l1_ratio=None, max_iter=1000,
                   multi_class='auto', n_jobs=None, penalty='l2',
                   random_state=1234, solver='lbfgs', tol=0.0001, verbose=0,
                   warm_start=False)
2020-11-15 15:49:38,793:INFO:tune_model() succesfully completed......................................
2020-11-15 15:50:36,916:INFO:Initializing plot_model()
2020-11-15 15:50:36,916:INFO:plot_model(plot=auc, fold=None, verbose=True, display=None, estimator=LogisticRegression(C=5.926, class_weight={}, dual=False, fit_intercept=True,
                   intercept_scaling=1, l1_ratio=None, max_iter=1000,
                   multi_class='auto', n_jobs=None, penalty='l2',
                   random_state=1234, solver='lbfgs', tol=0.0001, verbose=0,
                   warm_start=False), feature_name=None, fit_kwargs=None, groups=None, label=False, save=False, scale=1, system=True)
2020-11-15 15:50:36,916:INFO:Checking exceptions
2020-11-15 15:50:36,916:INFO:Preparing display monitor
2020-11-15 15:50:36,932:INFO:Preloading libraries
2020-11-15 15:50:36,932:INFO:Copying training dataset
2020-11-15 15:50:36,932:INFO:Copying test dataset
2020-11-15 15:50:36,932:INFO:Plot type: auc
2020-11-15 15:50:37,086:INFO:Fitting Model
2020-11-15 15:50:37,086:INFO:Scoring test/hold-out set
2020-11-15 15:50:37,386:INFO:Visual Rendered Successfully
2020-11-15 15:50:37,502:INFO:plot_model() succesfully completed......................................
2020-11-15 15:50:56,048:INFO:Initializing plot_model()
2020-11-15 15:50:56,048:INFO:plot_model(plot=pr, fold=None, verbose=True, display=None, estimator=LogisticRegression(C=5.926, class_weight={}, dual=False, fit_intercept=True,
                   intercept_scaling=1, l1_ratio=None, max_iter=1000,
                   multi_class='auto', n_jobs=None, penalty='l2',
                   random_state=1234, solver='lbfgs', tol=0.0001, verbose=0,
                   warm_start=False), feature_name=None, fit_kwargs=None, groups=None, label=False, save=False, scale=1, system=True)
2020-11-15 15:50:56,048:INFO:Checking exceptions
2020-11-15 15:50:56,049:INFO:Preparing display monitor
2020-11-15 15:50:56,061:INFO:Preloading libraries
2020-11-15 15:50:56,063:INFO:Copying training dataset
2020-11-15 15:50:56,064:INFO:Copying test dataset
2020-11-15 15:50:56,064:INFO:Plot type: pr
2020-11-15 15:50:56,096:INFO:Fitting Model
2020-11-15 15:50:56,097:INFO:Scoring test/hold-out set
2020-11-15 15:50:56,318:INFO:Visual Rendered Successfully
2020-11-15 15:50:56,432:INFO:plot_model() succesfully completed......................................
2020-11-15 15:51:13,536:INFO:Initializing plot_model()
2020-11-15 15:51:13,536:INFO:plot_model(plot=feature, fold=None, verbose=True, display=None, estimator=LogisticRegression(C=5.926, class_weight={}, dual=False, fit_intercept=True,
                   intercept_scaling=1, l1_ratio=None, max_iter=1000,
                   multi_class='auto', n_jobs=None, penalty='l2',
                   random_state=1234, solver='lbfgs', tol=0.0001, verbose=0,
                   warm_start=False), feature_name=None, fit_kwargs=None, groups=None, label=False, save=False, scale=1, system=True)
2020-11-15 15:51:13,536:INFO:Checking exceptions
2020-11-15 15:51:13,536:INFO:Preparing display monitor
2020-11-15 15:51:13,552:INFO:Preloading libraries
2020-11-15 15:51:13,552:INFO:Copying training dataset
2020-11-15 15:51:13,567:INFO:Copying test dataset
2020-11-15 15:51:13,567:INFO:Plot type: feature
2020-11-15 15:51:13,806:INFO:Visual Rendered Successfully
2020-11-15 15:51:13,921:INFO:plot_model() succesfully completed......................................
2020-11-15 15:51:38,931:INFO:Initializing plot_model()
2020-11-15 15:51:38,931:INFO:plot_model(plot=confusion_matrix, fold=None, verbose=True, display=None, estimator=LogisticRegression(C=5.926, class_weight={}, dual=False, fit_intercept=True,
                   intercept_scaling=1, l1_ratio=None, max_iter=1000,
                   multi_class='auto', n_jobs=None, penalty='l2',
                   random_state=1234, solver='lbfgs', tol=0.0001, verbose=0,
                   warm_start=False), feature_name=None, fit_kwargs=None, groups=None, label=False, save=False, scale=1, system=True)
2020-11-15 15:51:38,931:INFO:Checking exceptions
2020-11-15 15:51:38,937:INFO:Preparing display monitor
2020-11-15 15:51:38,937:INFO:Preloading libraries
2020-11-15 15:51:38,937:INFO:Copying training dataset
2020-11-15 15:51:38,937:INFO:Copying test dataset
2020-11-15 15:51:38,937:INFO:Plot type: confusion_matrix
2020-11-15 15:51:38,969:INFO:Fitting Model
2020-11-15 15:51:38,969:INFO:Scoring test/hold-out set
2020-11-15 15:51:39,138:INFO:Visual Rendered Successfully
2020-11-15 15:51:39,254:INFO:plot_model() succesfully completed......................................
2020-11-15 15:52:21,644:INFO:Initializing predict_model()
2020-11-15 15:52:21,644:INFO:predict_model(estimator=LogisticRegression(C=5.926, class_weight={}, dual=False, fit_intercept=True,
                   intercept_scaling=1, l1_ratio=None, max_iter=1000,
                   multi_class='auto', n_jobs=None, penalty='l2',
                   random_state=1234, solver='lbfgs', tol=0.0001, verbose=0,
                   warm_start=False), probability_threshold=None, encoded_labels=False, round=4, verbose=True, ml_usecase=MLUsecase.CLASSIFICATION, display=None)
2020-11-15 15:52:21,644:INFO:Checking exceptions
2020-11-15 15:52:21,644:INFO:Preloading libraries
2020-11-15 15:52:21,644:INFO:Preparing display monitor
2020-11-15 15:53:52,640:INFO:Initializing predict_model()
2020-11-15 15:53:52,640:INFO:predict_model(estimator=LogisticRegression(C=5.926, class_weight={}, dual=False, fit_intercept=True,
                   intercept_scaling=1, l1_ratio=None, max_iter=1000,
                   multi_class='auto', n_jobs=None, penalty='l2',
                   random_state=1234, solver='lbfgs', tol=0.0001, verbose=0,
                   warm_start=False), probability_threshold=None, encoded_labels=False, round=4, verbose=True, ml_usecase=MLUsecase.CLASSIFICATION, display=None)
2020-11-15 15:53:52,640:INFO:Checking exceptions
2020-11-15 15:53:52,640:INFO:Preloading libraries
2020-11-15 15:53:52,640:INFO:Preparing display monitor
2020-11-15 15:58:28,472:INFO:PyCaret Supervised Module
2020-11-15 15:58:28,472:INFO:ML Usecase: classification
2020-11-15 15:58:28,472:INFO:version 2.2.0
2020-11-15 15:58:28,472:INFO:Initializing setup()
2020-11-15 15:58:28,472:INFO:setup(target=loan_status, ml_usecase=classification, available_plots={'parameter': 'Hyperparameters', 'auc': 'AUC', 'confusion_matrix': 'Confusion Matrix', 'threshold': 'Threshold', 'pr': 'Precision Recall', 'error': 'Prediction Error', 'class_report': 'Class Report', 'rfe': 'Feature Selection', 'learning': 'Learning Curve', 'manifold': 'Manifold Learning', 'calibration': 'Calibration Curve', 'vc': 'Validation Curve', 'dimension': 'Dimensions', 'feature': 'Feature Importance', 'feature_all': 'Feature Importance (All)', 'boundary': 'Decision Boundary', 'lift': 'Lift Chart', 'gain': 'Gain Chart', 'tree': 'Decision Tree'}, train_size=0.8, test_data=None, preprocess=True, imputation_type=simple, iterative_imputation_iters=5, categorical_features=['Gender', 'weekend', 'Bechalor', 'High School or Below', 'college'], categorical_imputation=constant, categorical_iterative_imputer=lightgbm, ordinal_features=None, high_cardinality_features=None, high_cardinality_method=frequency, numeric_features=['Principal', 'terms', 'age'], numeric_imputation=mean, numeric_iterative_imputer=lightgbm, date_features=None, ignore_features=None, normalize=False, normalize_method=zscore, transformation=False, transformation_method=yeo-johnson, handle_unknown_categorical=True, unknown_categorical_method=least_frequent, pca=False, pca_method=linear, pca_components=None, ignore_low_variance=False, combine_rare_levels=False, rare_level_threshold=0.1, bin_numeric_features=None, remove_outliers=False, outliers_threshold=0.05, remove_multicollinearity=False, multicollinearity_threshold=0.9, remove_perfect_collinearity=True, create_clusters=False, cluster_iter=20, polynomial_features=False, polynomial_degree=2, trigonometry_features=False, polynomial_threshold=0.1, group_features=None, group_names=None, feature_selection=False, feature_selection_threshold=0.8, feature_selection_method=classic, feature_interaction=False, feature_ratio=False, interaction_threshold=0.01, fix_imbalance=False, fix_imbalance_method=None, transform_target=False, transform_target_method=box-cox, data_split_shuffle=True, data_split_stratify=False, fold_strategy=stratifiedkfold, fold=10, fold_shuffle=False, fold_groups=None, n_jobs=-1, use_gpu=False, custom_pipeline=None, html=True, session_id=1234, log_experiment=False, experiment_name=None, log_plots=False, log_profile=False, log_data=False, silent=False, verbose=True, profile=False, display=None)
2020-11-15 15:58:28,472:INFO:Checking environment
2020-11-15 15:58:28,472:INFO:python_version: 3.8.3
2020-11-15 15:58:28,472:INFO:python_build: ('default', 'Jul  2 2020 17:30:36')
2020-11-15 15:58:28,472:INFO:machine: AMD64
2020-11-15 15:58:28,472:INFO:platform: Windows-10-10.0.18362-SP0
2020-11-15 15:58:28,472:INFO:Memory: svmem(total=17056563200, available=12340310016, percent=27.7, used=4716253184, free=12340310016)
2020-11-15 15:58:28,472:INFO:Physical Core: 2
2020-11-15 15:58:28,472:INFO:Logical Core: 4
2020-11-15 15:58:28,472:INFO:Checking libraries
2020-11-15 15:58:28,472:INFO:pd==1.1.3
2020-11-15 15:58:28,472:INFO:numpy==1.19.2
2020-11-15 15:58:28,472:INFO:sklearn==0.23.2
2020-11-15 15:58:29,274:INFO:xgboost==1.1.1
2020-11-15 15:58:29,274:INFO:lightgbm==2.3.1
2020-11-15 15:58:29,305:INFO:catboost==0.24
2020-11-15 15:58:31,078:INFO:mlflow==1.10.0
2020-11-15 15:58:31,078:INFO:Checking Exceptions
2020-11-15 15:58:31,078:INFO:Declaring global variables
2020-11-15 15:58:31,078:INFO:USI: 2017
2020-11-15 15:58:31,078:INFO:pycaret_globals: {'target_param', 'fold_groups_param', 'prep_pipe', 'logging_param', 'transform_target_param', 'data_before_preprocess', 'y_test', '_all_models_internal', 'pycaret_globals', 'X_test', '_all_models', 'fold_param', 'display_container', 'log_plots_param', 'experiment__', '_available_plots', 'imputation_classifier', 'create_model_container', 'X_train', 'fix_imbalance_param', '_gpu_n_jobs_param', '_ml_usecase', 'USI', '_internal_pipeline', 'seed', 'gpu_param', 'stratify_param', 'fold_shuffle_param', 'html_param', 'n_jobs_param', 'X', 'y', 'fix_imbalance_method_param', 'master_model_container', '_all_metrics', 'imputation_regressor', 'iterative_imputation_iters_param', 'transform_target_method_param', 'y_train', 'fold_generator', 'exp_name_log'}
2020-11-15 15:58:31,078:INFO:Preparing display monitor
2020-11-15 15:58:31,078:INFO:Preparing display monitor
2020-11-15 15:58:31,094:INFO:Importing libraries
2020-11-15 15:58:31,094:INFO:Copying data for preprocessing
2020-11-15 15:58:31,110:INFO:Declaring preprocessing parameters
2020-11-15 15:58:31,110:INFO:Creating preprocessing pipeline
2020-11-15 15:58:31,125:INFO:Preprocessing pipeline created successfully
2020-11-15 15:58:31,125:ERROR:(Process Exit): setup has been interupted with user command 'quit'. setup must rerun.
2020-11-15 15:58:31,125:INFO:Creating global containers
2020-11-15 15:58:31,125:INFO:Internal pipeline: Pipeline(memory=None, steps=[('empty_step', 'passthrough')], verbose=False)
2020-11-15 15:58:37,810:INFO:Creating grid variables
2020-11-15 15:58:37,848:INFO:create_model_container: 0
2020-11-15 15:58:37,848:INFO:master_model_container: 0
2020-11-15 15:58:37,848:INFO:display_container: 0
2020-11-15 15:58:37,848:INFO:Pipeline(memory=None,
         steps=[('dtypes',
                 DataTypes_Auto_infer(categorical_features=['Gender', 'weekend',
                                                            'Bechalor',
                                                            'High School or '
                                                            'Below',
                                                            'college'],
                                      display_types=True, features_todrop=[],
                                      id_columns=[],
                                      ml_usecase='classification',
                                      numerical_features=['Principal', 'terms',
                                                          'age'],
                                      target='loan_status', time_features=[])),
                ('imputer',
                 Simple_Imputer(categorical_s...
                ('scaling', 'passthrough'), ('P_transform', 'passthrough'),
                ('binn', 'passthrough'), ('rem_outliers', 'passthrough'),
                ('cluster_all', 'passthrough'),
                ('dummy', Dummify(target='loan_status')),
                ('fix_perfect', Remove_100(target='loan_status')),
                ('clean_names', Clean_Colum_Names()),
                ('feature_select', 'passthrough'), ('fix_multi', 'passthrough'),
                ('dfs', 'passthrough'), ('pca', 'passthrough')],
         verbose=False)
2020-11-15 15:58:37,848:INFO:setup() succesfully completed......................................
2020-11-15 15:58:37,980:INFO:Initializing compare_models()
2020-11-15 15:58:37,980:INFO:compare_models(include=None, fold=None, round=4, cross_validation=True, sort=Accuracy, n_select=1, budget_time=None, turbo=True, errors=ignore, fit_kwargs=None, groups=None, verbose=True, display=None, exclude=None)
2020-11-15 15:58:37,980:INFO:Checking exceptions
2020-11-15 15:58:37,980:INFO:Preparing display monitor
2020-11-15 15:58:37,980:INFO:Preparing display monitor
2020-11-15 15:58:38,033:INFO:Initializing Logistic Regression
2020-11-15 15:58:38,033:INFO:Total runtime is 0.0 minutes
2020-11-15 15:58:38,049:INFO:SubProcess create_model() called ==================================
2020-11-15 15:58:38,049:INFO:Initializing create_model()
2020-11-15 15:58:38,049:INFO:create_model(estimator=lr, fold=StratifiedKFold(n_splits=10, random_state=1234, shuffle=False), round=4, cross_validation=True, predict=True, fit_kwargs={}, groups=None, refit=False, verbose=False, system=False, metrics=None, display=<pycaret.internal.Display.Display object at 0x000001AD2E609640>, kwargs={})
2020-11-15 15:58:38,049:INFO:Checking exceptions
2020-11-15 15:58:38,049:INFO:Importing libraries
2020-11-15 15:58:38,049:INFO:Copying training dataset
2020-11-15 15:58:38,049:INFO:Defining folds
2020-11-15 15:58:38,049:INFO:Declaring metric variables
2020-11-15 15:58:38,064:INFO:Importing untrained model
2020-11-15 15:58:38,080:INFO:Logistic Regression Imported succesfully
2020-11-15 15:58:38,111:INFO:Starting cross validation
2020-11-15 15:58:38,111:INFO:Cross validating with StratifiedKFold(n_splits=10, random_state=1234, shuffle=False), n_jobs=-1
2020-11-15 15:58:44,483:INFO:Calculating mean and std
2020-11-15 15:58:44,483:INFO:Creating metrics dataframe
2020-11-15 15:58:44,493:INFO:Uploading results into container
2020-11-15 15:58:44,493:INFO:Uploading model into container now
2020-11-15 15:58:44,493:INFO:create_model_container: 1
2020-11-15 15:58:44,493:INFO:master_model_container: 1
2020-11-15 15:58:44,493:INFO:display_container: 1
2020-11-15 15:58:44,493:INFO:LogisticRegression(C=1.0, class_weight=None, dual=False, fit_intercept=True,
                   intercept_scaling=1, l1_ratio=None, max_iter=1000,
                   multi_class='auto', n_jobs=None, penalty='l2',
                   random_state=1234, solver='lbfgs', tol=0.0001, verbose=0,
                   warm_start=False)
2020-11-15 15:58:44,493:INFO:create_model() succesfully completed......................................
2020-11-15 15:58:44,577:INFO:SubProcess create_model() end ==================================
2020-11-15 15:58:44,577:INFO:Creating metrics dataframe
2020-11-15 15:58:44,609:INFO:Initializing K Neighbors Classifier
2020-11-15 15:58:44,609:INFO:Total runtime is 0.10959125359853109 minutes
2020-11-15 15:58:44,609:INFO:SubProcess create_model() called ==================================
2020-11-15 15:58:44,609:INFO:Initializing create_model()
2020-11-15 15:58:44,609:INFO:create_model(estimator=knn, fold=StratifiedKFold(n_splits=10, random_state=1234, shuffle=False), round=4, cross_validation=True, predict=True, fit_kwargs={}, groups=None, refit=False, verbose=False, system=False, metrics=None, display=<pycaret.internal.Display.Display object at 0x000001AD2E609640>, kwargs={})
2020-11-15 15:58:44,609:INFO:Checking exceptions
2020-11-15 15:58:44,609:INFO:Importing libraries
2020-11-15 15:58:44,609:INFO:Copying training dataset
2020-11-15 15:58:44,609:INFO:Defining folds
2020-11-15 15:58:44,624:INFO:Declaring metric variables
2020-11-15 15:58:44,655:INFO:Importing untrained model
2020-11-15 15:58:44,662:INFO:K Neighbors Classifier Imported succesfully
2020-11-15 15:58:44,693:INFO:Starting cross validation
2020-11-15 15:58:44,693:INFO:Cross validating with StratifiedKFold(n_splits=10, random_state=1234, shuffle=False), n_jobs=-1
2020-11-15 15:58:44,913:INFO:Calculating mean and std
2020-11-15 15:58:44,913:INFO:Creating metrics dataframe
2020-11-15 15:58:44,913:INFO:Uploading results into container
2020-11-15 15:58:44,913:INFO:Uploading model into container now
2020-11-15 15:58:44,913:INFO:create_model_container: 2
2020-11-15 15:58:44,913:INFO:master_model_container: 2
2020-11-15 15:58:44,913:INFO:display_container: 1
2020-11-15 15:58:44,913:INFO:KNeighborsClassifier(algorithm='auto', leaf_size=30, metric='minkowski',
                     metric_params=None, n_jobs=-1, n_neighbors=5, p=2,
                     weights='uniform')
2020-11-15 15:58:44,913:INFO:create_model() succesfully completed......................................
2020-11-15 15:58:45,013:INFO:SubProcess create_model() end ==================================
2020-11-15 15:58:45,013:INFO:Creating metrics dataframe
2020-11-15 15:58:45,028:INFO:Initializing Naive Bayes
2020-11-15 15:58:45,028:INFO:Total runtime is 0.11658641894658406 minutes
2020-11-15 15:58:45,044:INFO:SubProcess create_model() called ==================================
2020-11-15 15:58:45,044:INFO:Initializing create_model()
2020-11-15 15:58:45,044:INFO:create_model(estimator=nb, fold=StratifiedKFold(n_splits=10, random_state=1234, shuffle=False), round=4, cross_validation=True, predict=True, fit_kwargs={}, groups=None, refit=False, verbose=False, system=False, metrics=None, display=<pycaret.internal.Display.Display object at 0x000001AD2E609640>, kwargs={})
2020-11-15 15:58:45,044:INFO:Checking exceptions
2020-11-15 15:58:45,044:INFO:Importing libraries
2020-11-15 15:58:45,044:INFO:Copying training dataset
2020-11-15 15:58:45,044:INFO:Defining folds
2020-11-15 15:58:45,044:INFO:Declaring metric variables
2020-11-15 15:58:45,059:INFO:Importing untrained model
2020-11-15 15:58:45,075:INFO:Naive Bayes Imported succesfully
2020-11-15 15:58:45,113:INFO:Starting cross validation
2020-11-15 15:58:45,113:INFO:Cross validating with StratifiedKFold(n_splits=10, random_state=1234, shuffle=False), n_jobs=-1
2020-11-15 15:58:45,229:INFO:Calculating mean and std
2020-11-15 15:58:45,229:INFO:Creating metrics dataframe
2020-11-15 15:58:45,229:INFO:Uploading results into container
2020-11-15 15:58:45,229:INFO:Uploading model into container now
2020-11-15 15:58:45,229:INFO:create_model_container: 3
2020-11-15 15:58:45,229:INFO:master_model_container: 3
2020-11-15 15:58:45,229:INFO:display_container: 1
2020-11-15 15:58:45,229:INFO:GaussianNB(priors=None, var_smoothing=1e-09)
2020-11-15 15:58:45,229:INFO:create_model() succesfully completed......................................
2020-11-15 15:58:45,329:INFO:SubProcess create_model() end ==================================
2020-11-15 15:58:45,329:INFO:Creating metrics dataframe
2020-11-15 15:58:45,360:INFO:Initializing Decision Tree Classifier
2020-11-15 15:58:45,360:INFO:Total runtime is 0.12211932738622029 minutes
2020-11-15 15:58:45,360:INFO:SubProcess create_model() called ==================================
2020-11-15 15:58:45,360:INFO:Initializing create_model()
2020-11-15 15:58:45,360:INFO:create_model(estimator=dt, fold=StratifiedKFold(n_splits=10, random_state=1234, shuffle=False), round=4, cross_validation=True, predict=True, fit_kwargs={}, groups=None, refit=False, verbose=False, system=False, metrics=None, display=<pycaret.internal.Display.Display object at 0x000001AD2E609640>, kwargs={})
2020-11-15 15:58:45,360:INFO:Checking exceptions
2020-11-15 15:58:45,360:INFO:Importing libraries
2020-11-15 15:58:45,376:INFO:Copying training dataset
2020-11-15 15:58:45,376:INFO:Defining folds
2020-11-15 15:58:45,376:INFO:Declaring metric variables
2020-11-15 15:58:45,407:INFO:Importing untrained model
2020-11-15 15:58:45,414:INFO:Decision Tree Classifier Imported succesfully
2020-11-15 15:58:45,445:INFO:Starting cross validation
2020-11-15 15:58:45,445:INFO:Cross validating with StratifiedKFold(n_splits=10, random_state=1234, shuffle=False), n_jobs=-1
2020-11-15 15:58:45,545:INFO:Calculating mean and std
2020-11-15 15:58:45,545:INFO:Creating metrics dataframe
2020-11-15 15:58:45,545:INFO:Uploading results into container
2020-11-15 15:58:45,545:INFO:Uploading model into container now
2020-11-15 15:58:45,545:INFO:create_model_container: 4
2020-11-15 15:58:45,545:INFO:master_model_container: 4
2020-11-15 15:58:45,545:INFO:display_container: 1
2020-11-15 15:58:45,545:INFO:DecisionTreeClassifier(ccp_alpha=0.0, class_weight=None, criterion='gini',
                       max_depth=None, max_features=None, max_leaf_nodes=None,
                       min_impurity_decrease=0.0, min_impurity_split=None,
                       min_samples_leaf=1, min_samples_split=2,
                       min_weight_fraction_leaf=0.0, presort='deprecated',
                       random_state=1234, splitter='best')
2020-11-15 15:58:45,545:INFO:create_model() succesfully completed......................................
2020-11-15 15:58:45,645:INFO:SubProcess create_model() end ==================================
2020-11-15 15:58:45,645:INFO:Creating metrics dataframe
2020-11-15 15:58:45,661:INFO:Initializing SVM - Linear Kernel
2020-11-15 15:58:45,661:INFO:Total runtime is 0.12713165283203123 minutes
2020-11-15 15:58:45,677:INFO:SubProcess create_model() called ==================================
2020-11-15 15:58:45,677:INFO:Initializing create_model()
2020-11-15 15:58:45,677:INFO:create_model(estimator=svm, fold=StratifiedKFold(n_splits=10, random_state=1234, shuffle=False), round=4, cross_validation=True, predict=True, fit_kwargs={}, groups=None, refit=False, verbose=False, system=False, metrics=None, display=<pycaret.internal.Display.Display object at 0x000001AD2E609640>, kwargs={})
2020-11-15 15:58:45,677:INFO:Checking exceptions
2020-11-15 15:58:45,677:INFO:Importing libraries
2020-11-15 15:58:45,677:INFO:Copying training dataset
2020-11-15 15:58:45,677:INFO:Defining folds
2020-11-15 15:58:45,677:INFO:Declaring metric variables
2020-11-15 15:58:45,692:INFO:Importing untrained model
2020-11-15 15:58:45,714:INFO:SVM - Linear Kernel Imported succesfully
2020-11-15 15:58:45,746:INFO:Starting cross validation
2020-11-15 15:58:45,746:INFO:Cross validating with StratifiedKFold(n_splits=10, random_state=1234, shuffle=False), n_jobs=-1
2020-11-15 15:58:45,927:INFO:Calculating mean and std
2020-11-15 15:58:45,935:INFO:Creating metrics dataframe
2020-11-15 15:58:45,935:INFO:Uploading results into container
2020-11-15 15:58:45,935:INFO:Uploading model into container now
2020-11-15 15:58:45,935:INFO:create_model_container: 5
2020-11-15 15:58:45,935:INFO:master_model_container: 5
2020-11-15 15:58:45,935:INFO:display_container: 1
2020-11-15 15:58:45,945:INFO:SGDClassifier(alpha=0.0001, average=False, class_weight=None,
              early_stopping=False, epsilon=0.1, eta0=0.001, fit_intercept=True,
              l1_ratio=0.15, learning_rate='optimal', loss='hinge',
              max_iter=1000, n_iter_no_change=5, n_jobs=-1, penalty='l2',
              power_t=0.5, random_state=1234, shuffle=True, tol=0.001,
              validation_fraction=0.1, verbose=0, warm_start=False)
2020-11-15 15:58:45,945:INFO:create_model() succesfully completed......................................
2020-11-15 15:58:46,048:INFO:SubProcess create_model() end ==================================
2020-11-15 15:58:46,048:INFO:Creating metrics dataframe
2020-11-15 15:58:46,076:INFO:Initializing Ridge Classifier
2020-11-15 15:58:46,076:INFO:Total runtime is 0.1340481678644816 minutes
2020-11-15 15:58:46,092:INFO:SubProcess create_model() called ==================================
2020-11-15 15:58:46,092:INFO:Initializing create_model()
2020-11-15 15:58:46,092:INFO:create_model(estimator=ridge, fold=StratifiedKFold(n_splits=10, random_state=1234, shuffle=False), round=4, cross_validation=True, predict=True, fit_kwargs={}, groups=None, refit=False, verbose=False, system=False, metrics=None, display=<pycaret.internal.Display.Display object at 0x000001AD2E609640>, kwargs={})
2020-11-15 15:58:46,092:INFO:Checking exceptions
2020-11-15 15:58:46,092:INFO:Importing libraries
2020-11-15 15:58:46,092:INFO:Copying training dataset
2020-11-15 15:58:46,092:INFO:Defining folds
2020-11-15 15:58:46,092:INFO:Declaring metric variables
2020-11-15 15:58:46,107:INFO:Importing untrained model
2020-11-15 15:58:46,123:INFO:Ridge Classifier Imported succesfully
2020-11-15 15:58:46,154:INFO:Starting cross validation
2020-11-15 15:58:46,154:INFO:Cross validating with StratifiedKFold(n_splits=10, random_state=1234, shuffle=False), n_jobs=-1
2020-11-15 15:58:46,286:INFO:Calculating mean and std
2020-11-15 15:58:46,289:INFO:Creating metrics dataframe
2020-11-15 15:58:46,297:INFO:Uploading results into container
2020-11-15 15:58:46,297:INFO:Uploading model into container now
2020-11-15 15:58:46,299:INFO:create_model_container: 6
2020-11-15 15:58:46,299:INFO:master_model_container: 6
2020-11-15 15:58:46,299:INFO:display_container: 1
2020-11-15 15:58:46,299:INFO:RidgeClassifier(alpha=1.0, class_weight=None, copy_X=True, fit_intercept=True,
                max_iter=None, normalize=False, random_state=1234,
                solver='auto', tol=0.001)
2020-11-15 15:58:46,299:INFO:create_model() succesfully completed......................................
2020-11-15 15:58:46,388:INFO:SubProcess create_model() end ==================================
2020-11-15 15:58:46,388:INFO:Creating metrics dataframe
2020-11-15 15:58:46,419:INFO:Initializing Random Forest Classifier
2020-11-15 15:58:46,419:INFO:Total runtime is 0.13977237939834594 minutes
2020-11-15 15:58:46,435:INFO:SubProcess create_model() called ==================================
2020-11-15 15:58:46,435:INFO:Initializing create_model()
2020-11-15 15:58:46,435:INFO:create_model(estimator=rf, fold=StratifiedKFold(n_splits=10, random_state=1234, shuffle=False), round=4, cross_validation=True, predict=True, fit_kwargs={}, groups=None, refit=False, verbose=False, system=False, metrics=None, display=<pycaret.internal.Display.Display object at 0x000001AD2E609640>, kwargs={})
2020-11-15 15:58:46,435:INFO:Checking exceptions
2020-11-15 15:58:46,435:INFO:Importing libraries
2020-11-15 15:58:46,435:INFO:Copying training dataset
2020-11-15 15:58:46,435:INFO:Defining folds
2020-11-15 15:58:46,435:INFO:Declaring metric variables
2020-11-15 15:58:46,451:INFO:Importing untrained model
2020-11-15 15:58:46,457:INFO:Random Forest Classifier Imported succesfully
2020-11-15 15:58:46,504:INFO:Starting cross validation
2020-11-15 15:58:46,504:INFO:Cross validating with StratifiedKFold(n_splits=10, random_state=1234, shuffle=False), n_jobs=-1
2020-11-15 15:58:47,926:INFO:Calculating mean and std
2020-11-15 15:58:47,926:INFO:Creating metrics dataframe
2020-11-15 15:58:47,932:INFO:Uploading results into container
2020-11-15 15:58:47,932:INFO:Uploading model into container now
2020-11-15 15:58:47,932:INFO:create_model_container: 7
2020-11-15 15:58:47,932:INFO:master_model_container: 7
2020-11-15 15:58:47,932:INFO:display_container: 1
2020-11-15 15:58:47,932:INFO:RandomForestClassifier(bootstrap=True, ccp_alpha=0.0, class_weight=None,
                       criterion='gini', max_depth=None, max_features='auto',
                       max_leaf_nodes=None, max_samples=None,
                       min_impurity_decrease=0.0, min_impurity_split=None,
                       min_samples_leaf=1, min_samples_split=2,
                       min_weight_fraction_leaf=0.0, n_estimators=100,
                       n_jobs=-1, oob_score=False, random_state=1234, verbose=0,
                       warm_start=False)
2020-11-15 15:58:47,932:INFO:create_model() succesfully completed......................................
2020-11-15 15:58:48,014:INFO:SubProcess create_model() end ==================================
2020-11-15 15:58:48,014:INFO:Creating metrics dataframe
2020-11-15 15:58:48,048:INFO:Initializing Quadratic Discriminant Analysis
2020-11-15 15:58:48,048:INFO:Total runtime is 0.16691454251607257 minutes
2020-11-15 15:58:48,064:INFO:SubProcess create_model() called ==================================
2020-11-15 15:58:48,064:INFO:Initializing create_model()
2020-11-15 15:58:48,064:INFO:create_model(estimator=qda, fold=StratifiedKFold(n_splits=10, random_state=1234, shuffle=False), round=4, cross_validation=True, predict=True, fit_kwargs={}, groups=None, refit=False, verbose=False, system=False, metrics=None, display=<pycaret.internal.Display.Display object at 0x000001AD2E609640>, kwargs={})
2020-11-15 15:58:48,064:INFO:Checking exceptions
2020-11-15 15:58:48,064:INFO:Importing libraries
2020-11-15 15:58:48,064:INFO:Copying training dataset
2020-11-15 15:58:48,064:INFO:Defining folds
2020-11-15 15:58:48,064:INFO:Declaring metric variables
2020-11-15 15:58:48,079:INFO:Importing untrained model
2020-11-15 15:58:48,095:INFO:Quadratic Discriminant Analysis Imported succesfully
2020-11-15 15:58:48,133:INFO:Starting cross validation
2020-11-15 15:58:48,133:INFO:Cross validating with StratifiedKFold(n_splits=10, random_state=1234, shuffle=False), n_jobs=-1
2020-11-15 15:58:48,264:INFO:Calculating mean and std
2020-11-15 15:58:48,264:INFO:Creating metrics dataframe
2020-11-15 15:58:48,280:INFO:Uploading results into container
2020-11-15 15:58:48,280:INFO:Uploading model into container now
2020-11-15 15:58:48,280:INFO:create_model_container: 8
2020-11-15 15:58:48,280:INFO:master_model_container: 8
2020-11-15 15:58:48,280:INFO:display_container: 1
2020-11-15 15:58:48,280:INFO:QuadraticDiscriminantAnalysis(priors=None, reg_param=0.0,
                              store_covariance=False, tol=0.0001)
2020-11-15 15:58:48,280:INFO:create_model() succesfully completed......................................
2020-11-15 15:58:48,380:INFO:SubProcess create_model() end ==================================
2020-11-15 15:58:48,380:INFO:Creating metrics dataframe
2020-11-15 15:58:48,411:INFO:Initializing Ada Boost Classifier
2020-11-15 15:58:48,411:INFO:Total runtime is 0.17296899557113646 minutes
2020-11-15 15:58:48,427:INFO:SubProcess create_model() called ==================================
2020-11-15 15:58:48,427:INFO:Initializing create_model()
2020-11-15 15:58:48,427:INFO:create_model(estimator=ada, fold=StratifiedKFold(n_splits=10, random_state=1234, shuffle=False), round=4, cross_validation=True, predict=True, fit_kwargs={}, groups=None, refit=False, verbose=False, system=False, metrics=None, display=<pycaret.internal.Display.Display object at 0x000001AD2E609640>, kwargs={})
2020-11-15 15:58:48,427:INFO:Checking exceptions
2020-11-15 15:58:48,427:INFO:Importing libraries
2020-11-15 15:58:48,427:INFO:Copying training dataset
2020-11-15 15:58:48,427:INFO:Defining folds
2020-11-15 15:58:48,427:INFO:Declaring metric variables
2020-11-15 15:58:48,433:INFO:Importing untrained model
2020-11-15 15:58:48,449:INFO:Ada Boost Classifier Imported succesfully
2020-11-15 15:58:48,480:INFO:Starting cross validation
2020-11-15 15:58:48,480:INFO:Cross validating with StratifiedKFold(n_splits=10, random_state=1234, shuffle=False), n_jobs=-1
2020-11-15 15:58:49,139:INFO:Calculating mean and std
2020-11-15 15:58:49,139:INFO:Creating metrics dataframe
2020-11-15 15:58:49,139:INFO:Uploading results into container
2020-11-15 15:58:49,139:INFO:Uploading model into container now
2020-11-15 15:58:49,139:INFO:create_model_container: 9
2020-11-15 15:58:49,139:INFO:master_model_container: 9
2020-11-15 15:58:49,139:INFO:display_container: 1
2020-11-15 15:58:49,139:INFO:AdaBoostClassifier(algorithm='SAMME.R', base_estimator=None, learning_rate=1.0,
                   n_estimators=50, random_state=1234)
2020-11-15 15:58:49,139:INFO:create_model() succesfully completed......................................
2020-11-15 15:58:49,224:INFO:SubProcess create_model() end ==================================
2020-11-15 15:58:49,224:INFO:Creating metrics dataframe
2020-11-15 15:58:49,240:INFO:Initializing Gradient Boosting Classifier
2020-11-15 15:58:49,240:INFO:Total runtime is 0.1867787957191467 minutes
2020-11-15 15:58:49,255:INFO:SubProcess create_model() called ==================================
2020-11-15 15:58:49,255:INFO:Initializing create_model()
2020-11-15 15:58:49,255:INFO:create_model(estimator=gbc, fold=StratifiedKFold(n_splits=10, random_state=1234, shuffle=False), round=4, cross_validation=True, predict=True, fit_kwargs={}, groups=None, refit=False, verbose=False, system=False, metrics=None, display=<pycaret.internal.Display.Display object at 0x000001AD2E609640>, kwargs={})
2020-11-15 15:58:49,255:INFO:Checking exceptions
2020-11-15 15:58:49,255:INFO:Importing libraries
2020-11-15 15:58:49,255:INFO:Copying training dataset
2020-11-15 15:58:49,255:INFO:Defining folds
2020-11-15 15:58:49,255:INFO:Declaring metric variables
2020-11-15 15:58:49,278:INFO:Importing untrained model
2020-11-15 15:58:49,293:INFO:Gradient Boosting Classifier Imported succesfully
2020-11-15 15:58:49,324:INFO:Starting cross validation
2020-11-15 15:58:49,324:INFO:Cross validating with StratifiedKFold(n_splits=10, random_state=1234, shuffle=False), n_jobs=-1
2020-11-15 15:58:49,760:INFO:Calculating mean and std
2020-11-15 15:58:49,760:INFO:Creating metrics dataframe
2020-11-15 15:58:49,770:INFO:Uploading results into container
2020-11-15 15:58:49,770:INFO:Uploading model into container now
2020-11-15 15:58:49,770:INFO:create_model_container: 10
2020-11-15 15:58:49,770:INFO:master_model_container: 10
2020-11-15 15:58:49,770:INFO:display_container: 1
2020-11-15 15:58:49,770:INFO:GradientBoostingClassifier(ccp_alpha=0.0, criterion='friedman_mse', init=None,
                           learning_rate=0.1, loss='deviance', max_depth=3,
                           max_features=None, max_leaf_nodes=None,
                           min_impurity_decrease=0.0, min_impurity_split=None,
                           min_samples_leaf=1, min_samples_split=2,
                           min_weight_fraction_leaf=0.0, n_estimators=100,
                           n_iter_no_change=None, presort='deprecated',
                           random_state=1234, subsample=1.0, tol=0.0001,
                           validation_fraction=0.1, verbose=0,
                           warm_start=False)
2020-11-15 15:58:49,770:INFO:create_model() succesfully completed......................................
2020-11-15 15:58:49,848:INFO:SubProcess create_model() end ==================================
2020-11-15 15:58:49,848:INFO:Creating metrics dataframe
2020-11-15 15:58:49,870:INFO:Initializing Linear Discriminant Analysis
2020-11-15 15:58:49,870:INFO:Total runtime is 0.19728434085845944 minutes
2020-11-15 15:58:49,886:INFO:SubProcess create_model() called ==================================
2020-11-15 15:58:49,886:INFO:Initializing create_model()
2020-11-15 15:58:49,886:INFO:create_model(estimator=lda, fold=StratifiedKFold(n_splits=10, random_state=1234, shuffle=False), round=4, cross_validation=True, predict=True, fit_kwargs={}, groups=None, refit=False, verbose=False, system=False, metrics=None, display=<pycaret.internal.Display.Display object at 0x000001AD2E609640>, kwargs={})
2020-11-15 15:58:49,886:INFO:Checking exceptions
2020-11-15 15:58:49,886:INFO:Importing libraries
2020-11-15 15:58:49,886:INFO:Copying training dataset
2020-11-15 15:58:49,886:INFO:Defining folds
2020-11-15 15:58:49,886:INFO:Declaring metric variables
2020-11-15 15:58:49,917:INFO:Importing untrained model
2020-11-15 15:58:49,933:INFO:Linear Discriminant Analysis Imported succesfully
2020-11-15 15:58:49,948:INFO:Starting cross validation
2020-11-15 15:58:49,948:INFO:Cross validating with StratifiedKFold(n_splits=10, random_state=1234, shuffle=False), n_jobs=-1
2020-11-15 15:58:50,048:INFO:Calculating mean and std
2020-11-15 15:58:50,048:INFO:Creating metrics dataframe
2020-11-15 15:58:50,048:INFO:Uploading results into container
2020-11-15 15:58:50,064:INFO:Uploading model into container now
2020-11-15 15:58:50,064:INFO:create_model_container: 11
2020-11-15 15:58:50,064:INFO:master_model_container: 11
2020-11-15 15:58:50,064:INFO:display_container: 1
2020-11-15 15:58:50,064:INFO:LinearDiscriminantAnalysis(n_components=None, priors=None, shrinkage=None,
                           solver='svd', store_covariance=False, tol=0.0001)
2020-11-15 15:58:50,064:INFO:create_model() succesfully completed......................................
2020-11-15 15:58:50,171:INFO:SubProcess create_model() end ==================================
2020-11-15 15:58:50,173:INFO:Creating metrics dataframe
2020-11-15 15:58:50,203:INFO:Initializing Extra Trees Classifier
2020-11-15 15:58:50,203:INFO:Total runtime is 0.20284041563669838 minutes
2020-11-15 15:58:50,211:INFO:SubProcess create_model() called ==================================
2020-11-15 15:58:50,211:INFO:Initializing create_model()
2020-11-15 15:58:50,211:INFO:create_model(estimator=et, fold=StratifiedKFold(n_splits=10, random_state=1234, shuffle=False), round=4, cross_validation=True, predict=True, fit_kwargs={}, groups=None, refit=False, verbose=False, system=False, metrics=None, display=<pycaret.internal.Display.Display object at 0x000001AD2E609640>, kwargs={})
2020-11-15 15:58:50,211:INFO:Checking exceptions
2020-11-15 15:58:50,211:INFO:Importing libraries
2020-11-15 15:58:50,211:INFO:Copying training dataset
2020-11-15 15:58:50,211:INFO:Defining folds
2020-11-15 15:58:50,221:INFO:Declaring metric variables
2020-11-15 15:58:50,221:INFO:Importing untrained model
2020-11-15 15:58:50,237:INFO:Extra Trees Classifier Imported succesfully
2020-11-15 15:58:50,284:INFO:Starting cross validation
2020-11-15 15:58:50,284:INFO:Cross validating with StratifiedKFold(n_splits=10, random_state=1234, shuffle=False), n_jobs=-1
2020-11-15 15:58:51,499:INFO:Calculating mean and std
2020-11-15 15:58:51,499:INFO:Creating metrics dataframe
2020-11-15 15:58:51,515:INFO:Uploading results into container
2020-11-15 15:58:51,515:INFO:Uploading model into container now
2020-11-15 15:58:51,515:INFO:create_model_container: 12
2020-11-15 15:58:51,515:INFO:master_model_container: 12
2020-11-15 15:58:51,515:INFO:display_container: 1
2020-11-15 15:58:51,515:INFO:ExtraTreesClassifier(bootstrap=False, ccp_alpha=0.0, class_weight=None,
                     criterion='gini', max_depth=None, max_features='auto',
                     max_leaf_nodes=None, max_samples=None,
                     min_impurity_decrease=0.0, min_impurity_split=None,
                     min_samples_leaf=1, min_samples_split=2,
                     min_weight_fraction_leaf=0.0, n_estimators=100, n_jobs=-1,
                     oob_score=False, random_state=1234, verbose=0,
                     warm_start=False)
2020-11-15 15:58:51,515:INFO:create_model() succesfully completed......................................
2020-11-15 15:58:51,600:INFO:SubProcess create_model() end ==================================
2020-11-15 15:58:51,600:INFO:Creating metrics dataframe
2020-11-15 15:58:51,631:INFO:Initializing Extreme Gradient Boosting
2020-11-15 15:58:51,631:INFO:Total runtime is 0.2266305128733317 minutes
2020-11-15 15:58:51,631:INFO:SubProcess create_model() called ==================================
2020-11-15 15:58:51,631:INFO:Initializing create_model()
2020-11-15 15:58:51,646:INFO:create_model(estimator=xgboost, fold=StratifiedKFold(n_splits=10, random_state=1234, shuffle=False), round=4, cross_validation=True, predict=True, fit_kwargs={}, groups=None, refit=False, verbose=False, system=False, metrics=None, display=<pycaret.internal.Display.Display object at 0x000001AD2E609640>, kwargs={})
2020-11-15 15:58:51,646:INFO:Checking exceptions
2020-11-15 15:58:51,646:INFO:Importing libraries
2020-11-15 15:58:51,646:INFO:Copying training dataset
2020-11-15 15:58:51,646:INFO:Defining folds
2020-11-15 15:58:51,646:INFO:Declaring metric variables
2020-11-15 15:58:51,669:INFO:Importing untrained model
2020-11-15 15:58:51,684:INFO:Extreme Gradient Boosting Imported succesfully
2020-11-15 15:58:51,700:INFO:Starting cross validation
2020-11-15 15:58:51,700:INFO:Cross validating with StratifiedKFold(n_splits=10, random_state=1234, shuffle=False), n_jobs=-1
2020-11-15 15:58:51,715:WARNING:create_model() for xgboost raised an exception or returned all 0.0, trying without fit_kwargs:
2020-11-15 15:58:51,715:WARNING:Traceback (most recent call last):
  File "C:\ProgramData\Anaconda3\lib\site-packages\joblib\parallel.py", line 827, in dispatch_one_batch
    tasks = self._ready_batches.get(block=False)
  File "C:\ProgramData\Anaconda3\lib\queue.py", line 167, in get
    raise Empty
_queue.Empty

During handling of the above exception, another exception occurred:

Traceback (most recent call last):
  File "C:\ProgramData\Anaconda3\lib\site-packages\pycaret\internal\tabular.py", line 2129, in compare_models
    model, model_fit_time = create_model_supervised(
  File "C:\ProgramData\Anaconda3\lib\site-packages\pycaret\internal\tabular.py", line 3058, in create_model_supervised
    scores = cross_validate(
  File "C:\ProgramData\Anaconda3\lib\site-packages\sklearn\utils\validation.py", line 72, in inner_f
    return f(**kwargs)
  File "C:\ProgramData\Anaconda3\lib\site-packages\sklearn\model_selection\_validation.py", line 242, in cross_validate
    scores = parallel(
  File "C:\ProgramData\Anaconda3\lib\site-packages\joblib\parallel.py", line 1048, in __call__
    if self.dispatch_one_batch(iterator):
  File "C:\ProgramData\Anaconda3\lib\site-packages\joblib\parallel.py", line 838, in dispatch_one_batch
    islice = list(itertools.islice(iterator, big_batch_size))
  File "C:\ProgramData\Anaconda3\lib\site-packages\sklearn\model_selection\_validation.py", line 244, in <genexpr>
    clone(estimator), X, y, scorers, train, test, verbose, None,
  File "C:\ProgramData\Anaconda3\lib\site-packages\sklearn\utils\validation.py", line 72, in inner_f
    return f(**kwargs)
  File "C:\ProgramData\Anaconda3\lib\site-packages\sklearn\base.py", line 88, in clone
    new_object = klass(**new_object_params)
  File "C:\ProgramData\Anaconda3\lib\site-packages\pycaret\internal\pipeline.py", line 24, in __init__
    self._carry_over_final_estimator_fit_vars()
  File "C:\ProgramData\Anaconda3\lib\site-packages\pycaret\internal\pipeline.py", line 57, in _carry_over_final_estimator_fit_vars
    for k, v in get_all_object_vars_and_properties(
  File "C:\ProgramData\Anaconda3\lib\site-packages\pycaret\internal\utils.py", line 555, in get_all_object_vars_and_properties
    return {
  File "C:\ProgramData\Anaconda3\lib\site-packages\pycaret\internal\utils.py", line 558, in <dictcomp>
    if k[:2] != "__" and type(getattr(object, k, "")).__name__ != "method"
  File "C:\ProgramData\Anaconda3\lib\site-packages\xgboost\sklearn.py", line 687, in feature_importances_
    b = self.get_booster()
  File "C:\ProgramData\Anaconda3\lib\site-packages\xgboost\sklearn.py", line 261, in get_booster
    raise XGBoostError('need to call fit or load_model beforehand')
xgboost.core.XGBoostError: need to call fit or load_model beforehand

2020-11-15 15:58:51,715:INFO:Initializing create_model()
2020-11-15 15:58:51,715:INFO:create_model(estimator=xgboost, fold=StratifiedKFold(n_splits=10, random_state=1234, shuffle=False), round=4, cross_validation=True, predict=True, fit_kwargs=None, groups=None, refit=False, verbose=False, system=False, metrics=None, display=<pycaret.internal.Display.Display object at 0x000001AD2E609640>, kwargs={})
2020-11-15 15:58:51,715:INFO:Checking exceptions
2020-11-15 15:58:51,715:INFO:Importing libraries
2020-11-15 15:58:51,715:INFO:Copying training dataset
2020-11-15 15:58:51,731:INFO:Defining folds
2020-11-15 15:58:51,731:INFO:Declaring metric variables
2020-11-15 15:58:51,747:INFO:Importing untrained model
2020-11-15 15:58:51,769:INFO:Extreme Gradient Boosting Imported succesfully
2020-11-15 15:58:51,800:INFO:Starting cross validation
2020-11-15 15:58:51,800:INFO:Cross validating with StratifiedKFold(n_splits=10, random_state=1234, shuffle=False), n_jobs=-1
2020-11-15 15:58:51,816:ERROR:create_model() for xgboost raised an exception:
2020-11-15 15:58:51,816:ERROR:Traceback (most recent call last):
  File "C:\ProgramData\Anaconda3\lib\site-packages\joblib\parallel.py", line 827, in dispatch_one_batch
    tasks = self._ready_batches.get(block=False)
  File "C:\ProgramData\Anaconda3\lib\queue.py", line 167, in get
    raise Empty
_queue.Empty

During handling of the above exception, another exception occurred:

Traceback (most recent call last):
  File "C:\ProgramData\Anaconda3\lib\site-packages\pycaret\internal\tabular.py", line 2129, in compare_models
    model, model_fit_time = create_model_supervised(
  File "C:\ProgramData\Anaconda3\lib\site-packages\pycaret\internal\tabular.py", line 3058, in create_model_supervised
    scores = cross_validate(
  File "C:\ProgramData\Anaconda3\lib\site-packages\sklearn\utils\validation.py", line 72, in inner_f
    return f(**kwargs)
  File "C:\ProgramData\Anaconda3\lib\site-packages\sklearn\model_selection\_validation.py", line 242, in cross_validate
    scores = parallel(
  File "C:\ProgramData\Anaconda3\lib\site-packages\joblib\parallel.py", line 1048, in __call__
    if self.dispatch_one_batch(iterator):
  File "C:\ProgramData\Anaconda3\lib\site-packages\joblib\parallel.py", line 838, in dispatch_one_batch
    islice = list(itertools.islice(iterator, big_batch_size))
  File "C:\ProgramData\Anaconda3\lib\site-packages\sklearn\model_selection\_validation.py", line 244, in <genexpr>
    clone(estimator), X, y, scorers, train, test, verbose, None,
  File "C:\ProgramData\Anaconda3\lib\site-packages\sklearn\utils\validation.py", line 72, in inner_f
    return f(**kwargs)
  File "C:\ProgramData\Anaconda3\lib\site-packages\sklearn\base.py", line 88, in clone
    new_object = klass(**new_object_params)
  File "C:\ProgramData\Anaconda3\lib\site-packages\pycaret\internal\pipeline.py", line 24, in __init__
    self._carry_over_final_estimator_fit_vars()
  File "C:\ProgramData\Anaconda3\lib\site-packages\pycaret\internal\pipeline.py", line 57, in _carry_over_final_estimator_fit_vars
    for k, v in get_all_object_vars_and_properties(
  File "C:\ProgramData\Anaconda3\lib\site-packages\pycaret\internal\utils.py", line 555, in get_all_object_vars_and_properties
    return {
  File "C:\ProgramData\Anaconda3\lib\site-packages\pycaret\internal\utils.py", line 558, in <dictcomp>
    if k[:2] != "__" and type(getattr(object, k, "")).__name__ != "method"
  File "C:\ProgramData\Anaconda3\lib\site-packages\xgboost\sklearn.py", line 687, in feature_importances_
    b = self.get_booster()
  File "C:\ProgramData\Anaconda3\lib\site-packages\xgboost\sklearn.py", line 261, in get_booster
    raise XGBoostError('need to call fit or load_model beforehand')
xgboost.core.XGBoostError: need to call fit or load_model beforehand

During handling of the above exception, another exception occurred:

Traceback (most recent call last):
  File "C:\ProgramData\Anaconda3\lib\site-packages\joblib\parallel.py", line 827, in dispatch_one_batch
    tasks = self._ready_batches.get(block=False)
  File "C:\ProgramData\Anaconda3\lib\queue.py", line 167, in get
    raise Empty
_queue.Empty

During handling of the above exception, another exception occurred:

Traceback (most recent call last):
  File "C:\ProgramData\Anaconda3\lib\site-packages\pycaret\internal\tabular.py", line 2149, in compare_models
    model, model_fit_time = create_model_supervised(
  File "C:\ProgramData\Anaconda3\lib\site-packages\pycaret\internal\tabular.py", line 3058, in create_model_supervised
    scores = cross_validate(
  File "C:\ProgramData\Anaconda3\lib\site-packages\sklearn\utils\validation.py", line 72, in inner_f
    return f(**kwargs)
  File "C:\ProgramData\Anaconda3\lib\site-packages\sklearn\model_selection\_validation.py", line 242, in cross_validate
    scores = parallel(
  File "C:\ProgramData\Anaconda3\lib\site-packages\joblib\parallel.py", line 1048, in __call__
    if self.dispatch_one_batch(iterator):
  File "C:\ProgramData\Anaconda3\lib\site-packages\joblib\parallel.py", line 838, in dispatch_one_batch
    islice = list(itertools.islice(iterator, big_batch_size))
  File "C:\ProgramData\Anaconda3\lib\site-packages\sklearn\model_selection\_validation.py", line 244, in <genexpr>
    clone(estimator), X, y, scorers, train, test, verbose, None,
  File "C:\ProgramData\Anaconda3\lib\site-packages\sklearn\utils\validation.py", line 72, in inner_f
    return f(**kwargs)
  File "C:\ProgramData\Anaconda3\lib\site-packages\sklearn\base.py", line 88, in clone
    new_object = klass(**new_object_params)
  File "C:\ProgramData\Anaconda3\lib\site-packages\pycaret\internal\pipeline.py", line 24, in __init__
    self._carry_over_final_estimator_fit_vars()
  File "C:\ProgramData\Anaconda3\lib\site-packages\pycaret\internal\pipeline.py", line 57, in _carry_over_final_estimator_fit_vars
    for k, v in get_all_object_vars_and_properties(
  File "C:\ProgramData\Anaconda3\lib\site-packages\pycaret\internal\utils.py", line 555, in get_all_object_vars_and_properties
    return {
  File "C:\ProgramData\Anaconda3\lib\site-packages\pycaret\internal\utils.py", line 558, in <dictcomp>
    if k[:2] != "__" and type(getattr(object, k, "")).__name__ != "method"
  File "C:\ProgramData\Anaconda3\lib\site-packages\xgboost\sklearn.py", line 687, in feature_importances_
    b = self.get_booster()
  File "C:\ProgramData\Anaconda3\lib\site-packages\xgboost\sklearn.py", line 261, in get_booster
    raise XGBoostError('need to call fit or load_model beforehand')
xgboost.core.XGBoostError: need to call fit or load_model beforehand

2020-11-15 15:58:51,816:INFO:Initializing Light Gradient Boosting Machine
2020-11-15 15:58:51,816:INFO:Total runtime is 0.2297115643819173 minutes
2020-11-15 15:58:51,831:INFO:SubProcess create_model() called ==================================
2020-11-15 15:58:51,831:INFO:Initializing create_model()
2020-11-15 15:58:51,831:INFO:create_model(estimator=lightgbm, fold=StratifiedKFold(n_splits=10, random_state=1234, shuffle=False), round=4, cross_validation=True, predict=True, fit_kwargs={}, groups=None, refit=False, verbose=False, system=False, metrics=None, display=<pycaret.internal.Display.Display object at 0x000001AD2E609640>, kwargs={})
2020-11-15 15:58:51,831:INFO:Checking exceptions
2020-11-15 15:58:51,831:INFO:Importing libraries
2020-11-15 15:58:51,831:INFO:Copying training dataset
2020-11-15 15:58:51,831:INFO:Defining folds
2020-11-15 15:58:51,831:INFO:Declaring metric variables
2020-11-15 15:58:51,831:INFO:Importing untrained model
2020-11-15 15:58:51,869:INFO:Light Gradient Boosting Machine Imported succesfully
2020-11-15 15:58:51,885:INFO:Starting cross validation
2020-11-15 15:58:51,885:INFO:Cross validating with StratifiedKFold(n_splits=10, random_state=1234, shuffle=False), n_jobs=-1
2020-11-15 15:58:52,161:INFO:Calculating mean and std
2020-11-15 15:58:52,162:INFO:Creating metrics dataframe
2020-11-15 15:58:52,168:INFO:Uploading results into container
2020-11-15 15:58:52,168:INFO:Uploading model into container now
2020-11-15 15:58:52,168:INFO:create_model_container: 13
2020-11-15 15:58:52,168:INFO:master_model_container: 13
2020-11-15 15:58:52,169:INFO:display_container: 1
2020-11-15 15:58:52,169:INFO:LGBMClassifier(boosting_type='gbdt', class_weight=None, colsample_bytree=1.0,
               importance_type='split', learning_rate=0.1, max_depth=-1,
               min_child_samples=20, min_child_weight=0.001, min_split_gain=0.0,
               n_estimators=100, n_jobs=-1, num_leaves=31, objective=None,
               random_state=1234, reg_alpha=0.0, reg_lambda=0.0, silent=True,
               subsample=1.0, subsample_for_bin=200000, subsample_freq=0)
2020-11-15 15:58:52,170:INFO:create_model() succesfully completed......................................
2020-11-15 15:58:52,279:INFO:SubProcess create_model() end ==================================
2020-11-15 15:58:52,279:INFO:Creating metrics dataframe
2020-11-15 15:58:52,316:INFO:Initializing CatBoost Classifier
2020-11-15 15:58:52,316:INFO:Total runtime is 0.23804725805918375 minutes
2020-11-15 15:58:52,331:INFO:SubProcess create_model() called ==================================
2020-11-15 15:58:52,332:INFO:Initializing create_model()
2020-11-15 15:58:52,332:INFO:create_model(estimator=catboost, fold=StratifiedKFold(n_splits=10, random_state=1234, shuffle=False), round=4, cross_validation=True, predict=True, fit_kwargs={}, groups=None, refit=False, verbose=False, system=False, metrics=None, display=<pycaret.internal.Display.Display object at 0x000001AD2E609640>, kwargs={})
2020-11-15 15:58:52,332:INFO:Checking exceptions
2020-11-15 15:58:52,332:INFO:Importing libraries
2020-11-15 15:58:52,332:INFO:Copying training dataset
2020-11-15 15:58:52,333:INFO:Defining folds
2020-11-15 15:58:52,334:INFO:Declaring metric variables
2020-11-15 15:58:52,361:INFO:Importing untrained model
2020-11-15 15:58:52,370:INFO:CatBoost Classifier Imported succesfully
2020-11-15 15:58:52,386:INFO:Starting cross validation
2020-11-15 15:58:52,386:INFO:Cross validating with StratifiedKFold(n_splits=10, random_state=1234, shuffle=False), n_jobs=-1
2020-11-15 15:59:00,173:INFO:Calculating mean and std
2020-11-15 15:59:00,173:INFO:Creating metrics dataframe
2020-11-15 15:59:00,188:INFO:Uploading results into container
2020-11-15 15:59:00,188:INFO:Uploading model into container now
2020-11-15 15:59:00,188:INFO:create_model_container: 14
2020-11-15 15:59:00,188:INFO:master_model_container: 14
2020-11-15 15:59:00,188:INFO:display_container: 1
2020-11-15 15:59:00,188:INFO:<catboost.core.CatBoostClassifier object at 0x000001AD30993DC0>
2020-11-15 15:59:00,188:INFO:create_model() succesfully completed......................................
2020-11-15 15:59:00,273:INFO:SubProcess create_model() end ==================================
2020-11-15 15:59:00,273:INFO:Creating metrics dataframe
2020-11-15 15:59:00,326:INFO:Initializing create_model()
2020-11-15 15:59:00,326:INFO:create_model(estimator=LogisticRegression(C=1.0, class_weight=None, dual=False, fit_intercept=True,
                   intercept_scaling=1, l1_ratio=None, max_iter=1000,
                   multi_class='auto', n_jobs=None, penalty='l2',
                   random_state=1234, solver='lbfgs', tol=0.0001, verbose=0,
                   warm_start=False), fold=StratifiedKFold(n_splits=10, random_state=1234, shuffle=False), round=4, cross_validation=False, predict=False, fit_kwargs={}, groups=None, refit=True, verbose=False, system=False, metrics=None, display=None, kwargs={})
2020-11-15 15:59:00,326:INFO:Checking exceptions
2020-11-15 15:59:00,326:INFO:Importing libraries
2020-11-15 15:59:00,326:INFO:Copying training dataset
2020-11-15 15:59:00,326:INFO:Defining folds
2020-11-15 15:59:00,326:INFO:Declaring metric variables
2020-11-15 15:59:00,326:INFO:Importing untrained model
2020-11-15 15:59:00,326:INFO:Declaring custom model
2020-11-15 15:59:00,326:INFO:Logistic Regression Imported succesfully
2020-11-15 15:59:00,326:INFO:Cross validation set to False
2020-11-15 15:59:00,326:INFO:Fitting Model
2020-11-15 15:59:00,358:INFO:LogisticRegression(C=1.0, class_weight=None, dual=False, fit_intercept=True,
                   intercept_scaling=1, l1_ratio=None, max_iter=1000,
                   multi_class='auto', n_jobs=None, penalty='l2',
                   random_state=1234, solver='lbfgs', tol=0.0001, verbose=0,
                   warm_start=False)
2020-11-15 15:59:00,358:INFO:create_models() succesfully completed......................................
2020-11-15 15:59:00,543:INFO:create_model_container: 14
2020-11-15 15:59:00,543:INFO:master_model_container: 14
2020-11-15 15:59:00,543:INFO:display_container: 1
2020-11-15 15:59:00,543:INFO:LogisticRegression(C=1.0, class_weight=None, dual=False, fit_intercept=True,
                   intercept_scaling=1, l1_ratio=None, max_iter=1000,
                   multi_class='auto', n_jobs=None, penalty='l2',
                   random_state=1234, solver='lbfgs', tol=0.0001, verbose=0,
                   warm_start=False)
2020-11-15 15:59:00,543:INFO:compare_models() succesfully completed......................................
2020-11-15 15:59:00,574:INFO:Initializing create_model()
2020-11-15 15:59:00,574:INFO:create_model(estimator=lr, fold=None, round=4, cross_validation=True, predict=True, fit_kwargs=None, groups=None, refit=True, verbose=True, system=True, metrics=None, display=None, kwargs={})
2020-11-15 15:59:00,574:INFO:Checking exceptions
2020-11-15 15:59:00,574:INFO:Preparing display monitor
2020-11-15 15:59:00,612:INFO:Importing libraries
2020-11-15 15:59:00,612:INFO:Copying training dataset
2020-11-15 15:59:00,612:INFO:Defining folds
2020-11-15 15:59:00,612:INFO:Declaring metric variables
2020-11-15 15:59:00,627:INFO:Importing untrained model
2020-11-15 15:59:00,643:INFO:Logistic Regression Imported succesfully
2020-11-15 15:59:00,674:INFO:Starting cross validation
2020-11-15 15:59:00,674:INFO:Cross validating with StratifiedKFold(n_splits=10, random_state=1234, shuffle=False), n_jobs=-1
2020-11-15 15:59:00,948:INFO:Calculating mean and std
2020-11-15 15:59:00,950:INFO:Creating metrics dataframe
2020-11-15 15:59:00,968:INFO:Finalizing model
2020-11-15 15:59:01,025:INFO:Uploading results into container
2020-11-15 15:59:01,025:INFO:Uploading model into container now
2020-11-15 15:59:01,056:INFO:create_model_container: 15
2020-11-15 15:59:01,056:INFO:master_model_container: 15
2020-11-15 15:59:01,056:INFO:display_container: 2
2020-11-15 15:59:01,056:INFO:LogisticRegression(C=1.0, class_weight=None, dual=False, fit_intercept=True,
                   intercept_scaling=1, l1_ratio=None, max_iter=1000,
                   multi_class='auto', n_jobs=None, penalty='l2',
                   random_state=1234, solver='lbfgs', tol=0.0001, verbose=0,
                   warm_start=False)
2020-11-15 15:59:01,056:INFO:create_model() succesfully completed......................................
2020-11-15 15:59:01,191:INFO:Initializing tune_model()
2020-11-15 15:59:01,191:INFO:tune_model(estimator=LogisticRegression(C=1.0, class_weight=None, dual=False, fit_intercept=True,
                   intercept_scaling=1, l1_ratio=None, max_iter=1000,
                   multi_class='auto', n_jobs=None, penalty='l2',
                   random_state=1234, solver='lbfgs', tol=0.0001, verbose=0,
                   warm_start=False), fold=None, round=4, n_iter=10, custom_grid=None, optimize=Accuracy, custom_scorer=None, search_library=scikit-learn, search_algorithm=None, early_stopping=False, early_stopping_max_iters=10, choose_better=False, fit_kwargs=None, groups=None, return_tuner=False, verbose=True, tuner_verbose=True, display=None, kwargs={})
2020-11-15 15:59:01,191:INFO:Checking exceptions
2020-11-15 15:59:01,191:INFO:Preparing display monitor
2020-11-15 15:59:01,221:INFO:Copying training dataset
2020-11-15 15:59:01,221:INFO:Checking base model
2020-11-15 15:59:01,221:INFO:Base model : Logistic Regression
2020-11-15 15:59:01,229:INFO:Declaring metric variables
2020-11-15 15:59:01,241:INFO:Defining Hyperparameters
2020-11-15 15:59:01,375:INFO:Tuning with n_jobs=-1
2020-11-15 15:59:01,375:INFO:Initializing RandomizedSearchCV
2020-11-15 15:59:02,868:INFO:best_params: {'actual_estimator__penalty': 'l2', 'actual_estimator__class_weight': {}, 'actual_estimator__C': 5.926}
2020-11-15 15:59:02,868:INFO:Random search completed
2020-11-15 15:59:02,868:INFO:SubProcess create_model() called ==================================
2020-11-15 15:59:02,868:INFO:Initializing create_model()
2020-11-15 15:59:02,868:INFO:create_model(estimator=LogisticRegression(C=1.0, class_weight=None, dual=False, fit_intercept=True,
                   intercept_scaling=1, l1_ratio=None, max_iter=1000,
                   multi_class='auto', n_jobs=None, penalty='l2',
                   random_state=1234, solver='lbfgs', tol=0.0001, verbose=0,
                   warm_start=False), fold=StratifiedKFold(n_splits=10, random_state=1234, shuffle=False), round=4, cross_validation=True, predict=True, fit_kwargs={}, groups=None, refit=True, verbose=True, system=False, metrics=None, display=<pycaret.internal.Display.Display object at 0x000001AD2EA0BC40>, kwargs={'penalty': 'l2', 'class_weight': {}, 'C': 5.926})
2020-11-15 15:59:02,868:INFO:Checking exceptions
2020-11-15 15:59:02,868:INFO:Importing libraries
2020-11-15 15:59:02,868:INFO:Copying training dataset
2020-11-15 15:59:02,868:INFO:Defining folds
2020-11-15 15:59:02,868:INFO:Declaring metric variables
2020-11-15 15:59:02,876:INFO:Importing untrained model
2020-11-15 15:59:02,876:INFO:Declaring custom model
2020-11-15 15:59:02,886:INFO:Logistic Regression Imported succesfully
2020-11-15 15:59:02,933:INFO:Starting cross validation
2020-11-15 15:59:02,933:INFO:Cross validating with StratifiedKFold(n_splits=10, random_state=1234, shuffle=False), n_jobs=-1
2020-11-15 15:59:03,169:INFO:Calculating mean and std
2020-11-15 15:59:03,169:INFO:Creating metrics dataframe
2020-11-15 15:59:03,177:INFO:Finalizing model
2020-11-15 15:59:03,203:INFO:Uploading results into container
2020-11-15 15:59:03,203:INFO:Uploading model into container now
2020-11-15 15:59:03,203:INFO:create_model_container: 16
2020-11-15 15:59:03,203:INFO:master_model_container: 16
2020-11-15 15:59:03,203:INFO:display_container: 3
2020-11-15 15:59:03,218:INFO:LogisticRegression(C=5.926, class_weight={}, dual=False, fit_intercept=True,
                   intercept_scaling=1, l1_ratio=None, max_iter=1000,
                   multi_class='auto', n_jobs=None, penalty='l2',
                   random_state=1234, solver='lbfgs', tol=0.0001, verbose=0,
                   warm_start=False)
2020-11-15 15:59:03,218:INFO:create_model() succesfully completed......................................
2020-11-15 15:59:03,328:INFO:SubProcess create_model() end ==================================
2020-11-15 15:59:03,350:INFO:create_model_container: 16
2020-11-15 15:59:03,350:INFO:master_model_container: 16
2020-11-15 15:59:03,350:INFO:display_container: 3
2020-11-15 15:59:03,350:INFO:LogisticRegression(C=5.926, class_weight={}, dual=False, fit_intercept=True,
                   intercept_scaling=1, l1_ratio=None, max_iter=1000,
                   multi_class='auto', n_jobs=None, penalty='l2',
                   random_state=1234, solver='lbfgs', tol=0.0001, verbose=0,
                   warm_start=False)
2020-11-15 15:59:03,350:INFO:tune_model() succesfully completed......................................
2020-11-15 15:59:03,520:INFO:Initializing plot_model()
2020-11-15 15:59:03,520:INFO:plot_model(plot=auc, fold=None, verbose=True, display=None, estimator=LogisticRegression(C=5.926, class_weight={}, dual=False, fit_intercept=True,
                   intercept_scaling=1, l1_ratio=None, max_iter=1000,
                   multi_class='auto', n_jobs=None, penalty='l2',
                   random_state=1234, solver='lbfgs', tol=0.0001, verbose=0,
                   warm_start=False), feature_name=None, fit_kwargs=None, groups=None, label=False, save=False, scale=1, system=True)
2020-11-15 15:59:03,520:INFO:Checking exceptions
2020-11-15 15:59:03,520:INFO:Preparing display monitor
2020-11-15 15:59:03,536:INFO:Preloading libraries
2020-11-15 15:59:03,536:INFO:Copying training dataset
2020-11-15 15:59:03,536:INFO:Copying test dataset
2020-11-15 15:59:03,536:INFO:Plot type: auc
2020-11-15 15:59:03,620:INFO:Fitting Model
2020-11-15 15:59:03,620:INFO:Scoring test/hold-out set
2020-11-15 15:59:03,890:INFO:Visual Rendered Successfully
2020-11-15 15:59:03,983:INFO:plot_model() succesfully completed......................................
2020-11-15 15:59:04,005:INFO:Initializing plot_model()
2020-11-15 15:59:04,005:INFO:plot_model(plot=pr, fold=None, verbose=True, display=None, estimator=LogisticRegression(C=5.926, class_weight={}, dual=False, fit_intercept=True,
                   intercept_scaling=1, l1_ratio=None, max_iter=1000,
                   multi_class='auto', n_jobs=None, penalty='l2',
                   random_state=1234, solver='lbfgs', tol=0.0001, verbose=0,
                   warm_start=False), feature_name=None, fit_kwargs=None, groups=None, label=False, save=False, scale=1, system=True)
2020-11-15 15:59:04,005:INFO:Checking exceptions
2020-11-15 15:59:04,005:INFO:Preparing display monitor
2020-11-15 15:59:04,021:INFO:Preloading libraries
2020-11-15 15:59:04,021:INFO:Copying training dataset
2020-11-15 15:59:04,021:INFO:Copying test dataset
2020-11-15 15:59:04,021:INFO:Plot type: pr
2020-11-15 15:59:04,052:INFO:Fitting Model
2020-11-15 15:59:04,052:INFO:Scoring test/hold-out set
2020-11-15 15:59:04,284:INFO:Visual Rendered Successfully
2020-11-15 15:59:04,369:INFO:plot_model() succesfully completed......................................
2020-11-15 15:59:04,384:INFO:Initializing plot_model()
2020-11-15 15:59:04,384:INFO:plot_model(plot=feature, fold=None, verbose=True, display=None, estimator=LogisticRegression(C=5.926, class_weight={}, dual=False, fit_intercept=True,
                   intercept_scaling=1, l1_ratio=None, max_iter=1000,
                   multi_class='auto', n_jobs=None, penalty='l2',
                   random_state=1234, solver='lbfgs', tol=0.0001, verbose=0,
                   warm_start=False), feature_name=None, fit_kwargs=None, groups=None, label=False, save=False, scale=1, system=True)
2020-11-15 15:59:04,384:INFO:Checking exceptions
2020-11-15 15:59:04,390:INFO:Preparing display monitor
2020-11-15 15:59:04,390:INFO:Preloading libraries
2020-11-15 15:59:04,390:INFO:Copying training dataset
2020-11-15 15:59:04,390:INFO:Copying test dataset
2020-11-15 15:59:04,390:INFO:Plot type: feature
2020-11-15 15:59:04,622:INFO:Visual Rendered Successfully
2020-11-15 15:59:04,707:INFO:plot_model() succesfully completed......................................
2020-11-15 15:59:04,723:INFO:Initializing plot_model()
2020-11-15 15:59:04,723:INFO:plot_model(plot=confusion_matrix, fold=None, verbose=True, display=None, estimator=LogisticRegression(C=5.926, class_weight={}, dual=False, fit_intercept=True,
                   intercept_scaling=1, l1_ratio=None, max_iter=1000,
                   multi_class='auto', n_jobs=None, penalty='l2',
                   random_state=1234, solver='lbfgs', tol=0.0001, verbose=0,
                   warm_start=False), feature_name=None, fit_kwargs=None, groups=None, label=False, save=False, scale=1, system=True)
2020-11-15 15:59:04,723:INFO:Checking exceptions
2020-11-15 15:59:04,723:INFO:Preparing display monitor
2020-11-15 15:59:04,738:INFO:Preloading libraries
2020-11-15 15:59:04,738:INFO:Copying training dataset
2020-11-15 15:59:04,738:INFO:Copying test dataset
2020-11-15 15:59:04,738:INFO:Plot type: confusion_matrix
2020-11-15 15:59:04,754:INFO:Fitting Model
2020-11-15 15:59:04,769:INFO:Scoring test/hold-out set
2020-11-15 15:59:04,907:INFO:Visual Rendered Successfully
2020-11-15 15:59:04,992:INFO:plot_model() succesfully completed......................................
2020-11-15 15:59:05,008:INFO:Initializing predict_model()
2020-11-15 15:59:05,008:INFO:predict_model(estimator=LogisticRegression(C=5.926, class_weight={}, dual=False, fit_intercept=True,
                   intercept_scaling=1, l1_ratio=None, max_iter=1000,
                   multi_class='auto', n_jobs=None, penalty='l2',
                   random_state=1234, solver='lbfgs', tol=0.0001, verbose=0,
                   warm_start=False), probability_threshold=None, encoded_labels=False, round=4, verbose=True, ml_usecase=MLUsecase.CLASSIFICATION, display=None)
2020-11-15 15:59:05,008:INFO:Checking exceptions
2020-11-15 15:59:05,008:INFO:Preloading libraries
2020-11-15 15:59:05,008:INFO:Preparing display monitor
2020-11-15 15:59:05,155:INFO:Initializing predict_model()
2020-11-15 15:59:05,155:INFO:predict_model(estimator=LogisticRegression(C=5.926, class_weight={}, dual=False, fit_intercept=True,
                   intercept_scaling=1, l1_ratio=None, max_iter=1000,
                   multi_class='auto', n_jobs=None, penalty='l2',
                   random_state=1234, solver='lbfgs', tol=0.0001, verbose=0,
                   warm_start=False), probability_threshold=None, encoded_labels=False, round=4, verbose=True, ml_usecase=MLUsecase.CLASSIFICATION, display=None)
2020-11-15 15:59:05,155:INFO:Checking exceptions
2020-11-15 15:59:05,155:INFO:Preloading libraries
2020-11-15 15:59:05,155:INFO:Preparing display monitor
